Args in experiment:
Namespace(activation='gelu', batch_size=1, c_out=7, checkpoints='./checkpoints/', d_ff=2048, d_layers=1, d_model=256, data='custom', data_path='ai_competition_noout.csv', dec_in=3, des='Exp', devices='0,1,2,3', distil=True, do_predict=False, dropout=0.05, e_layers=2, embed='timeF', embed_type=0, enc_in=1, factor=1, features='S', freq='h', gpu=0, individual=False, is_training=1, itr=1, label_len=30, learning_rate=8e-05, loss='mse', lradj='type1', model='DLinear', model_id='Space_15', moving_avg=25, n_heads=8, num_workers=10, output_attention=False, patience=10, pred_len=30, root_path='./dataset/', seq_len=60, target='OT', test_flop=False, train_epochs=100, use_amp=False, use_gpu=False, use_multi_gpu=False)
Use CPU
>>>>>>>start training : Space_15_DLinear_custom_ftS_sl60_ll30_pl30_dm256_nh8_el2_dl1_df2048_fc1_ebtimeF_dtTrue_Exp_0>>>>>>>>>>>>>>>>>>>>>>>>>>
train 2874
val 395
test 817
	iters: 100, epoch: 1 | loss: 6.7189145
	speed: 0.0073s/iter; left time: 2085.8486s
	iters: 200, epoch: 1 | loss: 17.0674801
	speed: 0.0012s/iter; left time: 358.1624s
	iters: 300, epoch: 1 | loss: 0.5425005
	speed: 0.0014s/iter; left time: 404.4367s
	iters: 400, epoch: 1 | loss: 0.3614226
	speed: 0.0014s/iter; left time: 399.6052s
	iters: 500, epoch: 1 | loss: 0.2207471
	speed: 0.0013s/iter; left time: 372.9025s
	iters: 600, epoch: 1 | loss: 0.3878846
	speed: 0.0012s/iter; left time: 353.2470s
	iters: 700, epoch: 1 | loss: 0.2273553
	speed: 0.0016s/iter; left time: 471.9157s
	iters: 800, epoch: 1 | loss: 0.1665638
	speed: 0.0013s/iter; left time: 362.9545s
	iters: 900, epoch: 1 | loss: 0.2122314
	speed: 0.0012s/iter; left time: 350.7894s
	iters: 1000, epoch: 1 | loss: 0.1402303
	speed: 0.0012s/iter; left time: 351.0418s
	iters: 1100, epoch: 1 | loss: 0.6091465
	speed: 0.0012s/iter; left time: 347.3090s
	iters: 1200, epoch: 1 | loss: 0.1483898
	speed: 0.0012s/iter; left time: 345.4020s
	iters: 1300, epoch: 1 | loss: 0.5931244
	speed: 0.0013s/iter; left time: 359.7319s
	iters: 1400, epoch: 1 | loss: 0.3676945
	speed: 0.0012s/iter; left time: 356.5405s
	iters: 1500, epoch: 1 | loss: 0.7744113
	speed: 0.0012s/iter; left time: 346.0835s
	iters: 1600, epoch: 1 | loss: 0.1040573
	speed: 0.0013s/iter; left time: 358.2720s
	iters: 1700, epoch: 1 | loss: 2.6973364
	speed: 0.0013s/iter; left time: 357.6119s
	iters: 1800, epoch: 1 | loss: 0.1883899
	speed: 0.0012s/iter; left time: 350.7721s
	iters: 1900, epoch: 1 | loss: 0.1051326
	speed: 0.0013s/iter; left time: 359.7746s
	iters: 2000, epoch: 1 | loss: 0.5377075
	speed: 0.0012s/iter; left time: 345.0931s
	iters: 2100, epoch: 1 | loss: 0.1965757
	speed: 0.0012s/iter; left time: 345.1314s
	iters: 2200, epoch: 1 | loss: 0.2728159
	speed: 0.0012s/iter; left time: 355.8934s
	iters: 2300, epoch: 1 | loss: 0.0200988
	speed: 0.0012s/iter; left time: 356.2994s
	iters: 2400, epoch: 1 | loss: 0.0602706
	speed: 0.0012s/iter; left time: 346.2301s
	iters: 2500, epoch: 1 | loss: 0.0543063
	speed: 0.0012s/iter; left time: 346.1806s
	iters: 2600, epoch: 1 | loss: 0.1227822
	speed: 0.0015s/iter; left time: 422.4031s
	iters: 2700, epoch: 1 | loss: 0.0471395
	speed: 0.0013s/iter; left time: 358.9715s
	iters: 2800, epoch: 1 | loss: 0.0353019
	speed: 0.0012s/iter; left time: 352.7752s
Epoch: 1 cost time: 4.269294023513794
Epoch: 1, Steps: 2874 | Train Loss: 1.0990292 Vali Loss: 0.0928119 Test Loss: 0.8550431
Validation loss decreased (inf --> 0.092812).  Saving model ...
Updating learning rate to 8e-05
	iters: 100, epoch: 2 | loss: 0.1312293
	speed: 0.0139s/iter; left time: 3961.3714s
	iters: 200, epoch: 2 | loss: 0.1409743
	speed: 0.0012s/iter; left time: 347.5927s
	iters: 300, epoch: 2 | loss: 0.2975904
	speed: 0.0012s/iter; left time: 353.2522s
	iters: 400, epoch: 2 | loss: 0.4981568
	speed: 0.0013s/iter; left time: 382.1739s
	iters: 500, epoch: 2 | loss: 0.0137026
	speed: 0.0012s/iter; left time: 352.2621s
	iters: 600, epoch: 2 | loss: 0.7368414
	speed: 0.0012s/iter; left time: 352.8448s
	iters: 700, epoch: 2 | loss: 0.0477276
	speed: 0.0013s/iter; left time: 370.3545s
	iters: 800, epoch: 2 | loss: 0.1161133
	speed: 0.0013s/iter; left time: 369.7309s
	iters: 900, epoch: 2 | loss: 0.1840074
	speed: 0.0015s/iter; left time: 427.4769s
	iters: 1000, epoch: 2 | loss: 0.0956349
	speed: 0.0012s/iter; left time: 347.8761s
	iters: 1100, epoch: 2 | loss: 0.3169785
	speed: 0.0012s/iter; left time: 341.8893s
	iters: 1200, epoch: 2 | loss: 0.8668298
	speed: 0.0012s/iter; left time: 349.7072s
	iters: 1300, epoch: 2 | loss: 0.1408275
	speed: 0.0012s/iter; left time: 344.9426s
	iters: 1400, epoch: 2 | loss: 0.4361250
	speed: 0.0012s/iter; left time: 342.3111s
	iters: 1500, epoch: 2 | loss: 0.0277031
	speed: 0.0012s/iter; left time: 347.5150s
	iters: 1600, epoch: 2 | loss: 0.0170808
	speed: 0.0013s/iter; left time: 360.9473s
	iters: 1700, epoch: 2 | loss: 0.0497107
	speed: 0.0014s/iter; left time: 403.0067s
	iters: 1800, epoch: 2 | loss: 0.4334314
	speed: 0.0013s/iter; left time: 359.3042s
	iters: 1900, epoch: 2 | loss: 0.0094328
	speed: 0.0012s/iter; left time: 347.7024s
	iters: 2000, epoch: 2 | loss: 0.0592670
	speed: 0.0012s/iter; left time: 345.5188s
	iters: 2100, epoch: 2 | loss: 0.0192406
	speed: 0.0012s/iter; left time: 348.7269s
	iters: 2200, epoch: 2 | loss: 0.1057887
	speed: 0.0012s/iter; left time: 346.6447s
	iters: 2300, epoch: 2 | loss: 0.0325933
	speed: 0.0012s/iter; left time: 349.5129s
	iters: 2400, epoch: 2 | loss: 0.0290288
	speed: 0.0012s/iter; left time: 349.7442s
	iters: 2500, epoch: 2 | loss: 0.0087614
	speed: 0.0012s/iter; left time: 350.3679s
	iters: 2600, epoch: 2 | loss: 0.0808937
	speed: 0.0012s/iter; left time: 343.7284s
	iters: 2700, epoch: 2 | loss: 0.4824672
	speed: 0.0012s/iter; left time: 351.9169s
	iters: 2800, epoch: 2 | loss: 0.0397203
	speed: 0.0012s/iter; left time: 341.8335s
Epoch: 2 cost time: 3.708754062652588
Epoch: 2, Steps: 2874 | Train Loss: 0.2686454 Vali Loss: 0.0432738 Test Loss: 0.8347607
Validation loss decreased (0.092812 --> 0.043274).  Saving model ...
Updating learning rate to 4e-05
	iters: 100, epoch: 3 | loss: 0.0138017
	speed: 0.0139s/iter; left time: 3922.9170s
	iters: 200, epoch: 3 | loss: 0.2185701
	speed: 0.0012s/iter; left time: 339.5900s
	iters: 300, epoch: 3 | loss: 0.0614552
	speed: 0.0012s/iter; left time: 342.2296s
	iters: 400, epoch: 3 | loss: 0.0154048
	speed: 0.0012s/iter; left time: 339.9193s
	iters: 500, epoch: 3 | loss: 0.8085327
	speed: 0.0012s/iter; left time: 338.5563s
	iters: 600, epoch: 3 | loss: 0.1595729
	speed: 0.0012s/iter; left time: 341.0881s
	iters: 700, epoch: 3 | loss: 0.3234392
	speed: 0.0013s/iter; left time: 354.6604s
	iters: 800, epoch: 3 | loss: 0.1001639
	speed: 0.0012s/iter; left time: 340.4751s
	iters: 900, epoch: 3 | loss: 0.0448645
	speed: 0.0012s/iter; left time: 347.9425s
	iters: 1000, epoch: 3 | loss: 0.2008461
	speed: 0.0012s/iter; left time: 350.3365s
	iters: 1100, epoch: 3 | loss: 0.3284723
	speed: 0.0012s/iter; left time: 347.8351s
	iters: 1200, epoch: 3 | loss: 0.0934245
	speed: 0.0012s/iter; left time: 340.5351s
	iters: 1300, epoch: 3 | loss: 0.0118602
	speed: 0.0012s/iter; left time: 336.8945s
	iters: 1400, epoch: 3 | loss: 0.1170057
	speed: 0.0012s/iter; left time: 334.6669s
	iters: 1500, epoch: 3 | loss: 0.1669226
	speed: 0.0012s/iter; left time: 346.5937s
	iters: 1600, epoch: 3 | loss: 0.0679041
	speed: 0.0012s/iter; left time: 349.3211s
	iters: 1700, epoch: 3 | loss: 0.1136167
	speed: 0.0012s/iter; left time: 347.0632s
	iters: 1800, epoch: 3 | loss: 0.5125457
	speed: 0.0012s/iter; left time: 343.2588s
	iters: 1900, epoch: 3 | loss: 0.1820410
	speed: 0.0012s/iter; left time: 344.8790s
	iters: 2000, epoch: 3 | loss: 0.2962021
	speed: 0.0012s/iter; left time: 346.4426s
	iters: 2100, epoch: 3 | loss: 0.7693370
	speed: 0.0012s/iter; left time: 338.2679s
	iters: 2200, epoch: 3 | loss: 0.3033610
	speed: 0.0012s/iter; left time: 342.8608s
	iters: 2300, epoch: 3 | loss: 0.0053803
	speed: 0.0012s/iter; left time: 339.0563s
	iters: 2400, epoch: 3 | loss: 0.2969242
	speed: 0.0012s/iter; left time: 338.9049s
	iters: 2500, epoch: 3 | loss: 0.1890596
	speed: 0.0012s/iter; left time: 338.9952s
	iters: 2600, epoch: 3 | loss: 0.0512258
	speed: 0.0012s/iter; left time: 339.2723s
	iters: 2700, epoch: 3 | loss: 0.1219954
	speed: 0.0012s/iter; left time: 336.1858s
	iters: 2800, epoch: 3 | loss: 0.1433561
	speed: 0.0012s/iter; left time: 335.3599s
Epoch: 3 cost time: 3.6005237102508545
Epoch: 3, Steps: 2874 | Train Loss: 0.2564526 Vali Loss: 0.0518313 Test Loss: 0.8070348
EarlyStopping counter: 1 out of 10
Updating learning rate to 2e-05
	iters: 100, epoch: 4 | loss: 0.2781869
	speed: 0.0135s/iter; left time: 3759.2235s
	iters: 200, epoch: 4 | loss: 0.0561299
	speed: 0.0012s/iter; left time: 346.4769s
	iters: 300, epoch: 4 | loss: 0.3760472
	speed: 0.0012s/iter; left time: 342.9113s
	iters: 400, epoch: 4 | loss: 0.3194798
	speed: 0.0012s/iter; left time: 342.5260s
	iters: 500, epoch: 4 | loss: 0.0794396
	speed: 0.0012s/iter; left time: 346.2432s
	iters: 600, epoch: 4 | loss: 0.0076420
	speed: 0.0012s/iter; left time: 339.0480s
	iters: 700, epoch: 4 | loss: 0.3645054
	speed: 0.0012s/iter; left time: 333.5911s
	iters: 800, epoch: 4 | loss: 0.0684458
	speed: 0.0012s/iter; left time: 332.9687s
	iters: 900, epoch: 4 | loss: 0.0584108
	speed: 0.0012s/iter; left time: 338.1656s
	iters: 1000, epoch: 4 | loss: 0.1871600
	speed: 0.0012s/iter; left time: 340.2122s
	iters: 1100, epoch: 4 | loss: 0.5040757
	speed: 0.0012s/iter; left time: 338.2076s
	iters: 1200, epoch: 4 | loss: 0.1706294
	speed: 0.0012s/iter; left time: 334.3413s
	iters: 1300, epoch: 4 | loss: 1.2890477
	speed: 0.0012s/iter; left time: 342.4672s
	iters: 1400, epoch: 4 | loss: 0.0188867
	speed: 0.0012s/iter; left time: 344.2907s
	iters: 1500, epoch: 4 | loss: 0.0103980
	speed: 0.0012s/iter; left time: 335.0146s
	iters: 1600, epoch: 4 | loss: 0.1361401
	speed: 0.0012s/iter; left time: 339.4199s
	iters: 1700, epoch: 4 | loss: 0.2123812
	speed: 0.0012s/iter; left time: 334.6415s
	iters: 1800, epoch: 4 | loss: 0.0357057
	speed: 0.0012s/iter; left time: 336.7118s
	iters: 1900, epoch: 4 | loss: 0.0134101
	speed: 0.0012s/iter; left time: 333.8243s
	iters: 2000, epoch: 4 | loss: 0.0387079
	speed: 0.0012s/iter; left time: 342.2341s
	iters: 2100, epoch: 4 | loss: 0.0121018
	speed: 0.0012s/iter; left time: 342.6145s
	iters: 2200, epoch: 4 | loss: 0.0140922
	speed: 0.0012s/iter; left time: 334.8704s
	iters: 2300, epoch: 4 | loss: 0.3001061
	speed: 0.0012s/iter; left time: 344.6864s
	iters: 2400, epoch: 4 | loss: 0.0167356
	speed: 0.0012s/iter; left time: 333.2293s
	iters: 2500, epoch: 4 | loss: 0.5707213
	speed: 0.0012s/iter; left time: 335.1712s
	iters: 2600, epoch: 4 | loss: 0.0316011
	speed: 0.0014s/iter; left time: 374.3442s
	iters: 2700, epoch: 4 | loss: 1.6284544
	speed: 0.0012s/iter; left time: 344.1075s
	iters: 2800, epoch: 4 | loss: 0.1046730
	speed: 0.0012s/iter; left time: 342.1477s
Epoch: 4 cost time: 3.6232829093933105
Epoch: 4, Steps: 2874 | Train Loss: 0.2526294 Vali Loss: 0.0606808 Test Loss: 0.7835422
EarlyStopping counter: 2 out of 10
Updating learning rate to 1e-05
	iters: 100, epoch: 5 | loss: 0.1014664
	speed: 0.0140s/iter; left time: 3850.8228s
	iters: 200, epoch: 5 | loss: 0.7690637
	speed: 0.0012s/iter; left time: 343.2384s
	iters: 300, epoch: 5 | loss: 0.0121356
	speed: 0.0014s/iter; left time: 388.5394s
	iters: 400, epoch: 5 | loss: 0.0348436
	speed: 0.0013s/iter; left time: 352.9657s
	iters: 500, epoch: 5 | loss: 0.0282307
	speed: 0.0012s/iter; left time: 339.3684s
	iters: 600, epoch: 5 | loss: 0.1292309
	speed: 0.0012s/iter; left time: 337.8103s
	iters: 700, epoch: 5 | loss: 0.0343451
	speed: 0.0019s/iter; left time: 527.0253s
	iters: 800, epoch: 5 | loss: 0.1713516
	speed: 0.0015s/iter; left time: 426.1811s
	iters: 900, epoch: 5 | loss: 0.1286172
	speed: 0.0013s/iter; left time: 356.1699s
	iters: 1000, epoch: 5 | loss: 0.1147229
	speed: 0.0012s/iter; left time: 338.8729s
	iters: 1100, epoch: 5 | loss: 0.0165806
	speed: 0.0012s/iter; left time: 336.8063s
	iters: 1200, epoch: 5 | loss: 0.0395245
	speed: 0.0015s/iter; left time: 407.1457s
	iters: 1300, epoch: 5 | loss: 0.0809672
	speed: 0.0013s/iter; left time: 349.0668s
	iters: 1400, epoch: 5 | loss: 0.2658909
	speed: 0.0012s/iter; left time: 341.0814s
	iters: 1500, epoch: 5 | loss: 0.0404854
	speed: 0.0013s/iter; left time: 343.2398s
	iters: 1600, epoch: 5 | loss: 0.4543802
	speed: 0.0013s/iter; left time: 351.9031s
	iters: 1700, epoch: 5 | loss: 0.4994961
	speed: 0.0013s/iter; left time: 357.5468s
	iters: 1800, epoch: 5 | loss: 0.0968408
	speed: 0.0014s/iter; left time: 394.7689s
	iters: 1900, epoch: 5 | loss: 0.0765861
	speed: 0.0012s/iter; left time: 336.6614s
	iters: 2000, epoch: 5 | loss: 0.2054421
	speed: 0.0013s/iter; left time: 356.0598s
	iters: 2100, epoch: 5 | loss: 0.1167403
	speed: 0.0014s/iter; left time: 372.6892s
	iters: 2200, epoch: 5 | loss: 0.5201424
	speed: 0.0012s/iter; left time: 338.3216s
	iters: 2300, epoch: 5 | loss: 0.0345334
	speed: 0.0013s/iter; left time: 345.3116s
	iters: 2400, epoch: 5 | loss: 0.4291309
	speed: 0.0013s/iter; left time: 346.2900s
	iters: 2500, epoch: 5 | loss: 0.0398905
	speed: 0.0012s/iter; left time: 334.2235s
	iters: 2600, epoch: 5 | loss: 0.0106736
	speed: 0.0012s/iter; left time: 335.4325s
	iters: 2700, epoch: 5 | loss: 0.0696303
	speed: 0.0012s/iter; left time: 333.5993s
	iters: 2800, epoch: 5 | loss: 0.0808692
	speed: 0.0012s/iter; left time: 333.2707s
Epoch: 5 cost time: 3.868084192276001
Epoch: 5, Steps: 2874 | Train Loss: 0.2509576 Vali Loss: 0.0517391 Test Loss: 0.7959521
EarlyStopping counter: 3 out of 10
Updating learning rate to 5e-06
	iters: 100, epoch: 6 | loss: 0.0062420
	speed: 0.0136s/iter; left time: 3723.2482s
	iters: 200, epoch: 6 | loss: 0.0132310
	speed: 0.0012s/iter; left time: 333.2096s
	iters: 300, epoch: 6 | loss: 0.2466244
	speed: 0.0012s/iter; left time: 330.4891s
	iters: 400, epoch: 6 | loss: 0.1354675
	speed: 0.0012s/iter; left time: 328.1962s
	iters: 500, epoch: 6 | loss: 0.1071106
	speed: 0.0012s/iter; left time: 329.7081s
	iters: 600, epoch: 6 | loss: 0.1245740
	speed: 0.0012s/iter; left time: 331.2570s
	iters: 700, epoch: 6 | loss: 0.0012888
	speed: 0.0012s/iter; left time: 331.9717s
	iters: 800, epoch: 6 | loss: 0.1376434
	speed: 0.0012s/iter; left time: 329.2114s
	iters: 900, epoch: 6 | loss: 0.0162384
	speed: 0.0012s/iter; left time: 326.0249s
	iters: 1000, epoch: 6 | loss: 0.1228751
	speed: 0.0012s/iter; left time: 328.8152s
	iters: 1100, epoch: 6 | loss: 2.3243668
	speed: 0.0012s/iter; left time: 329.4088s
	iters: 1200, epoch: 6 | loss: 0.2779174
	speed: 0.0012s/iter; left time: 330.8107s
	iters: 1300, epoch: 6 | loss: 0.1016817
	speed: 0.0012s/iter; left time: 326.7131s
	iters: 1400, epoch: 6 | loss: 0.0117574
	speed: 0.0012s/iter; left time: 325.3818s
	iters: 1500, epoch: 6 | loss: 0.3014036
	speed: 0.0012s/iter; left time: 326.2933s
	iters: 1600, epoch: 6 | loss: 0.3185636
	speed: 0.0012s/iter; left time: 324.9410s
	iters: 1700, epoch: 6 | loss: 0.2091085
	speed: 0.0012s/iter; left time: 328.8068s
	iters: 1800, epoch: 6 | loss: 1.3757408
	speed: 0.0012s/iter; left time: 328.5802s
	iters: 1900, epoch: 6 | loss: 0.3679399
	speed: 0.0012s/iter; left time: 327.2962s
	iters: 2000, epoch: 6 | loss: 0.0106737
	speed: 0.0012s/iter; left time: 330.7528s
	iters: 2100, epoch: 6 | loss: 0.1342492
	speed: 0.0012s/iter; left time: 328.4222s
	iters: 2200, epoch: 6 | loss: 0.0380825
	speed: 0.0012s/iter; left time: 329.5253s
	iters: 2300, epoch: 6 | loss: 0.0536012
	speed: 0.0012s/iter; left time: 328.4618s
	iters: 2400, epoch: 6 | loss: 0.1269937
	speed: 0.0013s/iter; left time: 338.5752s
	iters: 2500, epoch: 6 | loss: 0.0870075
	speed: 0.0012s/iter; left time: 327.6884s
	iters: 2600, epoch: 6 | loss: 0.0048131
	speed: 0.0012s/iter; left time: 325.2771s
	iters: 2700, epoch: 6 | loss: 0.0505781
	speed: 0.0012s/iter; left time: 323.5506s
	iters: 2800, epoch: 6 | loss: 0.3178957
	speed: 0.0012s/iter; left time: 325.6801s
Epoch: 6 cost time: 3.57336688041687
Epoch: 6, Steps: 2874 | Train Loss: 0.2503262 Vali Loss: 0.0503497 Test Loss: 0.7956470
EarlyStopping counter: 4 out of 10
Updating learning rate to 2.5e-06
	iters: 100, epoch: 7 | loss: 0.0706188
	speed: 0.0135s/iter; left time: 3640.6872s
	iters: 200, epoch: 7 | loss: 0.0081468
	speed: 0.0012s/iter; left time: 332.4279s
	iters: 300, epoch: 7 | loss: 0.1402784
	speed: 0.0012s/iter; left time: 325.2043s
	iters: 400, epoch: 7 | loss: 0.4371491
	speed: 0.0012s/iter; left time: 323.6219s
	iters: 500, epoch: 7 | loss: 0.0018700
	speed: 0.0012s/iter; left time: 323.7398s
	iters: 600, epoch: 7 | loss: 0.0086437
	speed: 0.0012s/iter; left time: 323.3871s
	iters: 700, epoch: 7 | loss: 0.0115934
	speed: 0.0012s/iter; left time: 322.4108s
	iters: 800, epoch: 7 | loss: 0.7616464
	speed: 0.0012s/iter; left time: 322.8999s
	iters: 900, epoch: 7 | loss: 0.4675294
	speed: 0.0012s/iter; left time: 322.0424s
	iters: 1000, epoch: 7 | loss: 0.0563255
	speed: 0.0012s/iter; left time: 320.9481s
	iters: 1100, epoch: 7 | loss: 0.2297921
	speed: 0.0012s/iter; left time: 321.4337s
	iters: 1200, epoch: 7 | loss: 0.4147354
	speed: 0.0012s/iter; left time: 321.4521s
	iters: 1300, epoch: 7 | loss: 0.1571053
	speed: 0.0012s/iter; left time: 322.2416s
	iters: 1400, epoch: 7 | loss: 0.3799327
	speed: 0.0012s/iter; left time: 321.5508s
	iters: 1500, epoch: 7 | loss: 0.1548721
	speed: 0.0012s/iter; left time: 321.5311s
	iters: 1600, epoch: 7 | loss: 0.0134194
	speed: 0.0012s/iter; left time: 322.7054s
	iters: 1700, epoch: 7 | loss: 0.4243249
	speed: 0.0012s/iter; left time: 320.3099s
	iters: 1800, epoch: 7 | loss: 0.0070498
	speed: 0.0012s/iter; left time: 320.4510s
	iters: 1900, epoch: 7 | loss: 0.0264247
	speed: 0.0012s/iter; left time: 321.0018s
	iters: 2000, epoch: 7 | loss: 0.2397618
	speed: 0.0012s/iter; left time: 319.7697s
	iters: 2100, epoch: 7 | loss: 0.0089771
	speed: 0.0012s/iter; left time: 322.3622s
	iters: 2200, epoch: 7 | loss: 0.2425658
	speed: 0.0012s/iter; left time: 322.2777s
	iters: 2300, epoch: 7 | loss: 0.0484655
	speed: 0.0012s/iter; left time: 320.4995s
	iters: 2400, epoch: 7 | loss: 0.0052766
	speed: 0.0012s/iter; left time: 321.1932s
	iters: 2500, epoch: 7 | loss: 0.3913264
	speed: 0.0012s/iter; left time: 321.1026s
	iters: 2600, epoch: 7 | loss: 0.0528622
	speed: 0.0012s/iter; left time: 320.4206s
	iters: 2700, epoch: 7 | loss: 0.0143103
	speed: 0.0012s/iter; left time: 329.0369s
	iters: 2800, epoch: 7 | loss: 0.1872774
	speed: 0.0012s/iter; left time: 320.8466s
Epoch: 7 cost time: 3.5414600372314453
Epoch: 7, Steps: 2874 | Train Loss: 0.2496546 Vali Loss: 0.0502138 Test Loss: 0.7957962
EarlyStopping counter: 5 out of 10
Updating learning rate to 1.25e-06
	iters: 100, epoch: 8 | loss: 0.1249876
	speed: 0.0140s/iter; left time: 3751.6450s
	iters: 200, epoch: 8 | loss: 0.3915047
	speed: 0.0012s/iter; left time: 321.2927s
	iters: 300, epoch: 8 | loss: 1.7366807
	speed: 0.0012s/iter; left time: 321.9681s
	iters: 400, epoch: 8 | loss: 0.3376572
	speed: 0.0012s/iter; left time: 319.5734s
	iters: 500, epoch: 8 | loss: 0.0139467
	speed: 0.0012s/iter; left time: 320.3562s
	iters: 600, epoch: 8 | loss: 0.2168697
	speed: 0.0012s/iter; left time: 318.9206s
	iters: 700, epoch: 8 | loss: 0.0440856
	speed: 0.0012s/iter; left time: 318.8519s
	iters: 800, epoch: 8 | loss: 0.0159710
	speed: 0.0012s/iter; left time: 320.0379s
	iters: 900, epoch: 8 | loss: 0.2968149
	speed: 0.0012s/iter; left time: 318.6660s
	iters: 1000, epoch: 8 | loss: 0.1754317
	speed: 0.0012s/iter; left time: 316.4291s
	iters: 1100, epoch: 8 | loss: 0.6917285
	speed: 0.0012s/iter; left time: 319.3368s
	iters: 1200, epoch: 8 | loss: 0.0899684
	speed: 0.0012s/iter; left time: 319.0468s
	iters: 1300, epoch: 8 | loss: 0.0804733
	speed: 0.0012s/iter; left time: 318.1133s
	iters: 1400, epoch: 8 | loss: 0.0299221
	speed: 0.0012s/iter; left time: 319.3255s
	iters: 1500, epoch: 8 | loss: 0.1498090
	speed: 0.0012s/iter; left time: 319.5350s
	iters: 1600, epoch: 8 | loss: 0.1051158
	speed: 0.0012s/iter; left time: 318.4367s
	iters: 1700, epoch: 8 | loss: 0.3632999
	speed: 0.0012s/iter; left time: 317.5386s
	iters: 1800, epoch: 8 | loss: 0.0071276
	speed: 0.0012s/iter; left time: 317.3134s
	iters: 1900, epoch: 8 | loss: 0.7109528
	speed: 0.0012s/iter; left time: 316.5143s
	iters: 2000, epoch: 8 | loss: 0.7689889
	speed: 0.0012s/iter; left time: 317.7397s
	iters: 2100, epoch: 8 | loss: 0.1866385
	speed: 0.0012s/iter; left time: 316.2574s
	iters: 2200, epoch: 8 | loss: 0.0676636
	speed: 0.0012s/iter; left time: 318.7547s
	iters: 2300, epoch: 8 | loss: 0.7146504
	speed: 0.0012s/iter; left time: 316.3234s
	iters: 2400, epoch: 8 | loss: 0.0325184
	speed: 0.0012s/iter; left time: 317.7033s
	iters: 2500, epoch: 8 | loss: 0.0221834
	speed: 0.0012s/iter; left time: 316.6036s
	iters: 2600, epoch: 8 | loss: 0.3819257
	speed: 0.0012s/iter; left time: 319.6866s
	iters: 2700, epoch: 8 | loss: 0.1035409
	speed: 0.0012s/iter; left time: 321.6009s
	iters: 2800, epoch: 8 | loss: 0.0615257
	speed: 0.0012s/iter; left time: 323.7349s
Epoch: 8 cost time: 3.6013360023498535
Epoch: 8, Steps: 2874 | Train Loss: 0.2495622 Vali Loss: 0.0492154 Test Loss: 0.7973933
EarlyStopping counter: 6 out of 10
Updating learning rate to 6.25e-07
	iters: 100, epoch: 9 | loss: 0.3217513
	speed: 0.0136s/iter; left time: 3588.3144s
	iters: 200, epoch: 9 | loss: 0.1535327
	speed: 0.0012s/iter; left time: 317.4599s
	iters: 300, epoch: 9 | loss: 0.1511147
	speed: 0.0012s/iter; left time: 318.1193s
	iters: 400, epoch: 9 | loss: 0.0062221
	speed: 0.0012s/iter; left time: 317.9410s
	iters: 500, epoch: 9 | loss: 0.1705795
	speed: 0.0012s/iter; left time: 321.6254s
	iters: 600, epoch: 9 | loss: 0.2962045
	speed: 0.0012s/iter; left time: 319.8424s
	iters: 700, epoch: 9 | loss: 0.2202021
	speed: 0.0012s/iter; left time: 319.2754s
	iters: 800, epoch: 9 | loss: 0.5228916
	speed: 0.0012s/iter; left time: 322.0133s
	iters: 900, epoch: 9 | loss: 0.0288509
	speed: 0.0012s/iter; left time: 322.6966s
	iters: 1000, epoch: 9 | loss: 0.2618141
	speed: 0.0012s/iter; left time: 320.6662s
	iters: 1100, epoch: 9 | loss: 0.0862781
	speed: 0.0012s/iter; left time: 320.3706s
	iters: 1200, epoch: 9 | loss: 0.0759002
	speed: 0.0012s/iter; left time: 321.6044s
	iters: 1300, epoch: 9 | loss: 0.0086219
	speed: 0.0012s/iter; left time: 319.9140s
	iters: 1400, epoch: 9 | loss: 0.1280197
	speed: 0.0012s/iter; left time: 319.9560s
	iters: 1500, epoch: 9 | loss: 0.0154797
	speed: 0.0012s/iter; left time: 319.5373s
	iters: 1600, epoch: 9 | loss: 0.2297753
	speed: 0.0012s/iter; left time: 320.8813s
	iters: 1700, epoch: 9 | loss: 0.3607561
	speed: 0.0012s/iter; left time: 320.0846s
	iters: 1800, epoch: 9 | loss: 0.0420892
	speed: 0.0012s/iter; left time: 319.1169s
	iters: 1900, epoch: 9 | loss: 0.0485042
	speed: 0.0012s/iter; left time: 320.5520s
	iters: 2000, epoch: 9 | loss: 0.6572244
	speed: 0.0012s/iter; left time: 319.5095s
	iters: 2100, epoch: 9 | loss: 0.0684818
	speed: 0.0012s/iter; left time: 318.5379s
	iters: 2200, epoch: 9 | loss: 0.0040663
	speed: 0.0012s/iter; left time: 316.4597s
	iters: 2300, epoch: 9 | loss: 1.3816876
	speed: 0.0012s/iter; left time: 314.3918s
	iters: 2400, epoch: 9 | loss: 1.9398143
	speed: 0.0012s/iter; left time: 313.2342s
	iters: 2500, epoch: 9 | loss: 0.0226511
	speed: 0.0012s/iter; left time: 312.3816s
	iters: 2600, epoch: 9 | loss: 0.0308075
	speed: 0.0012s/iter; left time: 316.4014s
	iters: 2700, epoch: 9 | loss: 1.3032681
	speed: 0.0012s/iter; left time: 318.1562s
	iters: 2800, epoch: 9 | loss: 0.0228943
	speed: 0.0012s/iter; left time: 318.1151s
Epoch: 9 cost time: 3.576490879058838
Epoch: 9, Steps: 2874 | Train Loss: 0.2494225 Vali Loss: 0.0494861 Test Loss: 0.7967747
EarlyStopping counter: 7 out of 10
Updating learning rate to 3.125e-07
	iters: 100, epoch: 10 | loss: 0.1108176
	speed: 0.0137s/iter; left time: 3589.0217s
	iters: 200, epoch: 10 | loss: 0.4664122
	speed: 0.0012s/iter; left time: 316.8373s
	iters: 300, epoch: 10 | loss: 0.0276172
	speed: 0.0012s/iter; left time: 319.7599s
	iters: 400, epoch: 10 | loss: 0.5710624
	speed: 0.0012s/iter; left time: 316.6814s
	iters: 500, epoch: 10 | loss: 0.8549528
	speed: 0.0012s/iter; left time: 313.4272s
	iters: 600, epoch: 10 | loss: 0.8265380
	speed: 0.0012s/iter; left time: 314.3249s
	iters: 700, epoch: 10 | loss: 0.0068733
	speed: 0.0012s/iter; left time: 313.7349s
	iters: 800, epoch: 10 | loss: 0.0262726
	speed: 0.0012s/iter; left time: 313.7999s
	iters: 900, epoch: 10 | loss: 0.5162154
	speed: 0.0012s/iter; left time: 313.1582s
	iters: 1000, epoch: 10 | loss: 0.4581929
	speed: 0.0012s/iter; left time: 312.0640s
	iters: 1100, epoch: 10 | loss: 0.0556035
	speed: 0.0012s/iter; left time: 312.3634s
	iters: 1200, epoch: 10 | loss: 0.0720065
	speed: 0.0012s/iter; left time: 313.0969s
	iters: 1300, epoch: 10 | loss: 0.1531602
	speed: 0.0012s/iter; left time: 314.2671s
	iters: 1400, epoch: 10 | loss: 0.0089262
	speed: 0.0012s/iter; left time: 312.1077s
	iters: 1500, epoch: 10 | loss: 0.0343081
	speed: 0.0012s/iter; left time: 311.9692s
	iters: 1600, epoch: 10 | loss: 0.0068903
	speed: 0.0012s/iter; left time: 315.7269s
	iters: 1700, epoch: 10 | loss: 0.0084902
	speed: 0.0012s/iter; left time: 315.4369s
	iters: 1800, epoch: 10 | loss: 0.2787596
	speed: 0.0012s/iter; left time: 315.3236s
	iters: 1900, epoch: 10 | loss: 0.5398412
	speed: 0.0012s/iter; left time: 314.9843s
	iters: 2000, epoch: 10 | loss: 0.0111176
	speed: 0.0012s/iter; left time: 315.7558s
	iters: 2100, epoch: 10 | loss: 0.9331535
	speed: 0.0012s/iter; left time: 315.2736s
	iters: 2200, epoch: 10 | loss: 0.1921665
	speed: 0.0012s/iter; left time: 315.5719s
	iters: 2300, epoch: 10 | loss: 0.1847205
	speed: 0.0012s/iter; left time: 314.8797s
	iters: 2400, epoch: 10 | loss: 0.1748216
	speed: 0.0012s/iter; left time: 315.3829s
	iters: 2500, epoch: 10 | loss: 0.0753993
	speed: 0.0012s/iter; left time: 315.1574s
	iters: 2600, epoch: 10 | loss: 0.1136166
	speed: 0.0012s/iter; left time: 315.6136s
	iters: 2700, epoch: 10 | loss: 0.0332529
	speed: 0.0012s/iter; left time: 314.6919s
	iters: 2800, epoch: 10 | loss: 0.0448809
	speed: 0.0012s/iter; left time: 315.2427s
Epoch: 10 cost time: 3.5794029235839844
Epoch: 10, Steps: 2874 | Train Loss: 0.2493497 Vali Loss: 0.0495593 Test Loss: 0.7966027
EarlyStopping counter: 8 out of 10
Updating learning rate to 1.5625e-07
	iters: 100, epoch: 11 | loss: 0.4033886
	speed: 0.0135s/iter; left time: 3501.3224s
	iters: 200, epoch: 11 | loss: 1.2963452
	speed: 0.0012s/iter; left time: 313.5624s
	iters: 300, epoch: 11 | loss: 0.3241299
	speed: 0.0012s/iter; left time: 311.5858s
	iters: 400, epoch: 11 | loss: 0.0125845
	speed: 0.0012s/iter; left time: 311.2331s
	iters: 500, epoch: 11 | loss: 0.0392346
	speed: 0.0012s/iter; left time: 316.8694s
	iters: 600, epoch: 11 | loss: 0.4589020
	speed: 0.0012s/iter; left time: 312.5942s
	iters: 700, epoch: 11 | loss: 0.1608473
	speed: 0.0012s/iter; left time: 314.6429s
	iters: 800, epoch: 11 | loss: 0.0066259
	speed: 0.0012s/iter; left time: 319.6212s
	iters: 900, epoch: 11 | loss: 0.0341326
	speed: 0.0012s/iter; left time: 310.2624s
	iters: 1000, epoch: 11 | loss: 0.0193783
	speed: 0.0012s/iter; left time: 309.3115s
	iters: 1100, epoch: 11 | loss: 0.8609437
	speed: 0.0012s/iter; left time: 308.2181s
	iters: 1200, epoch: 11 | loss: 0.0950238
	speed: 0.0012s/iter; left time: 310.3175s
	iters: 1300, epoch: 11 | loss: 0.0095414
	speed: 0.0012s/iter; left time: 312.2193s
	iters: 1400, epoch: 11 | loss: 0.2926331
	speed: 0.0012s/iter; left time: 312.6642s
	iters: 1500, epoch: 11 | loss: 0.0320398
	speed: 0.0012s/iter; left time: 315.9841s
	iters: 1600, epoch: 11 | loss: 0.1155684
	speed: 0.0015s/iter; left time: 383.5815s
	iters: 1700, epoch: 11 | loss: 0.0615238
	speed: 0.0013s/iter; left time: 338.2707s
	iters: 1800, epoch: 11 | loss: 0.3179604
	speed: 0.0013s/iter; left time: 331.3922s
	iters: 1900, epoch: 11 | loss: 0.0893888
	speed: 0.0013s/iter; left time: 334.9858s
	iters: 2000, epoch: 11 | loss: 0.2701756
	speed: 0.0017s/iter; left time: 435.5125s
	iters: 2100, epoch: 11 | loss: 0.1028326
	speed: 0.0013s/iter; left time: 337.4316s
	iters: 2200, epoch: 11 | loss: 0.3311172
	speed: 0.0013s/iter; left time: 325.9466s
	iters: 2300, epoch: 11 | loss: 0.1102939
	speed: 0.0012s/iter; left time: 311.1914s
	iters: 2400, epoch: 11 | loss: 1.0786289
	speed: 0.0012s/iter; left time: 314.3833s
	iters: 2500, epoch: 11 | loss: 0.0549073
	speed: 0.0012s/iter; left time: 315.1651s
	iters: 2600, epoch: 11 | loss: 0.0099731
	speed: 0.0012s/iter; left time: 311.8797s
	iters: 2700, epoch: 11 | loss: 0.0154520
	speed: 0.0012s/iter; left time: 308.7634s
	iters: 2800, epoch: 11 | loss: 0.0277812
	speed: 0.0012s/iter; left time: 309.4254s
Epoch: 11 cost time: 3.7042911052703857
Epoch: 11, Steps: 2874 | Train Loss: 0.2493119 Vali Loss: 0.0495542 Test Loss: 0.7965993
EarlyStopping counter: 9 out of 10
Updating learning rate to 7.8125e-08
	iters: 100, epoch: 12 | loss: 0.1094860
	speed: 0.0139s/iter; left time: 3556.7288s
	iters: 200, epoch: 12 | loss: 0.0251395
	speed: 0.0012s/iter; left time: 311.3688s
	iters: 300, epoch: 12 | loss: 0.5467472
	speed: 0.0012s/iter; left time: 307.7214s
	iters: 400, epoch: 12 | loss: 0.1782331
	speed: 0.0012s/iter; left time: 307.1771s
	iters: 500, epoch: 12 | loss: 0.0253129
	speed: 0.0012s/iter; left time: 307.0337s
	iters: 600, epoch: 12 | loss: 0.0088261
	speed: 0.0012s/iter; left time: 307.6557s
	iters: 700, epoch: 12 | loss: 0.0116605
	speed: 0.0012s/iter; left time: 305.0635s
	iters: 800, epoch: 12 | loss: 0.3310579
	speed: 0.0012s/iter; left time: 306.3416s
	iters: 900, epoch: 12 | loss: 0.5192645
	speed: 0.0012s/iter; left time: 307.3177s
	iters: 1000, epoch: 12 | loss: 0.1683726
	speed: 0.0012s/iter; left time: 310.6821s
	iters: 1100, epoch: 12 | loss: 0.3570590
	speed: 0.0012s/iter; left time: 305.8312s
	iters: 1200, epoch: 12 | loss: 0.5068434
	speed: 0.0012s/iter; left time: 306.1791s
	iters: 1300, epoch: 12 | loss: 0.0095096
	speed: 0.0012s/iter; left time: 306.1577s
	iters: 1400, epoch: 12 | loss: 0.4319002
	speed: 0.0012s/iter; left time: 306.6864s
	iters: 1500, epoch: 12 | loss: 0.0686222
	speed: 0.0012s/iter; left time: 307.7608s
	iters: 1600, epoch: 12 | loss: 0.6207145
	speed: 0.0012s/iter; left time: 305.1647s
	iters: 1700, epoch: 12 | loss: 0.0103681
	speed: 0.0012s/iter; left time: 305.3978s
	iters: 1800, epoch: 12 | loss: 0.0709152
	speed: 0.0012s/iter; left time: 306.1224s
	iters: 1900, epoch: 12 | loss: 0.0113125
	speed: 0.0012s/iter; left time: 306.0690s
	iters: 2000, epoch: 12 | loss: 1.3556435
	speed: 0.0013s/iter; left time: 328.6739s
	iters: 2100, epoch: 12 | loss: 0.1592841
	speed: 0.0012s/iter; left time: 305.6368s
	iters: 2200, epoch: 12 | loss: 0.2242907
	speed: 0.0012s/iter; left time: 307.5224s
	iters: 2300, epoch: 12 | loss: 0.0635909
	speed: 0.0012s/iter; left time: 305.2822s
	iters: 2400, epoch: 12 | loss: 0.0985552
	speed: 0.0012s/iter; left time: 305.1515s
	iters: 2500, epoch: 12 | loss: 0.3196294
	speed: 0.0012s/iter; left time: 304.0588s
	iters: 2600, epoch: 12 | loss: 0.1073012
	speed: 0.0012s/iter; left time: 306.0926s
	iters: 2700, epoch: 12 | loss: 0.1715536
	speed: 0.0012s/iter; left time: 304.7577s
	iters: 2800, epoch: 12 | loss: 0.3668441
	speed: 0.0012s/iter; left time: 303.0376s
Epoch: 12 cost time: 3.5781137943267822
Epoch: 12, Steps: 2874 | Train Loss: 0.2492950 Vali Loss: 0.0495491 Test Loss: 0.7966034
EarlyStopping counter: 10 out of 10
Early stopping
>>>>>>>testing : Space_15_DLinear_custom_ftS_sl60_ll30_pl30_dm256_nh8_el2_dl1_df2048_fc1_ebtimeF_dtTrue_Exp_0<<<<<<<<<<<<<<<<<<<<<<<<<<<<<<<<<
test 817
mse:0.8347607851028442, mae:0.58823561668396, rse:0.8435772061347961, corr:[0.13372438 0.13929747 0.14289647 0.14422113 0.14325595 0.14269443
 0.14056319 0.13888152 0.13710086 0.13461702 0.13296628 0.1314492
 0.12905112 0.12743768 0.12560765 0.12404215 0.12209538 0.12053215
 0.11934888 0.11783092 0.1161252  0.11461598 0.11217713 0.10871015
 0.10535889 0.10281898 0.10056351 0.09818231 0.09543262 0.09306408]
