Args in experiment:
Namespace(activation='gelu', batch_size=4, c_out=7, checkpoints='./checkpoints/', d_ff=2048, d_layers=1, d_model=1024, data='custom', data_path='ai_competition_noout.csv', dec_in=7, des='Exp', devices='0,1,2,3', distil=True, do_predict=False, dropout=0.05, e_layers=2, embed='timeF', embed_type=0, enc_in=1, factor=1, features='S', freq='h', gpu=0, individual=False, is_training=1, itr=1, label_len=30, learning_rate=0.0025, loss='mse', lradj='type1', model='DLinear', model_id='Space_8', moving_avg=25, n_heads=8, num_workers=10, output_attention=False, patience=7, pred_len=30, root_path='./dataset/', seq_len=60, target='OT', test_flop=False, train_epochs=100, use_amp=False, use_gpu=False, use_multi_gpu=False)
Use CPU
>>>>>>>start training : Space_8_DLinear_custom_ftS_sl60_ll30_pl30_dm1024_nh8_el2_dl1_df2048_fc1_ebtimeF_dtTrue_Exp_0>>>>>>>>>>>>>>>>>>>>>>>>>>
train 2874
val 395
test 817
	iters: 100, epoch: 1 | loss: 0.3019048
	speed: 0.0091s/iter; left time: 655.7839s
	iters: 200, epoch: 1 | loss: 0.1030974
	speed: 0.0025s/iter; left time: 181.8481s
	iters: 300, epoch: 1 | loss: 0.1919828
	speed: 0.0013s/iter; left time: 96.1888s
	iters: 400, epoch: 1 | loss: 0.0986257
	speed: 0.0013s/iter; left time: 95.3783s
	iters: 500, epoch: 1 | loss: 0.6181774
	speed: 0.0016s/iter; left time: 116.6756s
	iters: 600, epoch: 1 | loss: 0.1724968
	speed: 0.0019s/iter; left time: 135.2308s
	iters: 700, epoch: 1 | loss: 0.1013115
	speed: 0.0014s/iter; left time: 96.8368s
Epoch: 1 cost time: 1.9650189876556396
Epoch: 1, Steps: 718 | Train Loss: 0.4793686 Vali Loss: 0.1028058 Test Loss: 0.9699112
Validation loss decreased (inf --> 0.102806).  Saving model ...
Updating learning rate to 0.0025
	iters: 100, epoch: 2 | loss: 0.3279997
	speed: 0.0068s/iter; left time: 479.2461s
	iters: 200, epoch: 2 | loss: 0.1684968
	speed: 0.0018s/iter; left time: 126.8170s
	iters: 300, epoch: 2 | loss: 0.7223665
	speed: 0.0013s/iter; left time: 90.4478s
	iters: 400, epoch: 2 | loss: 0.0962231
	speed: 0.0013s/iter; left time: 89.4989s
	iters: 500, epoch: 2 | loss: 0.1544131
	speed: 0.0014s/iter; left time: 99.4882s
	iters: 600, epoch: 2 | loss: 0.6071087
	speed: 0.0014s/iter; left time: 99.9259s
	iters: 700, epoch: 2 | loss: 0.1258563
	speed: 0.0013s/iter; left time: 88.5748s
Epoch: 2 cost time: 1.0758998394012451
Epoch: 2, Steps: 718 | Train Loss: 0.3617047 Vali Loss: 0.0766262 Test Loss: 0.9075344
Validation loss decreased (0.102806 --> 0.076626).  Saving model ...
Updating learning rate to 0.00125
	iters: 100, epoch: 3 | loss: 0.0672406
	speed: 0.0064s/iter; left time: 452.7568s
	iters: 200, epoch: 3 | loss: 0.8063954
	speed: 0.0013s/iter; left time: 89.1854s
	iters: 300, epoch: 3 | loss: 0.2340816
	speed: 0.0013s/iter; left time: 88.2092s
	iters: 400, epoch: 3 | loss: 0.0665817
	speed: 0.0013s/iter; left time: 87.5845s
	iters: 500, epoch: 3 | loss: 0.9129559
	speed: 0.0013s/iter; left time: 87.6541s
	iters: 600, epoch: 3 | loss: 0.2327643
	speed: 0.0013s/iter; left time: 88.3910s
	iters: 700, epoch: 3 | loss: 0.1039229
	speed: 0.0013s/iter; left time: 88.8913s
Epoch: 3 cost time: 1.0093920230865479
Epoch: 3, Steps: 718 | Train Loss: 0.3024623 Vali Loss: 0.0512969 Test Loss: 0.8576991
Validation loss decreased (0.076626 --> 0.051297).  Saving model ...
Updating learning rate to 0.000625
	iters: 100, epoch: 4 | loss: 0.3291588
	speed: 0.0064s/iter; left time: 442.1429s
	iters: 200, epoch: 4 | loss: 0.1996791
	speed: 0.0013s/iter; left time: 87.8110s
	iters: 300, epoch: 4 | loss: 0.6446406
	speed: 0.0013s/iter; left time: 87.3105s
	iters: 400, epoch: 4 | loss: 0.1043191
	speed: 0.0013s/iter; left time: 88.6360s
	iters: 500, epoch: 4 | loss: 0.2474998
	speed: 0.0013s/iter; left time: 87.3243s
	iters: 600, epoch: 4 | loss: 0.1096782
	speed: 0.0012s/iter; left time: 85.8185s
	iters: 700, epoch: 4 | loss: 0.2682884
	speed: 0.0012s/iter; left time: 85.7156s
Epoch: 4 cost time: 0.992042064666748
Epoch: 4, Steps: 718 | Train Loss: 0.2746255 Vali Loss: 0.1236183 Test Loss: 0.7769033
EarlyStopping counter: 1 out of 7
Updating learning rate to 0.0003125
	iters: 100, epoch: 5 | loss: 0.5218634
	speed: 0.0063s/iter; left time: 433.8284s
	iters: 200, epoch: 5 | loss: 0.2747266
	speed: 0.0012s/iter; left time: 85.6363s
	iters: 300, epoch: 5 | loss: 0.2522302
	speed: 0.0012s/iter; left time: 85.2456s
	iters: 400, epoch: 5 | loss: 0.3273827
	speed: 0.0012s/iter; left time: 85.2735s
	iters: 500, epoch: 5 | loss: 0.3394491
	speed: 0.0013s/iter; left time: 87.0401s
	iters: 600, epoch: 5 | loss: 0.1912244
	speed: 0.0012s/iter; left time: 85.0594s
	iters: 700, epoch: 5 | loss: 0.4580294
	speed: 0.0012s/iter; left time: 84.9383s
Epoch: 5 cost time: 0.9829440116882324
Epoch: 5, Steps: 718 | Train Loss: 0.2599623 Vali Loss: 0.0593952 Test Loss: 0.8197043
EarlyStopping counter: 2 out of 7
Updating learning rate to 0.00015625
	iters: 100, epoch: 6 | loss: 0.3653189
	speed: 0.0063s/iter; left time: 431.7421s
	iters: 200, epoch: 6 | loss: 0.0745030
	speed: 0.0012s/iter; left time: 84.6275s
	iters: 300, epoch: 6 | loss: 0.2876408
	speed: 0.0013s/iter; left time: 86.1839s
	iters: 400, epoch: 6 | loss: 0.3332096
	speed: 0.0012s/iter; left time: 84.3041s
	iters: 500, epoch: 6 | loss: 0.1041999
	speed: 0.0013s/iter; left time: 85.2210s
	iters: 600, epoch: 6 | loss: 0.0434038
	speed: 0.0012s/iter; left time: 83.9099s
	iters: 700, epoch: 6 | loss: 0.4159821
	speed: 0.0012s/iter; left time: 84.0261s
Epoch: 6 cost time: 0.9846670627593994
Epoch: 6, Steps: 718 | Train Loss: 0.2539569 Vali Loss: 0.0821697 Test Loss: 0.7689062
EarlyStopping counter: 3 out of 7
Updating learning rate to 7.8125e-05
	iters: 100, epoch: 7 | loss: 0.1450479
	speed: 0.0063s/iter; left time: 422.2617s
	iters: 200, epoch: 7 | loss: 0.5345134
	speed: 0.0012s/iter; left time: 83.9414s
	iters: 300, epoch: 7 | loss: 0.3010943
	speed: 0.0012s/iter; left time: 83.7212s
	iters: 400, epoch: 7 | loss: 0.5001919
	speed: 0.0012s/iter; left time: 83.0933s
	iters: 500, epoch: 7 | loss: 0.1363796
	speed: 0.0012s/iter; left time: 83.3311s
	iters: 600, epoch: 7 | loss: 0.1196274
	speed: 0.0012s/iter; left time: 82.6589s
	iters: 700, epoch: 7 | loss: 0.1009052
	speed: 0.0012s/iter; left time: 82.8060s
Epoch: 7 cost time: 0.9763040542602539
Epoch: 7, Steps: 718 | Train Loss: 0.2483163 Vali Loss: 0.0488592 Test Loss: 0.8179729
Validation loss decreased (0.051297 --> 0.048859).  Saving model ...
Updating learning rate to 3.90625e-05
	iters: 100, epoch: 8 | loss: 0.3663134
	speed: 0.0063s/iter; left time: 419.8200s
	iters: 200, epoch: 8 | loss: 0.0420120
	speed: 0.0014s/iter; left time: 93.1563s
	iters: 300, epoch: 8 | loss: 0.2051504
	speed: 0.0013s/iter; left time: 89.1769s
	iters: 400, epoch: 8 | loss: 0.1402879
	speed: 0.0013s/iter; left time: 83.1441s
	iters: 500, epoch: 8 | loss: 0.2806219
	speed: 0.0013s/iter; left time: 87.4665s
	iters: 600, epoch: 8 | loss: 0.1323573
	speed: 0.0013s/iter; left time: 86.5869s
	iters: 700, epoch: 8 | loss: 0.0590811
	speed: 0.0013s/iter; left time: 83.4879s
Epoch: 8 cost time: 1.0254006385803223
Epoch: 8, Steps: 718 | Train Loss: 0.2481796 Vali Loss: 0.0522883 Test Loss: 0.8042705
EarlyStopping counter: 1 out of 7
Updating learning rate to 1.953125e-05
	iters: 100, epoch: 9 | loss: 0.0959232
	speed: 0.0063s/iter; left time: 413.3775s
	iters: 200, epoch: 9 | loss: 0.3536245
	speed: 0.0012s/iter; left time: 82.0196s
	iters: 300, epoch: 9 | loss: 0.0663983
	speed: 0.0012s/iter; left time: 81.7189s
	iters: 400, epoch: 9 | loss: 0.2297318
	speed: 0.0013s/iter; left time: 82.7356s
	iters: 500, epoch: 9 | loss: 0.3705187
	speed: 0.0013s/iter; left time: 81.9913s
	iters: 600, epoch: 9 | loss: 0.5589310
	speed: 0.0012s/iter; left time: 81.5595s
	iters: 700, epoch: 9 | loss: 0.4160942
	speed: 0.0012s/iter; left time: 81.1839s
Epoch: 9 cost time: 0.9849979877471924
Epoch: 9, Steps: 718 | Train Loss: 0.2466825 Vali Loss: 0.0488853 Test Loss: 0.8031511
EarlyStopping counter: 2 out of 7
Updating learning rate to 9.765625e-06
	iters: 100, epoch: 10 | loss: 0.2141795
	speed: 0.0062s/iter; left time: 406.3450s
	iters: 200, epoch: 10 | loss: 0.3024085
	speed: 0.0013s/iter; left time: 85.4714s
	iters: 300, epoch: 10 | loss: 0.2842268
	speed: 0.0013s/iter; left time: 81.6897s
	iters: 400, epoch: 10 | loss: 0.1052196
	speed: 0.0013s/iter; left time: 81.6724s
	iters: 500, epoch: 10 | loss: 0.0940352
	speed: 0.0012s/iter; left time: 80.4788s
	iters: 600, epoch: 10 | loss: 0.1367677
	speed: 0.0012s/iter; left time: 80.5411s
	iters: 700, epoch: 10 | loss: 0.6989806
	speed: 0.0012s/iter; left time: 80.4039s
Epoch: 10 cost time: 0.9922330379486084
Epoch: 10, Steps: 718 | Train Loss: 0.2459089 Vali Loss: 0.0523769 Test Loss: 0.7958788
EarlyStopping counter: 3 out of 7
Updating learning rate to 4.8828125e-06
	iters: 100, epoch: 11 | loss: 0.0942037
	speed: 0.0063s/iter; left time: 403.9285s
	iters: 200, epoch: 11 | loss: 0.0693466
	speed: 0.0013s/iter; left time: 84.8856s
	iters: 300, epoch: 11 | loss: 0.0380086
	speed: 0.0012s/iter; left time: 80.3324s
	iters: 400, epoch: 11 | loss: 0.4968086
	speed: 0.0012s/iter; left time: 79.3181s
	iters: 500, epoch: 11 | loss: 0.1320692
	speed: 0.0012s/iter; left time: 79.9190s
	iters: 600, epoch: 11 | loss: 0.6466454
	speed: 0.0012s/iter; left time: 79.4539s
	iters: 700, epoch: 11 | loss: 0.1748367
	speed: 0.0012s/iter; left time: 79.5128s
Epoch: 11 cost time: 0.9863207340240479
Epoch: 11, Steps: 718 | Train Loss: 0.2458108 Vali Loss: 0.0500532 Test Loss: 0.8008206
EarlyStopping counter: 4 out of 7
Updating learning rate to 2.44140625e-06
	iters: 100, epoch: 12 | loss: 0.3241270
	speed: 0.0062s/iter; left time: 398.2195s
	iters: 200, epoch: 12 | loss: 0.2082552
	speed: 0.0012s/iter; left time: 79.5171s
	iters: 300, epoch: 12 | loss: 0.1418128
	speed: 0.0012s/iter; left time: 79.1113s
	iters: 400, epoch: 12 | loss: 0.1866877
	speed: 0.0012s/iter; left time: 78.7220s
	iters: 500, epoch: 12 | loss: 0.3886475
	speed: 0.0013s/iter; left time: 80.9829s
	iters: 600, epoch: 12 | loss: 0.0525863
	speed: 0.0014s/iter; left time: 90.0110s
	iters: 700, epoch: 12 | loss: 0.1771926
	speed: 0.0014s/iter; left time: 86.1469s
Epoch: 12 cost time: 1.0131220817565918
Epoch: 12, Steps: 718 | Train Loss: 0.2455708 Vali Loss: 0.0502827 Test Loss: 0.8004953
EarlyStopping counter: 5 out of 7
Updating learning rate to 1.220703125e-06
	iters: 100, epoch: 13 | loss: 0.1842436
	speed: 0.0068s/iter; left time: 427.7259s
	iters: 200, epoch: 13 | loss: 0.0705392
	speed: 0.0012s/iter; left time: 78.6727s
	iters: 300, epoch: 13 | loss: 0.3529792
	speed: 0.0012s/iter; left time: 78.4659s
	iters: 400, epoch: 13 | loss: 0.1142720
	speed: 0.0012s/iter; left time: 78.3136s
	iters: 500, epoch: 13 | loss: 0.0956663
	speed: 0.0012s/iter; left time: 78.0390s
	iters: 600, epoch: 13 | loss: 0.1022371
	speed: 0.0012s/iter; left time: 78.1186s
	iters: 700, epoch: 13 | loss: 0.4383415
	speed: 0.0012s/iter; left time: 78.0814s
Epoch: 13 cost time: 0.9832487106323242
Epoch: 13, Steps: 718 | Train Loss: 0.2456138 Vali Loss: 0.0496692 Test Loss: 0.8008928
EarlyStopping counter: 6 out of 7
Updating learning rate to 6.103515625e-07
	iters: 100, epoch: 14 | loss: 0.0184185
	speed: 0.0066s/iter; left time: 411.0464s
	iters: 200, epoch: 14 | loss: 0.2504860
	speed: 0.0014s/iter; left time: 84.3257s
	iters: 300, epoch: 14 | loss: 0.5207387
	speed: 0.0014s/iter; left time: 84.4756s
	iters: 400, epoch: 14 | loss: 0.0430694
	speed: 0.0013s/iter; left time: 78.1455s
	iters: 500, epoch: 14 | loss: 0.0962042
	speed: 0.0013s/iter; left time: 77.8448s
	iters: 600, epoch: 14 | loss: 0.1897223
	speed: 0.0014s/iter; left time: 86.2597s
	iters: 700, epoch: 14 | loss: 0.1034771
	speed: 0.0014s/iter; left time: 83.9265s
Epoch: 14 cost time: 1.0332427024841309
Epoch: 14, Steps: 718 | Train Loss: 0.2453281 Vali Loss: 0.0488254 Test Loss: 0.8009506
Validation loss decreased (0.048859 --> 0.048825).  Saving model ...
Updating learning rate to 3.0517578125e-07
	iters: 100, epoch: 15 | loss: 0.1551295
	speed: 0.0075s/iter; left time: 461.9464s
	iters: 200, epoch: 15 | loss: 0.1070004
	speed: 0.0015s/iter; left time: 92.9933s
	iters: 300, epoch: 15 | loss: 0.7698390
	speed: 0.0014s/iter; left time: 83.6260s
	iters: 400, epoch: 15 | loss: 0.0863615
	speed: 0.0019s/iter; left time: 118.1311s
	iters: 500, epoch: 15 | loss: 0.1202521
	speed: 0.0015s/iter; left time: 94.2347s
	iters: 600, epoch: 15 | loss: 0.2317458
	speed: 0.0013s/iter; left time: 77.7347s
	iters: 700, epoch: 15 | loss: 0.1860136
	speed: 0.0013s/iter; left time: 76.7747s
Epoch: 15 cost time: 1.1329350471496582
Epoch: 15, Steps: 718 | Train Loss: 0.2453648 Vali Loss: 0.0494267 Test Loss: 0.8009022
EarlyStopping counter: 1 out of 7
Updating learning rate to 1.52587890625e-07
	iters: 100, epoch: 16 | loss: 0.2177559
	speed: 0.0073s/iter; left time: 445.9447s
	iters: 200, epoch: 16 | loss: 0.1450065
	speed: 0.0013s/iter; left time: 78.4786s
	iters: 300, epoch: 16 | loss: 0.0669911
	speed: 0.0013s/iter; left time: 76.7586s
	iters: 400, epoch: 16 | loss: 0.3130206
	speed: 0.0024s/iter; left time: 142.5046s
	iters: 500, epoch: 16 | loss: 0.1613996
	speed: 0.0013s/iter; left time: 76.0251s
	iters: 600, epoch: 16 | loss: 0.2149388
	speed: 0.0013s/iter; left time: 75.6125s
	iters: 700, epoch: 16 | loss: 0.1944627
	speed: 0.0012s/iter; left time: 74.7724s
Epoch: 16 cost time: 1.186103105545044
Epoch: 16, Steps: 718 | Train Loss: 0.2454827 Vali Loss: 0.0498967 Test Loss: 0.8009074
EarlyStopping counter: 2 out of 7
Updating learning rate to 7.62939453125e-08
	iters: 100, epoch: 17 | loss: 0.4076234
	speed: 0.0063s/iter; left time: 379.7375s
	iters: 200, epoch: 17 | loss: 0.1682878
	speed: 0.0012s/iter; left time: 74.6237s
	iters: 300, epoch: 17 | loss: 0.1986365
	speed: 0.0012s/iter; left time: 74.8632s
	iters: 400, epoch: 17 | loss: 0.3439147
	speed: 0.0012s/iter; left time: 74.6646s
	iters: 500, epoch: 17 | loss: 0.0516844
	speed: 0.0012s/iter; left time: 74.3320s
	iters: 600, epoch: 17 | loss: 0.0963049
	speed: 0.0012s/iter; left time: 73.9145s
	iters: 700, epoch: 17 | loss: 0.0252109
	speed: 0.0012s/iter; left time: 74.1044s
Epoch: 17 cost time: 0.9788479804992676
Epoch: 17, Steps: 718 | Train Loss: 0.2454944 Vali Loss: 0.0497745 Test Loss: 0.8009044
EarlyStopping counter: 3 out of 7
Updating learning rate to 3.814697265625e-08
	iters: 100, epoch: 18 | loss: 0.2429199
	speed: 0.0062s/iter; left time: 371.2327s
	iters: 200, epoch: 18 | loss: 0.0563784
	speed: 0.0012s/iter; left time: 73.7947s
	iters: 300, epoch: 18 | loss: 0.1133650
	speed: 0.0012s/iter; left time: 73.6527s
	iters: 400, epoch: 18 | loss: 0.1720581
	speed: 0.0012s/iter; left time: 73.7404s
	iters: 500, epoch: 18 | loss: 0.5799067
	speed: 0.0012s/iter; left time: 73.4641s
	iters: 600, epoch: 18 | loss: 0.1820230
	speed: 0.0012s/iter; left time: 73.3384s
	iters: 700, epoch: 18 | loss: 0.2352185
	speed: 0.0012s/iter; left time: 73.0593s
Epoch: 18 cost time: 0.9812028408050537
Epoch: 18, Steps: 718 | Train Loss: 0.2454715 Vali Loss: 0.0497620 Test Loss: 0.8008896
EarlyStopping counter: 4 out of 7
Updating learning rate to 1.9073486328125e-08
	iters: 100, epoch: 19 | loss: 0.1405689
	speed: 0.0062s/iter; left time: 366.0636s
	iters: 200, epoch: 19 | loss: 0.2737274
	speed: 0.0013s/iter; left time: 77.3609s
	iters: 300, epoch: 19 | loss: 0.1945295
	speed: 0.0012s/iter; left time: 72.6267s
	iters: 400, epoch: 19 | loss: 0.2885399
	speed: 0.0013s/iter; left time: 73.3232s
	iters: 500, epoch: 19 | loss: 0.1095236
	speed: 0.0013s/iter; left time: 74.6098s
	iters: 600, epoch: 19 | loss: 0.3196654
	speed: 0.0012s/iter; left time: 72.5088s
	iters: 700, epoch: 19 | loss: 0.6688825
	speed: 0.0012s/iter; left time: 72.2670s
Epoch: 19 cost time: 0.9893758296966553
Epoch: 19, Steps: 718 | Train Loss: 0.2453734 Vali Loss: 0.0498222 Test Loss: 0.8008891
EarlyStopping counter: 5 out of 7
Updating learning rate to 9.5367431640625e-09
	iters: 100, epoch: 20 | loss: 0.1444307
	speed: 0.0063s/iter; left time: 367.6446s
	iters: 200, epoch: 20 | loss: 0.2650023
	speed: 0.0013s/iter; left time: 72.5317s
	iters: 300, epoch: 20 | loss: 0.3549933
	speed: 0.0012s/iter; left time: 71.7677s
	iters: 400, epoch: 20 | loss: 0.1285100
	speed: 0.0012s/iter; left time: 71.8402s
	iters: 500, epoch: 20 | loss: 0.6055034
	speed: 0.0012s/iter; left time: 71.5554s
	iters: 600, epoch: 20 | loss: 0.3445134
	speed: 0.0012s/iter; left time: 71.0561s
	iters: 700, epoch: 20 | loss: 0.3277773
	speed: 0.0012s/iter; left time: 71.0630s
Epoch: 20 cost time: 0.9772553443908691
Epoch: 20, Steps: 718 | Train Loss: 0.2454545 Vali Loss: 0.0497693 Test Loss: 0.8008883
EarlyStopping counter: 6 out of 7
Updating learning rate to 4.76837158203125e-09
	iters: 100, epoch: 21 | loss: 0.2245272
	speed: 0.0063s/iter; left time: 358.5837s
	iters: 200, epoch: 21 | loss: 0.0518968
	speed: 0.0012s/iter; left time: 71.1877s
	iters: 300, epoch: 21 | loss: 0.2683895
	speed: 0.0012s/iter; left time: 71.1509s
	iters: 400, epoch: 21 | loss: 0.1760973
	speed: 0.0012s/iter; left time: 70.8945s
	iters: 500, epoch: 21 | loss: 0.1087017
	speed: 0.0012s/iter; left time: 71.0943s
	iters: 600, epoch: 21 | loss: 0.1586108
	speed: 0.0013s/iter; left time: 71.1002s
	iters: 700, epoch: 21 | loss: 0.0988910
	speed: 0.0012s/iter; left time: 70.6783s
Epoch: 21 cost time: 0.9791662693023682
Epoch: 21, Steps: 718 | Train Loss: 0.2454486 Vali Loss: 0.0497085 Test Loss: 0.8008884
EarlyStopping counter: 7 out of 7
Early stopping
>>>>>>>testing : Space_8_DLinear_custom_ftS_sl60_ll30_pl30_dm1024_nh8_el2_dl1_df2048_fc1_ebtimeF_dtTrue_Exp_0<<<<<<<<<<<<<<<<<<<<<<<<<<<<<<<<<
test 817
mse:0.8009506464004517, mae:0.5695360898971558, rse:0.8259877562522888, corr:[0.12475986 0.12541191 0.12788744 0.12799273 0.13075037 0.13361569
 0.13193664 0.13071422 0.1316686  0.1319972  0.13155432 0.13090274
 0.12917832 0.12777463 0.12704338 0.12642969 0.12469599 0.12252202
 0.12258299 0.12095772 0.11898884 0.11811111 0.1156401  0.11243754
 0.10862793 0.10558808 0.10311674 0.10138647 0.09710156 0.09557898]
