Args in experiment:
Namespace(activation='gelu', batch_size=8, c_out=7, checkpoints='./checkpoints/', d_ff=2048, d_layers=1, d_model=512, data='custom', data_path='ai_competition_nonan.csv', dec_in=7, des='Exp', devices='0,1,2,3', distil=True, do_predict=False, dropout=0.05, e_layers=2, embed='timeF', embed_type=0, enc_in=1, factor=1, features='S', freq='h', gpu=0, individual=False, is_training=1, itr=1, label_len=30, learning_rate=0.002, loss='mse', lradj='type1', model='DLinear', model_id='Space_2_1.1', moving_avg=25, n_heads=8, num_workers=10, output_attention=False, patience=3, pred_len=30, root_path='./dataset/', seq_len=60, target='OT', test_flop=False, train_epochs=10, use_amp=False, use_gpu=False, use_multi_gpu=False)
Use CPU
>>>>>>>start training : Space_2_1.1_DLinear_custom_ftS_sl60_ll30_pl30_dm512_nh8_el2_dl1_df2048_fc1_ebtimeF_dtTrue_Exp_0>>>>>>>>>>>>>>>>>>>>>>>>>>
train 2944
val 406
test 837
	iters: 100, epoch: 1 | loss: 0.2502841
	speed: 0.0053s/iter; left time: 18.8791s
	iters: 200, epoch: 1 | loss: 0.6631902
	speed: 0.0012s/iter; left time: 4.1399s
	iters: 300, epoch: 1 | loss: 0.2615501
	speed: 0.0012s/iter; left time: 4.2184s
Epoch: 1 cost time: 0.8636021614074707
Epoch: 1, Steps: 368 | Train Loss: 0.3435058 Vali Loss: 0.0754735 Test Loss: 0.8999151
Validation loss decreased (inf --> 0.075473).  Saving model ...
Updating learning rate to 0.002
	iters: 100, epoch: 2 | loss: 0.0784935
	speed: 0.0055s/iter; left time: 17.6116s
	iters: 200, epoch: 2 | loss: 0.1905606
	speed: 0.0012s/iter; left time: 3.7067s
	iters: 300, epoch: 2 | loss: 0.4135042
	speed: 0.0012s/iter; left time: 3.6265s
Epoch: 2 cost time: 0.5265889167785645
Epoch: 2, Steps: 368 | Train Loss: 0.3268871 Vali Loss: 0.0600062 Test Loss: 0.9152810
Validation loss decreased (0.075473 --> 0.060006).  Saving model ...
Updating learning rate to 0.001
	iters: 100, epoch: 3 | loss: 0.3189369
	speed: 0.0057s/iter; left time: 16.2468s
	iters: 200, epoch: 3 | loss: 0.1937036
	speed: 0.0012s/iter; left time: 3.2186s
	iters: 300, epoch: 3 | loss: 0.3619376
	speed: 0.0012s/iter; left time: 3.1327s
Epoch: 3 cost time: 0.5233209133148193
Epoch: 3, Steps: 368 | Train Loss: 0.3099549 Vali Loss: 0.0729967 Test Loss: 0.9265742
EarlyStopping counter: 1 out of 3
Updating learning rate to 0.0005
	iters: 100, epoch: 4 | loss: 0.3089255
	speed: 0.0056s/iter; left time: 13.8819s
	iters: 200, epoch: 4 | loss: 0.2289082
	speed: 0.0012s/iter; left time: 2.8032s
	iters: 300, epoch: 4 | loss: 0.2828017
	speed: 0.0012s/iter; left time: 2.6886s
Epoch: 4 cost time: 0.5234229564666748
Epoch: 4, Steps: 368 | Train Loss: 0.3025629 Vali Loss: 0.0760253 Test Loss: 0.8730689
EarlyStopping counter: 2 out of 3
Updating learning rate to 0.00025
	iters: 100, epoch: 5 | loss: 0.2172365
	speed: 0.0057s/iter; left time: 11.9984s
	iters: 200, epoch: 5 | loss: 0.2923579
	speed: 0.0012s/iter; left time: 2.3608s
	iters: 300, epoch: 5 | loss: 0.4279029
	speed: 0.0012s/iter; left time: 2.2481s
Epoch: 5 cost time: 0.526695966720581
Epoch: 5, Steps: 368 | Train Loss: 0.2975940 Vali Loss: 0.0669942 Test Loss: 0.8884042
EarlyStopping counter: 3 out of 3
Early stopping
>>>>>>>testing : Space_2_1.1_DLinear_custom_ftS_sl60_ll30_pl30_dm512_nh8_el2_dl1_df2048_fc1_ebtimeF_dtTrue_Exp_0<<<<<<<<<<<<<<<<<<<<<<<<<<<<<<<<<
test 837
mse:0.9152809977531433, mae:0.5947783589363098, rse:0.8561329245567322, corr:[0.12699252 0.1285622  0.13291398 0.12696056 0.12137412 0.12895188
 0.1273914  0.12797397 0.1272272  0.1244776  0.12627049 0.12558106
 0.12476868 0.12119141 0.12400571 0.12105265 0.11973021 0.12103144
 0.11977202 0.1207771  0.11722804 0.11690313 0.11556316 0.11131296
 0.10576892 0.1063289  0.10481007 0.10274014 0.09866069 0.0980868 ]
