Args in experiment:
Namespace(activation='gelu', batch_size=1, c_out=7, checkpoints='./checkpoints/', d_ff=2048, d_layers=1, d_model=256, data='custom', data_path='ai_competition_noout.csv', dec_in=3, des='Exp', devices='0,1,2,3', distil=True, do_predict=False, dropout=0.05, e_layers=2, embed='timeF', embed_type=0, enc_in=1, factor=1, features='S', freq='h', gpu=0, individual=False, is_training=1, itr=1, label_len=30, learning_rate=0.0001, loss='mse', lradj='type1', model='DLinear', model_id='Space_20', moving_avg=25, n_heads=8, num_workers=10, output_attention=False, patience=10, pred_len=30, root_path='./dataset/', seq_len=60, target='OT', test_flop=False, train_epochs=100, use_amp=False, use_gpu=False, use_multi_gpu=False)
Use CPU
>>>>>>>start training : Space_20_DLinear_custom_ftS_sl60_ll30_pl30_dm256_nh8_el2_dl1_df2048_fc1_ebtimeF_dtTrue_Exp_0>>>>>>>>>>>>>>>>>>>>>>>>>>
train 2874
val 395
test 817
	iters: 100, epoch: 1 | loss: 5.8472805
	speed: 0.0055s/iter; left time: 1567.3997s
	iters: 200, epoch: 1 | loss: 11.9384394
	speed: 0.0013s/iter; left time: 381.1451s
	iters: 300, epoch: 1 | loss: 0.6011907
	speed: 0.0012s/iter; left time: 341.7076s
	iters: 400, epoch: 1 | loss: 0.1433629
	speed: 0.0012s/iter; left time: 341.7610s
	iters: 500, epoch: 1 | loss: 0.1935565
	speed: 0.0012s/iter; left time: 341.4470s
	iters: 600, epoch: 1 | loss: 0.1925620
	speed: 0.0012s/iter; left time: 341.8380s
	iters: 700, epoch: 1 | loss: 0.1924312
	speed: 0.0012s/iter; left time: 340.3969s
	iters: 800, epoch: 1 | loss: 0.1560277
	speed: 0.0012s/iter; left time: 340.1722s
	iters: 900, epoch: 1 | loss: 0.1984894
	speed: 0.0012s/iter; left time: 340.2571s
	iters: 1000, epoch: 1 | loss: 0.1276318
	speed: 0.0012s/iter; left time: 344.9182s
	iters: 1100, epoch: 1 | loss: 0.6019486
	speed: 0.0012s/iter; left time: 352.7629s
	iters: 1200, epoch: 1 | loss: 0.1250027
	speed: 0.0012s/iter; left time: 346.4214s
	iters: 1300, epoch: 1 | loss: 0.5758371
	speed: 0.0012s/iter; left time: 346.8495s
	iters: 1400, epoch: 1 | loss: 0.3262160
	speed: 0.0012s/iter; left time: 340.8136s
	iters: 1500, epoch: 1 | loss: 0.7883261
	speed: 0.0012s/iter; left time: 341.5315s
	iters: 1600, epoch: 1 | loss: 0.0877231
	speed: 0.0012s/iter; left time: 340.5603s
	iters: 1700, epoch: 1 | loss: 2.6911976
	speed: 0.0012s/iter; left time: 338.2614s
	iters: 1800, epoch: 1 | loss: 0.1867687
	speed: 0.0012s/iter; left time: 338.4603s
	iters: 1900, epoch: 1 | loss: 0.0896164
	speed: 0.0012s/iter; left time: 335.2951s
	iters: 2000, epoch: 1 | loss: 0.4863372
	speed: 0.0012s/iter; left time: 337.2190s
	iters: 2100, epoch: 1 | loss: 0.1526446
	speed: 0.0012s/iter; left time: 336.3192s
	iters: 2200, epoch: 1 | loss: 0.2549123
	speed: 0.0012s/iter; left time: 337.1873s
	iters: 2300, epoch: 1 | loss: 0.0137093
	speed: 0.0012s/iter; left time: 337.8651s
	iters: 2400, epoch: 1 | loss: 0.0523386
	speed: 0.0012s/iter; left time: 339.4677s
	iters: 2500, epoch: 1 | loss: 0.0451967
	speed: 0.0012s/iter; left time: 344.9749s
	iters: 2600, epoch: 1 | loss: 0.1166799
	speed: 0.0012s/iter; left time: 337.3663s
	iters: 2700, epoch: 1 | loss: 0.0428298
	speed: 0.0012s/iter; left time: 338.6142s
	iters: 2800, epoch: 1 | loss: 0.0258125
	speed: 0.0012s/iter; left time: 336.1882s
Epoch: 1 cost time: 3.8753440380096436
not here
Epoch: 1, Steps: 2874 | Train Loss: 0.9469652 Vali Loss: 0.0804830 Test Loss: 757.7067261
Validation loss decreased (inf --> 0.080483).  Saving model ...
Updating learning rate to 0.0001
	iters: 100, epoch: 2 | loss: 0.1230960
	speed: 0.0140s/iter; left time: 3968.7880s
	iters: 200, epoch: 2 | loss: 0.1349671
	speed: 0.0012s/iter; left time: 338.8296s
	iters: 300, epoch: 2 | loss: 0.2767156
	speed: 0.0012s/iter; left time: 339.3129s
	iters: 400, epoch: 2 | loss: 0.4780559
	speed: 0.0012s/iter; left time: 338.7247s
	iters: 500, epoch: 2 | loss: 0.0081655
	speed: 0.0012s/iter; left time: 338.2107s
	iters: 600, epoch: 2 | loss: 0.7246806
	speed: 0.0012s/iter; left time: 337.1013s
	iters: 700, epoch: 2 | loss: 0.0416331
	speed: 0.0012s/iter; left time: 336.5759s
	iters: 800, epoch: 2 | loss: 0.1148295
	speed: 0.0012s/iter; left time: 338.9555s
	iters: 900, epoch: 2 | loss: 0.1762925
	speed: 0.0012s/iter; left time: 336.7891s
	iters: 1000, epoch: 2 | loss: 0.0783129
	speed: 0.0012s/iter; left time: 342.8718s
	iters: 1100, epoch: 2 | loss: 0.3332515
	speed: 0.0012s/iter; left time: 335.8096s
	iters: 1200, epoch: 2 | loss: 0.8800496
	speed: 0.0012s/iter; left time: 336.9354s
	iters: 1300, epoch: 2 | loss: 0.1509816
	speed: 0.0012s/iter; left time: 339.1306s
	iters: 1400, epoch: 2 | loss: 0.4295069
	speed: 0.0012s/iter; left time: 352.8301s
	iters: 1500, epoch: 2 | loss: 0.0311582
	speed: 0.0012s/iter; left time: 346.5716s
	iters: 1600, epoch: 2 | loss: 0.0205457
	speed: 0.0012s/iter; left time: 340.4322s
	iters: 1700, epoch: 2 | loss: 0.0455101
	speed: 0.0012s/iter; left time: 342.6733s
	iters: 1800, epoch: 2 | loss: 0.4200805
	speed: 0.0012s/iter; left time: 335.5289s
	iters: 1900, epoch: 2 | loss: 0.0105278
	speed: 0.0012s/iter; left time: 338.9890s
	iters: 2000, epoch: 2 | loss: 0.0589726
	speed: 0.0012s/iter; left time: 335.4667s
	iters: 2100, epoch: 2 | loss: 0.0190930
	speed: 0.0012s/iter; left time: 337.6617s
	iters: 2200, epoch: 2 | loss: 0.1070927
	speed: 0.0012s/iter; left time: 337.4593s
	iters: 2300, epoch: 2 | loss: 0.0313258
	speed: 0.0012s/iter; left time: 335.8756s
	iters: 2400, epoch: 2 | loss: 0.0296524
	speed: 0.0012s/iter; left time: 335.4122s
	iters: 2500, epoch: 2 | loss: 0.0085950
	speed: 0.0012s/iter; left time: 336.3147s
	iters: 2600, epoch: 2 | loss: 0.0749575
	speed: 0.0012s/iter; left time: 335.7666s
	iters: 2700, epoch: 2 | loss: 0.4782196
	speed: 0.0012s/iter; left time: 335.5823s
	iters: 2800, epoch: 2 | loss: 0.0398621
	speed: 0.0012s/iter; left time: 343.8278s
Epoch: 2 cost time: 3.521001100540161
not here
Epoch: 2, Steps: 2874 | Train Loss: 0.2653190 Vali Loss: 0.0424831 Test Loss: 763.8762207
Validation loss decreased (0.080483 --> 0.042483).  Saving model ...
Updating learning rate to 5e-05
	iters: 100, epoch: 3 | loss: 0.0134538
	speed: 0.0137s/iter; left time: 3870.3938s
	iters: 200, epoch: 3 | loss: 0.2128617
	speed: 0.0012s/iter; left time: 339.4121s
	iters: 300, epoch: 3 | loss: 0.0584653
	speed: 0.0012s/iter; left time: 337.1309s
	iters: 400, epoch: 3 | loss: 0.0172952
	speed: 0.0012s/iter; left time: 333.6569s
	iters: 500, epoch: 3 | loss: 0.8022544
	speed: 0.0012s/iter; left time: 333.9586s
	iters: 600, epoch: 3 | loss: 0.1655882
	speed: 0.0012s/iter; left time: 334.3343s
	iters: 700, epoch: 3 | loss: 0.3294417
	speed: 0.0012s/iter; left time: 334.0613s
	iters: 800, epoch: 3 | loss: 0.1064720
	speed: 0.0012s/iter; left time: 333.5099s
	iters: 900, epoch: 3 | loss: 0.0466156
	speed: 0.0012s/iter; left time: 333.9226s
	iters: 1000, epoch: 3 | loss: 0.2069398
	speed: 0.0012s/iter; left time: 332.6186s
	iters: 1100, epoch: 3 | loss: 0.3287781
	speed: 0.0012s/iter; left time: 332.2647s
	iters: 1200, epoch: 3 | loss: 0.0937567
	speed: 0.0012s/iter; left time: 333.3271s
	iters: 1300, epoch: 3 | loss: 0.0113547
	speed: 0.0012s/iter; left time: 332.5231s
	iters: 1400, epoch: 3 | loss: 0.1161179
	speed: 0.0012s/iter; left time: 332.9885s
	iters: 1500, epoch: 3 | loss: 0.1635700
	speed: 0.0012s/iter; left time: 331.9365s
	iters: 1600, epoch: 3 | loss: 0.0684172
	speed: 0.0012s/iter; left time: 332.0057s
	iters: 1700, epoch: 3 | loss: 0.1111235
	speed: 0.0012s/iter; left time: 337.9290s
	iters: 1800, epoch: 3 | loss: 0.4879189
	speed: 0.0013s/iter; left time: 351.5210s
	iters: 1900, epoch: 3 | loss: 0.1851203
	speed: 0.0012s/iter; left time: 336.0314s
	iters: 2000, epoch: 3 | loss: 0.2721440
	speed: 0.0012s/iter; left time: 341.4486s
	iters: 2100, epoch: 3 | loss: 0.7880072
	speed: 0.0012s/iter; left time: 333.8083s
	iters: 2200, epoch: 3 | loss: 0.2979194
	speed: 0.0012s/iter; left time: 336.2521s
	iters: 2300, epoch: 3 | loss: 0.0063568
	speed: 0.0012s/iter; left time: 333.3904s
	iters: 2400, epoch: 3 | loss: 0.2963803
	speed: 0.0012s/iter; left time: 331.0633s
	iters: 2500, epoch: 3 | loss: 0.1909973
	speed: 0.0012s/iter; left time: 332.5407s
	iters: 2600, epoch: 3 | loss: 0.0482467
	speed: 0.0012s/iter; left time: 331.4236s
	iters: 2700, epoch: 3 | loss: 0.1164537
	speed: 0.0012s/iter; left time: 331.9925s
	iters: 2800, epoch: 3 | loss: 0.1414618
	speed: 0.0012s/iter; left time: 331.8576s
Epoch: 3 cost time: 3.5168423652648926
not here
Epoch: 3, Steps: 2874 | Train Loss: 0.2558268 Vali Loss: 0.0501800 Test Loss: 735.9840698
EarlyStopping counter: 1 out of 10
Updating learning rate to 2.5e-05
	iters: 100, epoch: 4 | loss: 0.2789990
	speed: 0.0140s/iter; left time: 3900.3714s
	iters: 200, epoch: 4 | loss: 0.0566150
	speed: 0.0012s/iter; left time: 331.5428s
	iters: 300, epoch: 4 | loss: 0.3565127
	speed: 0.0012s/iter; left time: 332.7098s
	iters: 400, epoch: 4 | loss: 0.3192920
	speed: 0.0012s/iter; left time: 332.0833s
	iters: 500, epoch: 4 | loss: 0.0737372
	speed: 0.0012s/iter; left time: 329.8807s
	iters: 600, epoch: 4 | loss: 0.0082616
	speed: 0.0012s/iter; left time: 331.4109s
	iters: 700, epoch: 4 | loss: 0.3684608
	speed: 0.0012s/iter; left time: 331.7672s
	iters: 800, epoch: 4 | loss: 0.0705342
	speed: 0.0012s/iter; left time: 329.9380s
	iters: 900, epoch: 4 | loss: 0.0534806
	speed: 0.0012s/iter; left time: 337.9258s
	iters: 1000, epoch: 4 | loss: 0.1813133
	speed: 0.0012s/iter; left time: 331.7351s
	iters: 1100, epoch: 4 | loss: 0.5030974
	speed: 0.0012s/iter; left time: 330.5822s
	iters: 1200, epoch: 4 | loss: 0.1726924
	speed: 0.0012s/iter; left time: 330.1912s
	iters: 1300, epoch: 4 | loss: 1.2860903
	speed: 0.0012s/iter; left time: 329.1262s
	iters: 1400, epoch: 4 | loss: 0.0182472
	speed: 0.0012s/iter; left time: 328.5718s
	iters: 1500, epoch: 4 | loss: 0.0103828
	speed: 0.0012s/iter; left time: 329.2307s
	iters: 1600, epoch: 4 | loss: 0.1321581
	speed: 0.0012s/iter; left time: 328.0256s
	iters: 1700, epoch: 4 | loss: 0.2007537
	speed: 0.0012s/iter; left time: 328.1530s
	iters: 1800, epoch: 4 | loss: 0.0351341
	speed: 0.0012s/iter; left time: 328.2148s
	iters: 1900, epoch: 4 | loss: 0.0131805
	speed: 0.0012s/iter; left time: 330.3586s
	iters: 2000, epoch: 4 | loss: 0.0389094
	speed: 0.0012s/iter; left time: 328.1237s
	iters: 2100, epoch: 4 | loss: 0.0123542
	speed: 0.0012s/iter; left time: 328.9115s
	iters: 2200, epoch: 4 | loss: 0.0136439
	speed: 0.0012s/iter; left time: 328.4708s
	iters: 2300, epoch: 4 | loss: 0.2961161
	speed: 0.0012s/iter; left time: 327.7350s
	iters: 2400, epoch: 4 | loss: 0.0181729
	speed: 0.0012s/iter; left time: 328.0000s
	iters: 2500, epoch: 4 | loss: 0.5755576
	speed: 0.0012s/iter; left time: 327.5375s
	iters: 2600, epoch: 4 | loss: 0.0318163
	speed: 0.0012s/iter; left time: 328.7247s
	iters: 2700, epoch: 4 | loss: 1.6554762
	speed: 0.0012s/iter; left time: 327.6953s
	iters: 2800, epoch: 4 | loss: 0.0934420
	speed: 0.0012s/iter; left time: 328.0589s
Epoch: 4 cost time: 3.5237932205200195
not here
Epoch: 4, Steps: 2874 | Train Loss: 0.2519318 Vali Loss: 0.0627316 Test Loss: 708.8079224
EarlyStopping counter: 2 out of 10
Updating learning rate to 1.25e-05
	iters: 100, epoch: 5 | loss: 0.1023649
	speed: 0.0139s/iter; left time: 3823.3363s
	iters: 200, epoch: 5 | loss: 0.8243734
	speed: 0.0012s/iter; left time: 329.0512s
	iters: 300, epoch: 5 | loss: 0.0118529
	speed: 0.0012s/iter; left time: 329.5278s
	iters: 400, epoch: 5 | loss: 0.0357182
	speed: 0.0012s/iter; left time: 326.5286s
	iters: 500, epoch: 5 | loss: 0.0276161
	speed: 0.0012s/iter; left time: 327.3241s
	iters: 600, epoch: 5 | loss: 0.1326906
	speed: 0.0012s/iter; left time: 327.9318s
	iters: 700, epoch: 5 | loss: 0.0334275
	speed: 0.0012s/iter; left time: 326.8305s
	iters: 800, epoch: 5 | loss: 0.1699345
	speed: 0.0012s/iter; left time: 326.2972s
	iters: 900, epoch: 5 | loss: 0.1315592
	speed: 0.0012s/iter; left time: 327.0086s
	iters: 1000, epoch: 5 | loss: 0.1123668
	speed: 0.0012s/iter; left time: 330.5450s
	iters: 1100, epoch: 5 | loss: 0.0157483
	speed: 0.0012s/iter; left time: 326.2126s
	iters: 1200, epoch: 5 | loss: 0.0391552
	speed: 0.0012s/iter; left time: 325.6774s
	iters: 1300, epoch: 5 | loss: 0.0820493
	speed: 0.0012s/iter; left time: 324.6455s
	iters: 1400, epoch: 5 | loss: 0.2635096
	speed: 0.0012s/iter; left time: 326.5241s
	iters: 1500, epoch: 5 | loss: 0.0410432
	speed: 0.0012s/iter; left time: 326.2834s
	iters: 1600, epoch: 5 | loss: 0.4440199
	speed: 0.0012s/iter; left time: 325.5648s
	iters: 1700, epoch: 5 | loss: 0.4915897
	speed: 0.0012s/iter; left time: 327.0119s
	iters: 1800, epoch: 5 | loss: 0.0945853
	speed: 0.0012s/iter; left time: 324.8138s
	iters: 1900, epoch: 5 | loss: 0.0753774
	speed: 0.0012s/iter; left time: 326.0600s
	iters: 2000, epoch: 5 | loss: 0.2237961
	speed: 0.0012s/iter; left time: 324.6290s
	iters: 2100, epoch: 5 | loss: 0.1071954
	speed: 0.0012s/iter; left time: 324.7187s
	iters: 2200, epoch: 5 | loss: 0.5096318
	speed: 0.0012s/iter; left time: 325.1013s
	iters: 2300, epoch: 5 | loss: 0.0324296
	speed: 0.0012s/iter; left time: 325.2174s
	iters: 2400, epoch: 5 | loss: 0.4240403
	speed: 0.0012s/iter; left time: 324.0134s
	iters: 2500, epoch: 5 | loss: 0.0402135
	speed: 0.0012s/iter; left time: 323.2301s
	iters: 2600, epoch: 5 | loss: 0.0102319
	speed: 0.0012s/iter; left time: 324.1290s
	iters: 2700, epoch: 5 | loss: 0.0670004
	speed: 0.0012s/iter; left time: 325.1633s
	iters: 2800, epoch: 5 | loss: 0.0799209
	speed: 0.0012s/iter; left time: 324.3964s
Epoch: 5 cost time: 3.501871109008789
not here
Epoch: 5, Steps: 2874 | Train Loss: 0.2500717 Vali Loss: 0.0519101 Test Loss: 724.5331421
EarlyStopping counter: 3 out of 10
Updating learning rate to 6.25e-06
	iters: 100, epoch: 6 | loss: 0.0063007
	speed: 0.0138s/iter; left time: 3764.6632s
	iters: 200, epoch: 6 | loss: 0.0141457
	speed: 0.0012s/iter; left time: 325.4903s
	iters: 300, epoch: 6 | loss: 0.2399229
	speed: 0.0012s/iter; left time: 325.4029s
	iters: 400, epoch: 6 | loss: 0.1322154
	speed: 0.0012s/iter; left time: 325.9056s
	iters: 500, epoch: 6 | loss: 0.1160289
	speed: 0.0012s/iter; left time: 324.5080s
	iters: 600, epoch: 6 | loss: 0.1243691
	speed: 0.0012s/iter; left time: 323.8498s
	iters: 700, epoch: 6 | loss: 0.0012772
	speed: 0.0012s/iter; left time: 323.1154s
	iters: 800, epoch: 6 | loss: 0.1352965
	speed: 0.0012s/iter; left time: 324.1424s
	iters: 900, epoch: 6 | loss: 0.0169561
	speed: 0.0012s/iter; left time: 328.8401s
	iters: 1000, epoch: 6 | loss: 0.1241707
	speed: 0.0012s/iter; left time: 322.9145s
	iters: 1100, epoch: 6 | loss: 2.3117676
	speed: 0.0012s/iter; left time: 322.3828s
	iters: 1200, epoch: 6 | loss: 0.2792375
	speed: 0.0012s/iter; left time: 322.1145s
	iters: 1300, epoch: 6 | loss: 0.1012471
	speed: 0.0012s/iter; left time: 323.5988s
	iters: 1400, epoch: 6 | loss: 0.0116152
	speed: 0.0012s/iter; left time: 322.6327s
	iters: 1500, epoch: 6 | loss: 0.2972807
	speed: 0.0012s/iter; left time: 321.9675s
	iters: 1600, epoch: 6 | loss: 0.3415194
	speed: 0.0012s/iter; left time: 321.0704s
	iters: 1700, epoch: 6 | loss: 0.1899020
	speed: 0.0012s/iter; left time: 322.1185s
	iters: 1800, epoch: 6 | loss: 1.3629620
	speed: 0.0012s/iter; left time: 321.2568s
	iters: 1900, epoch: 6 | loss: 0.3578150
	speed: 0.0012s/iter; left time: 321.4531s
	iters: 2000, epoch: 6 | loss: 0.0114772
	speed: 0.0012s/iter; left time: 320.3911s
	iters: 2100, epoch: 6 | loss: 0.1347908
	speed: 0.0012s/iter; left time: 321.5299s
	iters: 2200, epoch: 6 | loss: 0.0375260
	speed: 0.0012s/iter; left time: 322.3398s
	iters: 2300, epoch: 6 | loss: 0.0536125
	speed: 0.0012s/iter; left time: 321.2009s
	iters: 2400, epoch: 6 | loss: 0.1297533
	speed: 0.0012s/iter; left time: 320.9416s
	iters: 2500, epoch: 6 | loss: 0.0843952
	speed: 0.0012s/iter; left time: 320.9043s
	iters: 2600, epoch: 6 | loss: 0.0047370
	speed: 0.0012s/iter; left time: 321.8856s
	iters: 2700, epoch: 6 | loss: 0.0509324
	speed: 0.0012s/iter; left time: 320.5826s
	iters: 2800, epoch: 6 | loss: 0.3169337
	speed: 0.0012s/iter; left time: 320.1045s
Epoch: 6 cost time: 3.500433921813965
not here
Epoch: 6, Steps: 2874 | Train Loss: 0.2494212 Vali Loss: 0.0506731 Test Loss: 723.7464600
EarlyStopping counter: 4 out of 10
Updating learning rate to 3.125e-06
	iters: 100, epoch: 7 | loss: 0.0706893
	speed: 0.0137s/iter; left time: 3707.9229s
	iters: 200, epoch: 7 | loss: 0.0082460
	speed: 0.0012s/iter; left time: 322.2225s
	iters: 300, epoch: 7 | loss: 0.1440597
	speed: 0.0012s/iter; left time: 331.7862s
	iters: 400, epoch: 7 | loss: 0.4291551
	speed: 0.0012s/iter; left time: 321.8738s
	iters: 500, epoch: 7 | loss: 0.0018869
	speed: 0.0012s/iter; left time: 320.9534s
	iters: 600, epoch: 7 | loss: 0.0089142
	speed: 0.0012s/iter; left time: 321.5465s
	iters: 700, epoch: 7 | loss: 0.0118661
	speed: 0.0012s/iter; left time: 320.3955s
	iters: 800, epoch: 7 | loss: 0.7481955
	speed: 0.0012s/iter; left time: 318.3288s
	iters: 900, epoch: 7 | loss: 0.4704051
	speed: 0.0012s/iter; left time: 320.8600s
	iters: 1000, epoch: 7 | loss: 0.0571393
	speed: 0.0012s/iter; left time: 319.5703s
	iters: 1100, epoch: 7 | loss: 0.2283778
	speed: 0.0012s/iter; left time: 318.7523s
	iters: 1200, epoch: 7 | loss: 0.4038321
	speed: 0.0012s/iter; left time: 319.7227s
	iters: 1300, epoch: 7 | loss: 0.1567460
	speed: 0.0012s/iter; left time: 320.8384s
	iters: 1400, epoch: 7 | loss: 0.3921034
	speed: 0.0012s/iter; left time: 317.9843s
	iters: 1500, epoch: 7 | loss: 0.1597040
	speed: 0.0012s/iter; left time: 318.7967s
	iters: 1600, epoch: 7 | loss: 0.0137672
	speed: 0.0012s/iter; left time: 320.1763s
	iters: 1700, epoch: 7 | loss: 0.4182179
	speed: 0.0012s/iter; left time: 319.8503s
	iters: 1800, epoch: 7 | loss: 0.0072357
	speed: 0.0012s/iter; left time: 318.1668s
	iters: 1900, epoch: 7 | loss: 0.0279709
	speed: 0.0012s/iter; left time: 318.0668s
	iters: 2000, epoch: 7 | loss: 0.2381794
	speed: 0.0012s/iter; left time: 319.4910s
	iters: 2100, epoch: 7 | loss: 0.0091279
	speed: 0.0012s/iter; left time: 317.0762s
	iters: 2200, epoch: 7 | loss: 0.2381924
	speed: 0.0012s/iter; left time: 318.5608s
	iters: 2300, epoch: 7 | loss: 0.0485268
	speed: 0.0012s/iter; left time: 317.4029s
	iters: 2400, epoch: 7 | loss: 0.0052481
	speed: 0.0012s/iter; left time: 318.7456s
	iters: 2500, epoch: 7 | loss: 0.3944992
	speed: 0.0012s/iter; left time: 315.8079s
	iters: 2600, epoch: 7 | loss: 0.0497229
	speed: 0.0012s/iter; left time: 318.8297s
	iters: 2700, epoch: 7 | loss: 0.0141461
	speed: 0.0012s/iter; left time: 317.8969s
	iters: 2800, epoch: 7 | loss: 0.1911480
	speed: 0.0012s/iter; left time: 317.5989s
Epoch: 7 cost time: 3.5039279460906982
not here
Epoch: 7, Steps: 2874 | Train Loss: 0.2486526 Vali Loss: 0.0500045 Test Loss: 724.9598999
EarlyStopping counter: 5 out of 10
Updating learning rate to 1.5625e-06
	iters: 100, epoch: 8 | loss: 0.1259277
	speed: 0.0144s/iter; left time: 3857.7887s
	iters: 200, epoch: 8 | loss: 0.3950604
	speed: 0.0012s/iter; left time: 320.2427s
	iters: 300, epoch: 8 | loss: 1.7407880
	speed: 0.0012s/iter; left time: 319.1514s
	iters: 400, epoch: 8 | loss: 0.3363393
	speed: 0.0012s/iter; left time: 318.2690s
	iters: 500, epoch: 8 | loss: 0.0139880
	speed: 0.0012s/iter; left time: 316.4629s
	iters: 600, epoch: 8 | loss: 0.2221688
	speed: 0.0012s/iter; left time: 326.0927s
	iters: 700, epoch: 8 | loss: 0.0442540
	speed: 0.0012s/iter; left time: 317.5165s
	iters: 800, epoch: 8 | loss: 0.0159198
	speed: 0.0012s/iter; left time: 317.4844s
	iters: 900, epoch: 8 | loss: 0.2958908
	speed: 0.0012s/iter; left time: 319.0515s
	iters: 1000, epoch: 8 | loss: 0.1800612
	speed: 0.0012s/iter; left time: 315.6596s
	iters: 1100, epoch: 8 | loss: 0.6968755
	speed: 0.0012s/iter; left time: 316.1325s
	iters: 1200, epoch: 8 | loss: 0.0907559
	speed: 0.0012s/iter; left time: 317.2826s
	iters: 1300, epoch: 8 | loss: 0.0764606
	speed: 0.0012s/iter; left time: 315.3357s
	iters: 1400, epoch: 8 | loss: 0.0296887
	speed: 0.0012s/iter; left time: 314.4121s
	iters: 1500, epoch: 8 | loss: 0.1458315
	speed: 0.0012s/iter; left time: 314.8464s
	iters: 1600, epoch: 8 | loss: 0.1050179
	speed: 0.0012s/iter; left time: 315.9986s
	iters: 1700, epoch: 8 | loss: 0.3580586
	speed: 0.0012s/iter; left time: 314.8646s
	iters: 1800, epoch: 8 | loss: 0.0071910
	speed: 0.0012s/iter; left time: 314.0789s
	iters: 1900, epoch: 8 | loss: 0.6977190
	speed: 0.0012s/iter; left time: 313.6639s
	iters: 2000, epoch: 8 | loss: 0.7708052
	speed: 0.0012s/iter; left time: 315.0023s
	iters: 2100, epoch: 8 | loss: 0.1815012
	speed: 0.0012s/iter; left time: 315.0720s
	iters: 2200, epoch: 8 | loss: 0.0666543
	speed: 0.0012s/iter; left time: 315.2793s
	iters: 2300, epoch: 8 | loss: 0.7183413
	speed: 0.0012s/iter; left time: 314.4477s
	iters: 2400, epoch: 8 | loss: 0.0324483
	speed: 0.0012s/iter; left time: 315.1178s
	iters: 2500, epoch: 8 | loss: 0.0210736
	speed: 0.0012s/iter; left time: 313.8019s
	iters: 2600, epoch: 8 | loss: 0.3940117
	speed: 0.0012s/iter; left time: 313.5907s
	iters: 2700, epoch: 8 | loss: 0.1027977
	speed: 0.0012s/iter; left time: 314.3774s
	iters: 2800, epoch: 8 | loss: 0.0595068
	speed: 0.0012s/iter; left time: 312.5686s
Epoch: 8 cost time: 3.50616192817688
not here
Epoch: 8, Steps: 2874 | Train Loss: 0.2485816 Vali Loss: 0.0489642 Test Loss: 726.9308472
EarlyStopping counter: 6 out of 10
Updating learning rate to 7.8125e-07
	iters: 100, epoch: 9 | loss: 0.3157112
	speed: 0.0138s/iter; left time: 3654.2570s
	iters: 200, epoch: 9 | loss: 0.1497636
	speed: 0.0012s/iter; left time: 315.8851s
	iters: 300, epoch: 9 | loss: 0.1489364
	speed: 0.0012s/iter; left time: 315.1082s
	iters: 400, epoch: 9 | loss: 0.0062272
	speed: 0.0012s/iter; left time: 314.3343s
	iters: 500, epoch: 9 | loss: 0.1735560
	speed: 0.0012s/iter; left time: 313.4004s
	iters: 600, epoch: 9 | loss: 0.2820834
	speed: 0.0012s/iter; left time: 313.2810s
	iters: 700, epoch: 9 | loss: 0.2020476
	speed: 0.0012s/iter; left time: 314.0085s
	iters: 800, epoch: 9 | loss: 0.5323464
	speed: 0.0012s/iter; left time: 313.0491s
	iters: 900, epoch: 9 | loss: 0.0285847
	speed: 0.0012s/iter; left time: 322.6702s
	iters: 1000, epoch: 9 | loss: 0.2614753
	speed: 0.0012s/iter; left time: 314.0972s
	iters: 1100, epoch: 9 | loss: 0.0801402
	speed: 0.0012s/iter; left time: 313.0614s
	iters: 1200, epoch: 9 | loss: 0.0738562
	speed: 0.0012s/iter; left time: 311.8418s
	iters: 1300, epoch: 9 | loss: 0.0087502
	speed: 0.0012s/iter; left time: 313.4214s
	iters: 1400, epoch: 9 | loss: 0.1257972
	speed: 0.0012s/iter; left time: 312.7567s
	iters: 1500, epoch: 9 | loss: 0.0155978
	speed: 0.0012s/iter; left time: 313.0064s
	iters: 1600, epoch: 9 | loss: 0.2283464
	speed: 0.0012s/iter; left time: 312.4669s
	iters: 1700, epoch: 9 | loss: 0.3647040
	speed: 0.0012s/iter; left time: 311.8570s
	iters: 1800, epoch: 9 | loss: 0.0421976
	speed: 0.0012s/iter; left time: 312.1483s
	iters: 1900, epoch: 9 | loss: 0.0485743
	speed: 0.0012s/iter; left time: 311.5138s
	iters: 2000, epoch: 9 | loss: 0.6576968
	speed: 0.0012s/iter; left time: 310.8101s
	iters: 2100, epoch: 9 | loss: 0.0674115
	speed: 0.0012s/iter; left time: 310.4503s
	iters: 2200, epoch: 9 | loss: 0.0042162
	speed: 0.0012s/iter; left time: 311.4291s
	iters: 2300, epoch: 9 | loss: 1.3711896
	speed: 0.0012s/iter; left time: 311.4584s
	iters: 2400, epoch: 9 | loss: 1.9399196
	speed: 0.0012s/iter; left time: 311.6894s
	iters: 2500, epoch: 9 | loss: 0.0225874
	speed: 0.0012s/iter; left time: 311.0034s
	iters: 2600, epoch: 9 | loss: 0.0304013
	speed: 0.0012s/iter; left time: 310.4141s
	iters: 2700, epoch: 9 | loss: 1.2797953
	speed: 0.0012s/iter; left time: 311.5671s
	iters: 2800, epoch: 9 | loss: 0.0229573
	speed: 0.0012s/iter; left time: 310.8069s
Epoch: 9 cost time: 3.5051369667053223
not here
Epoch: 9, Steps: 2874 | Train Loss: 0.2484256 Vali Loss: 0.0494040 Test Loss: 725.8355103
EarlyStopping counter: 7 out of 10
Updating learning rate to 3.90625e-07
	iters: 100, epoch: 10 | loss: 0.1080852
	speed: 0.0138s/iter; left time: 3605.3736s
	iters: 200, epoch: 10 | loss: 0.4765784
	speed: 0.0012s/iter; left time: 312.9905s
	iters: 300, epoch: 10 | loss: 0.0273933
	speed: 0.0012s/iter; left time: 311.0134s
	iters: 400, epoch: 10 | loss: 0.5717323
	speed: 0.0012s/iter; left time: 310.4947s
	iters: 500, epoch: 10 | loss: 0.8486249
	speed: 0.0012s/iter; left time: 311.0883s
	iters: 600, epoch: 10 | loss: 0.8829708
	speed: 0.0012s/iter; left time: 311.5117s
	iters: 700, epoch: 10 | loss: 0.0067864
	speed: 0.0012s/iter; left time: 309.0975s
	iters: 800, epoch: 10 | loss: 0.0284421
	speed: 0.0012s/iter; left time: 309.3228s
	iters: 900, epoch: 10 | loss: 0.5219415
	speed: 0.0012s/iter; left time: 313.3483s
	iters: 1000, epoch: 10 | loss: 0.4657212
	speed: 0.0012s/iter; left time: 310.5186s
	iters: 1100, epoch: 10 | loss: 0.0558061
	speed: 0.0012s/iter; left time: 309.5971s
	iters: 1200, epoch: 10 | loss: 0.0707088
	speed: 0.0012s/iter; left time: 311.5346s
	iters: 1300, epoch: 10 | loss: 0.1508204
	speed: 0.0012s/iter; left time: 315.2958s
	iters: 1400, epoch: 10 | loss: 0.0089210
	speed: 0.0012s/iter; left time: 310.0573s
	iters: 1500, epoch: 10 | loss: 0.0376177
	speed: 0.0012s/iter; left time: 308.8253s
	iters: 1600, epoch: 10 | loss: 0.0069376
	speed: 0.0012s/iter; left time: 307.8079s
	iters: 1700, epoch: 10 | loss: 0.0084586
	speed: 0.0012s/iter; left time: 308.2185s
	iters: 1800, epoch: 10 | loss: 0.2763233
	speed: 0.0012s/iter; left time: 308.5445s
	iters: 1900, epoch: 10 | loss: 0.5409535
	speed: 0.0012s/iter; left time: 308.4233s
	iters: 2000, epoch: 10 | loss: 0.0110290
	speed: 0.0012s/iter; left time: 308.3583s
	iters: 2100, epoch: 10 | loss: 0.8968946
	speed: 0.0012s/iter; left time: 308.3205s
	iters: 2200, epoch: 10 | loss: 0.1938079
	speed: 0.0012s/iter; left time: 306.9465s
	iters: 2300, epoch: 10 | loss: 0.1891600
	speed: 0.0012s/iter; left time: 307.5538s
	iters: 2400, epoch: 10 | loss: 0.1757090
	speed: 0.0012s/iter; left time: 306.7531s
	iters: 2500, epoch: 10 | loss: 0.0731938
	speed: 0.0012s/iter; left time: 305.8454s
	iters: 2600, epoch: 10 | loss: 0.1143514
	speed: 0.0012s/iter; left time: 306.6904s
	iters: 2700, epoch: 10 | loss: 0.0333344
	speed: 0.0012s/iter; left time: 307.7000s
	iters: 2800, epoch: 10 | loss: 0.0447316
	speed: 0.0012s/iter; left time: 305.5560s
Epoch: 10 cost time: 3.504179000854492
not here
Epoch: 10, Steps: 2874 | Train Loss: 0.2483418 Vali Loss: 0.0495066 Test Loss: 725.5890503
EarlyStopping counter: 8 out of 10
Updating learning rate to 1.953125e-07
	iters: 100, epoch: 11 | loss: 0.4302709
	speed: 0.0138s/iter; left time: 3566.7273s
	iters: 200, epoch: 11 | loss: 1.2817097
	speed: 0.0012s/iter; left time: 308.5489s
	iters: 300, epoch: 11 | loss: 0.3211530
	speed: 0.0012s/iter; left time: 316.7483s
	iters: 400, epoch: 11 | loss: 0.0128942
	speed: 0.0012s/iter; left time: 307.6531s
	iters: 500, epoch: 11 | loss: 0.0405694
	speed: 0.0012s/iter; left time: 308.7761s
	iters: 600, epoch: 11 | loss: 0.4620864
	speed: 0.0012s/iter; left time: 306.8261s
	iters: 700, epoch: 11 | loss: 0.1583738
	speed: 0.0012s/iter; left time: 305.7096s
	iters: 800, epoch: 11 | loss: 0.0064976
	speed: 0.0012s/iter; left time: 306.5680s
	iters: 900, epoch: 11 | loss: 0.0373144
	speed: 0.0012s/iter; left time: 307.6407s
	iters: 1000, epoch: 11 | loss: 0.0199075
	speed: 0.0012s/iter; left time: 306.7430s
	iters: 1100, epoch: 11 | loss: 0.8577136
	speed: 0.0012s/iter; left time: 305.4364s
	iters: 1200, epoch: 11 | loss: 0.0953880
	speed: 0.0012s/iter; left time: 304.5585s
	iters: 1300, epoch: 11 | loss: 0.0096977
	speed: 0.0012s/iter; left time: 305.2612s
	iters: 1400, epoch: 11 | loss: 0.2877417
	speed: 0.0012s/iter; left time: 305.6007s
	iters: 1500, epoch: 11 | loss: 0.0318488
	speed: 0.0012s/iter; left time: 304.4035s
	iters: 1600, epoch: 11 | loss: 0.1163424
	speed: 0.0012s/iter; left time: 312.3751s
	iters: 1700, epoch: 11 | loss: 0.0621209
	speed: 0.0012s/iter; left time: 306.8084s
	iters: 1800, epoch: 11 | loss: 0.3101443
	speed: 0.0012s/iter; left time: 305.7704s
	iters: 1900, epoch: 11 | loss: 0.0893820
	speed: 0.0012s/iter; left time: 305.1965s
	iters: 2000, epoch: 11 | loss: 0.2645357
	speed: 0.0012s/iter; left time: 304.1078s
	iters: 2100, epoch: 11 | loss: 0.1016334
	speed: 0.0012s/iter; left time: 303.9807s
	iters: 2200, epoch: 11 | loss: 0.3287528
	speed: 0.0012s/iter; left time: 304.3166s
	iters: 2300, epoch: 11 | loss: 0.1099335
	speed: 0.0012s/iter; left time: 304.1618s
	iters: 2400, epoch: 11 | loss: 1.0473992
	speed: 0.0012s/iter; left time: 302.3728s
	iters: 2500, epoch: 11 | loss: 0.0557702
	speed: 0.0012s/iter; left time: 303.6815s
	iters: 2600, epoch: 11 | loss: 0.0099326
	speed: 0.0012s/iter; left time: 304.6392s
	iters: 2700, epoch: 11 | loss: 0.0155668
	speed: 0.0012s/iter; left time: 303.2698s
	iters: 2800, epoch: 11 | loss: 0.0272617
	speed: 0.0012s/iter; left time: 302.5279s
Epoch: 11 cost time: 3.506887912750244
not here
Epoch: 11, Steps: 2874 | Train Loss: 0.2482989 Vali Loss: 0.0494952 Test Loss: 725.5972900
EarlyStopping counter: 9 out of 10
Updating learning rate to 9.765625e-08
	iters: 100, epoch: 12 | loss: 0.1098174
	speed: 0.0138s/iter; left time: 3538.5845s
	iters: 200, epoch: 12 | loss: 0.0251772
	speed: 0.0012s/iter; left time: 303.0400s
	iters: 300, epoch: 12 | loss: 0.5519168
	speed: 0.0012s/iter; left time: 305.2044s
	iters: 400, epoch: 12 | loss: 0.1743924
	speed: 0.0012s/iter; left time: 305.0655s
	iters: 500, epoch: 12 | loss: 0.0256495
	speed: 0.0012s/iter; left time: 303.2162s
	iters: 600, epoch: 12 | loss: 0.0086232
	speed: 0.0012s/iter; left time: 301.2004s
	iters: 700, epoch: 12 | loss: 0.0119492
	speed: 0.0012s/iter; left time: 301.6097s
	iters: 800, epoch: 12 | loss: 0.3286695
	speed: 0.0012s/iter; left time: 302.1395s
	iters: 900, epoch: 12 | loss: 0.5042092
	speed: 0.0012s/iter; left time: 309.7947s
	iters: 1000, epoch: 12 | loss: 0.1711899
	speed: 0.0012s/iter; left time: 302.5604s
	iters: 1100, epoch: 12 | loss: 0.3606727
	speed: 0.0012s/iter; left time: 302.3287s
	iters: 1200, epoch: 12 | loss: 0.5075968
	speed: 0.0012s/iter; left time: 302.0722s
	iters: 1300, epoch: 12 | loss: 0.0095931
	speed: 0.0012s/iter; left time: 301.7351s
	iters: 1400, epoch: 12 | loss: 0.4601886
	speed: 0.0012s/iter; left time: 300.7232s
	iters: 1500, epoch: 12 | loss: 0.0678521
	speed: 0.0012s/iter; left time: 300.2242s
	iters: 1600, epoch: 12 | loss: 0.6177117
	speed: 0.0012s/iter; left time: 301.4255s
	iters: 1700, epoch: 12 | loss: 0.0105927
	speed: 0.0012s/iter; left time: 302.1399s
	iters: 1800, epoch: 12 | loss: 0.0673794
	speed: 0.0012s/iter; left time: 300.8044s
	iters: 1900, epoch: 12 | loss: 0.0112757
	speed: 0.0012s/iter; left time: 303.2247s
	iters: 2000, epoch: 12 | loss: 1.3442135
	speed: 0.0012s/iter; left time: 309.0949s
	iters: 2100, epoch: 12 | loss: 0.1610738
	speed: 0.0012s/iter; left time: 301.0092s
	iters: 2200, epoch: 12 | loss: 0.2198981
	speed: 0.0012s/iter; left time: 300.6856s
	iters: 2300, epoch: 12 | loss: 0.0594800
	speed: 0.0012s/iter; left time: 299.5964s
	iters: 2400, epoch: 12 | loss: 0.0928426
	speed: 0.0012s/iter; left time: 298.8850s
	iters: 2500, epoch: 12 | loss: 0.3226077
	speed: 0.0012s/iter; left time: 300.1656s
	iters: 2600, epoch: 12 | loss: 0.1087766
	speed: 0.0012s/iter; left time: 300.2644s
	iters: 2700, epoch: 12 | loss: 0.1629580
	speed: 0.0012s/iter; left time: 298.7568s
	iters: 2800, epoch: 12 | loss: 0.3693106
	speed: 0.0012s/iter; left time: 299.3921s
Epoch: 12 cost time: 3.49977707862854
not here
Epoch: 12, Steps: 2874 | Train Loss: 0.2482797 Vali Loss: 0.0494861 Test Loss: 725.6102295
EarlyStopping counter: 10 out of 10
Early stopping
>>>>>>>testing : Space_20_DLinear_custom_ftS_sl60_ll30_pl30_dm256_nh8_el2_dl1_df2048_fc1_ebtimeF_dtTrue_Exp_0<<<<<<<<<<<<<<<<<<<<<<<<<<<<<<<<<
test 817
mse:38.18635177612305, mae:5.262921333312988, rse:1.7191835641860962, corr:[0. 0. 0. 0. 0. 0. 0. 0. 0. 0. 0. 0. 0. 0. 0. 0. 0. 0. 0. 0. 0. 0. 0. 0.
 0. 0. 0. 0. 0. 0.]
