Args in experiment:
Namespace(activation='gelu', batch_size=8, c_out=7, checkpoints='./checkpoints/', d_ff=2048, d_layers=1, d_model=512, data='custom', data_path='ai_competition_nonan.csv', dec_in=7, des='Exp', devices='0,1,2,3', distil=True, do_predict=False, dropout=0.05, e_layers=2, embed='timeF', embed_type=0, enc_in=1, factor=1, features='S', freq='h', gpu=0, individual=False, is_training=1, itr=1, label_len=30, learning_rate=0.0025, loss='mse', lradj='type1', model='DLinear', model_id='Space_2_2', moving_avg=25, n_heads=8, num_workers=10, output_attention=False, patience=3, pred_len=30, root_path='./dataset/', seq_len=60, target='OT', test_flop=False, train_epochs=10, use_amp=False, use_gpu=False, use_multi_gpu=False)
Use CPU
>>>>>>>start training : Space_2_2_DLinear_custom_ftS_sl60_ll30_pl30_dm512_nh8_el2_dl1_df2048_fc1_ebtimeF_dtTrue_Exp_0>>>>>>>>>>>>>>>>>>>>>>>>>>
train 2944
val 406
test 837
	iters: 100, epoch: 1 | loss: 0.2467966
	speed: 0.0098s/iter; left time: 35.1750s
	iters: 200, epoch: 1 | loss: 0.6641021
	speed: 0.0039s/iter; left time: 13.6272s
	iters: 300, epoch: 1 | loss: 0.2463821
	speed: 0.0032s/iter; left time: 10.7176s
Epoch: 1 cost time: 1.7924699783325195
Epoch: 1, Steps: 368 | Train Loss: 0.3338038 Vali Loss: 0.0590944 Test Loss: 0.9145145
Validation loss decreased (inf --> 0.059094).  Saving model ...
Updating learning rate to 0.0025
	iters: 100, epoch: 2 | loss: 0.0832814
	speed: 0.0056s/iter; left time: 17.9134s
	iters: 200, epoch: 2 | loss: 0.1795000
	speed: 0.0012s/iter; left time: 3.7268s
	iters: 300, epoch: 2 | loss: 0.4177282
	speed: 0.0012s/iter; left time: 3.5370s
Epoch: 2 cost time: 0.5146002769470215
Epoch: 2, Steps: 368 | Train Loss: 0.3182699 Vali Loss: 0.0555372 Test Loss: 0.9258999
Validation loss decreased (0.059094 --> 0.055537).  Saving model ...
Updating learning rate to 0.00125
	iters: 100, epoch: 3 | loss: 0.3073778
	speed: 0.0054s/iter; left time: 15.3420s
	iters: 200, epoch: 3 | loss: 0.1919327
	speed: 0.0012s/iter; left time: 3.1655s
	iters: 300, epoch: 3 | loss: 0.3496356
	speed: 0.0012s/iter; left time: 3.0596s
Epoch: 3 cost time: 0.5065758228302002
Epoch: 3, Steps: 368 | Train Loss: 0.3054652 Vali Loss: 0.0792138 Test Loss: 0.9201038
EarlyStopping counter: 1 out of 3
Updating learning rate to 0.000625
	iters: 100, epoch: 4 | loss: 0.3125857
	speed: 0.0054s/iter; left time: 13.3207s
	iters: 200, epoch: 4 | loss: 0.2209151
	speed: 0.0012s/iter; left time: 2.7519s
	iters: 300, epoch: 4 | loss: 0.2842678
	speed: 0.0012s/iter; left time: 2.6473s
Epoch: 4 cost time: 0.5060431957244873
Epoch: 4, Steps: 368 | Train Loss: 0.2997136 Vali Loss: 0.0730023 Test Loss: 0.8732275
EarlyStopping counter: 2 out of 3
Updating learning rate to 0.0003125
	iters: 100, epoch: 5 | loss: 0.2178293
	speed: 0.0053s/iter; left time: 11.2287s
	iters: 200, epoch: 5 | loss: 0.2900119
	speed: 0.0012s/iter; left time: 2.3309s
	iters: 300, epoch: 5 | loss: 0.4262791
	speed: 0.0012s/iter; left time: 2.2024s
Epoch: 5 cost time: 0.5054690837860107
Epoch: 5, Steps: 368 | Train Loss: 0.2960565 Vali Loss: 0.0673693 Test Loss: 0.8831803
EarlyStopping counter: 3 out of 3
Early stopping
>>>>>>>testing : Space_2_2_DLinear_custom_ftS_sl60_ll30_pl30_dm512_nh8_el2_dl1_df2048_fc1_ebtimeF_dtTrue_Exp_0<<<<<<<<<<<<<<<<<<<<<<<<<<<<<<<<<
test 837
mse:0.925899863243103, mae:0.5971894264221191, rse:0.8610849380493164, corr:[0.1267331  0.12911184 0.13304053 0.13076232 0.12629448 0.12994029
 0.12893884 0.1300249  0.12763079 0.12550513 0.12580095 0.12514138
 0.12417195 0.12165406 0.12341809 0.12141518 0.12068354 0.12084934
 0.1202892  0.12132319 0.12077277 0.11842533 0.11645106 0.11075657
 0.10723213 0.1077019  0.10446715 0.10344394 0.10057313 0.10047146]
