Args in experiment:
Namespace(activation='gelu', batch_size=1, c_out=7, checkpoints='./checkpoints/', d_ff=2048, d_layers=1, d_model=256, data='custom', data_path='ai_competition_noout.csv', dec_in=3, des='Exp', devices='0,1,2,3', distil=True, do_predict=False, dropout=0.05, e_layers=2, embed='timeF', embed_type=0, enc_in=1, factor=1, features='S', freq='h', gpu=0, individual=False, is_training=1, itr=1, label_len=30, learning_rate=8e-05, loss='mse', lradj='type1', model='DLinear', model_id='Space_16', moving_avg=25, n_heads=8, num_workers=10, output_attention=False, patience=10, pred_len=30, root_path='./dataset/', seq_len=60, target='OT', test_flop=False, train_epochs=100, use_amp=False, use_gpu=False, use_multi_gpu=False)
Use CPU
>>>>>>>start training : Space_16_DLinear_custom_ftS_sl60_ll30_pl30_dm256_nh8_el2_dl1_df2048_fc1_ebtimeF_dtTrue_Exp_0>>>>>>>>>>>>>>>>>>>>>>>>>>
train 2874
val 395
test 817
	iters: 100, epoch: 1 | loss: 6.7189145
	speed: 0.0068s/iter; left time: 1940.5632s
	iters: 200, epoch: 1 | loss: 17.0674801
	speed: 0.0012s/iter; left time: 351.8642s
	iters: 300, epoch: 1 | loss: 0.5425005
	speed: 0.0013s/iter; left time: 359.4416s
	iters: 400, epoch: 1 | loss: 0.3614226
	speed: 0.0012s/iter; left time: 352.0208s
	iters: 500, epoch: 1 | loss: 0.2207471
	speed: 0.0012s/iter; left time: 349.7387s
	iters: 600, epoch: 1 | loss: 0.3878846
	speed: 0.0012s/iter; left time: 350.9297s
	iters: 700, epoch: 1 | loss: 0.2273553
	speed: 0.0012s/iter; left time: 343.7825s
	iters: 800, epoch: 1 | loss: 0.1665638
	speed: 0.0012s/iter; left time: 342.4477s
	iters: 900, epoch: 1 | loss: 0.2122314
	speed: 0.0012s/iter; left time: 341.7872s
	iters: 1000, epoch: 1 | loss: 0.1402303
	speed: 0.0012s/iter; left time: 342.1691s
	iters: 1100, epoch: 1 | loss: 0.6091465
	speed: 0.0012s/iter; left time: 351.5650s
	iters: 1200, epoch: 1 | loss: 0.1483898
	speed: 0.0012s/iter; left time: 344.9639s
	iters: 1300, epoch: 1 | loss: 0.5931244
	speed: 0.0012s/iter; left time: 352.9715s
	iters: 1400, epoch: 1 | loss: 0.3676945
	speed: 0.0012s/iter; left time: 349.8390s
	iters: 1500, epoch: 1 | loss: 0.7744113
	speed: 0.0012s/iter; left time: 345.2860s
	iters: 1600, epoch: 1 | loss: 0.1040573
	speed: 0.0012s/iter; left time: 348.7773s
	iters: 1700, epoch: 1 | loss: 2.6973364
	speed: 0.0012s/iter; left time: 341.9785s
	iters: 1800, epoch: 1 | loss: 0.1883899
	speed: 0.0012s/iter; left time: 346.7485s
	iters: 1900, epoch: 1 | loss: 0.1051326
	speed: 0.0012s/iter; left time: 340.5282s
	iters: 2000, epoch: 1 | loss: 0.5377075
	speed: 0.0012s/iter; left time: 340.0129s
	iters: 2100, epoch: 1 | loss: 0.1965757
	speed: 0.0012s/iter; left time: 340.5440s
	iters: 2200, epoch: 1 | loss: 0.2728159
	speed: 0.0012s/iter; left time: 339.0498s
	iters: 2300, epoch: 1 | loss: 0.0200988
	speed: 0.0012s/iter; left time: 339.4753s
	iters: 2400, epoch: 1 | loss: 0.0602706
	speed: 0.0012s/iter; left time: 337.4979s
	iters: 2500, epoch: 1 | loss: 0.0543063
	speed: 0.0012s/iter; left time: 339.8499s
	iters: 2600, epoch: 1 | loss: 0.1227822
	speed: 0.0012s/iter; left time: 346.8284s
	iters: 2700, epoch: 1 | loss: 0.0471395
	speed: 0.0012s/iter; left time: 344.3994s
	iters: 2800, epoch: 1 | loss: 0.0353019
	speed: 0.0012s/iter; left time: 338.0542s
Epoch: 1 cost time: 4.038206100463867
called
up to here
called
up to here
not here
Epoch: 1, Steps: 2874 | Train Loss: 1.0990292 Vali Loss: 0.0928119 Test Loss: 0.8550431
Validation loss decreased (inf --> 0.092812).  Saving model ...
Updating learning rate to 8e-05
	iters: 100, epoch: 2 | loss: 0.1312293
	speed: 0.0146s/iter; left time: 4146.3603s
	iters: 200, epoch: 2 | loss: 0.1409743
	speed: 0.0012s/iter; left time: 343.8202s
	iters: 300, epoch: 2 | loss: 0.2975904
	speed: 0.0012s/iter; left time: 343.2494s
	iters: 400, epoch: 2 | loss: 0.4981568
	speed: 0.0012s/iter; left time: 341.7595s
	iters: 500, epoch: 2 | loss: 0.0137026
	speed: 0.0012s/iter; left time: 340.5632s
	iters: 600, epoch: 2 | loss: 0.7368414
	speed: 0.0012s/iter; left time: 340.3012s
	iters: 700, epoch: 2 | loss: 0.0477276
	speed: 0.0012s/iter; left time: 339.9221s
	iters: 800, epoch: 2 | loss: 0.1161133
	speed: 0.0012s/iter; left time: 341.3664s
	iters: 900, epoch: 2 | loss: 0.1840074
	speed: 0.0012s/iter; left time: 344.6373s
	iters: 1000, epoch: 2 | loss: 0.0956349
	speed: 0.0012s/iter; left time: 340.0347s
	iters: 1100, epoch: 2 | loss: 0.3169785
	speed: 0.0012s/iter; left time: 342.9671s
	iters: 1200, epoch: 2 | loss: 0.8668298
	speed: 0.0012s/iter; left time: 340.5737s
	iters: 1300, epoch: 2 | loss: 0.1408275
	speed: 0.0012s/iter; left time: 342.9371s
	iters: 1400, epoch: 2 | loss: 0.4361250
	speed: 0.0012s/iter; left time: 339.4497s
	iters: 1500, epoch: 2 | loss: 0.0277031
	speed: 0.0012s/iter; left time: 339.7481s
	iters: 1600, epoch: 2 | loss: 0.0170808
	speed: 0.0012s/iter; left time: 352.6179s
	iters: 1700, epoch: 2 | loss: 0.0497107
	speed: 0.0012s/iter; left time: 346.6362s
	iters: 1800, epoch: 2 | loss: 0.4334314
	speed: 0.0015s/iter; left time: 417.0359s
	iters: 1900, epoch: 2 | loss: 0.0094328
	speed: 0.0012s/iter; left time: 347.7691s
	iters: 2000, epoch: 2 | loss: 0.0592670
	speed: 0.0012s/iter; left time: 338.8455s
	iters: 2100, epoch: 2 | loss: 0.0192406
	speed: 0.0012s/iter; left time: 344.4821s
	iters: 2200, epoch: 2 | loss: 0.1057887
	speed: 0.0012s/iter; left time: 338.4824s
	iters: 2300, epoch: 2 | loss: 0.0325933
	speed: 0.0012s/iter; left time: 338.3525s
	iters: 2400, epoch: 2 | loss: 0.0290288
	speed: 0.0012s/iter; left time: 338.1149s
	iters: 2500, epoch: 2 | loss: 0.0087614
	speed: 0.0012s/iter; left time: 338.0804s
	iters: 2600, epoch: 2 | loss: 0.0808937
	speed: 0.0012s/iter; left time: 338.3968s
	iters: 2700, epoch: 2 | loss: 0.4824672
	speed: 0.0012s/iter; left time: 341.2218s
	iters: 2800, epoch: 2 | loss: 0.0397203
	speed: 0.0012s/iter; left time: 349.0287s
Epoch: 2 cost time: 3.586793899536133
called
up to here
called
up to here
not here
Epoch: 2, Steps: 2874 | Train Loss: 0.2686454 Vali Loss: 0.0432738 Test Loss: 0.8347607
Validation loss decreased (0.092812 --> 0.043274).  Saving model ...
Updating learning rate to 4e-05
	iters: 100, epoch: 3 | loss: 0.0138017
	speed: 0.0146s/iter; left time: 4121.9191s
	iters: 200, epoch: 3 | loss: 0.2185701
	speed: 0.0012s/iter; left time: 339.0719s
	iters: 300, epoch: 3 | loss: 0.0614552
	speed: 0.0012s/iter; left time: 337.8319s
	iters: 400, epoch: 3 | loss: 0.0154048
	speed: 0.0012s/iter; left time: 338.8933s
	iters: 500, epoch: 3 | loss: 0.8085327
	speed: 0.0012s/iter; left time: 338.4886s
	iters: 600, epoch: 3 | loss: 0.1595729
	speed: 0.0012s/iter; left time: 336.9289s
	iters: 700, epoch: 3 | loss: 0.3234392
	speed: 0.0012s/iter; left time: 336.7025s
	iters: 800, epoch: 3 | loss: 0.1001639
	speed: 0.0012s/iter; left time: 340.2849s
	iters: 900, epoch: 3 | loss: 0.0448645
	speed: 0.0012s/iter; left time: 335.9434s
	iters: 1000, epoch: 3 | loss: 0.2008461
	speed: 0.0012s/iter; left time: 336.2420s
	iters: 1100, epoch: 3 | loss: 0.3284723
	speed: 0.0012s/iter; left time: 334.6860s
	iters: 1200, epoch: 3 | loss: 0.0934245
	speed: 0.0012s/iter; left time: 335.5035s
	iters: 1300, epoch: 3 | loss: 0.0118602
	speed: 0.0012s/iter; left time: 336.3056s
	iters: 1400, epoch: 3 | loss: 0.1170057
	speed: 0.0012s/iter; left time: 336.8138s
	iters: 1500, epoch: 3 | loss: 0.1669226
	speed: 0.0012s/iter; left time: 335.7885s
	iters: 1600, epoch: 3 | loss: 0.0679041
	speed: 0.0012s/iter; left time: 334.0442s
	iters: 1700, epoch: 3 | loss: 0.1136167
	speed: 0.0012s/iter; left time: 336.6882s
	iters: 1800, epoch: 3 | loss: 0.5125457
	speed: 0.0014s/iter; left time: 378.8431s
	iters: 1900, epoch: 3 | loss: 0.1820410
	speed: 0.0012s/iter; left time: 341.4713s
	iters: 2000, epoch: 3 | loss: 0.2962021
	speed: 0.0012s/iter; left time: 341.2079s
	iters: 2100, epoch: 3 | loss: 0.7693370
	speed: 0.0012s/iter; left time: 337.8454s
	iters: 2200, epoch: 3 | loss: 0.3033610
	speed: 0.0012s/iter; left time: 335.0081s
	iters: 2300, epoch: 3 | loss: 0.0053803
	speed: 0.0012s/iter; left time: 339.2468s
	iters: 2400, epoch: 3 | loss: 0.2969242
	speed: 0.0012s/iter; left time: 335.5394s
	iters: 2500, epoch: 3 | loss: 0.1890596
	speed: 0.0012s/iter; left time: 335.3580s
	iters: 2600, epoch: 3 | loss: 0.0512258
	speed: 0.0012s/iter; left time: 334.3882s
	iters: 2700, epoch: 3 | loss: 0.1219954
	speed: 0.0012s/iter; left time: 333.7669s
	iters: 2800, epoch: 3 | loss: 0.1433561
	speed: 0.0012s/iter; left time: 331.7964s
Epoch: 3 cost time: 3.5565731525421143
called
up to here
called
up to here
not here
Epoch: 3, Steps: 2874 | Train Loss: 0.2564526 Vali Loss: 0.0518313 Test Loss: 0.8070348
EarlyStopping counter: 1 out of 10
Updating learning rate to 2e-05
	iters: 100, epoch: 4 | loss: 0.2781869
	speed: 0.0147s/iter; left time: 4084.8238s
	iters: 200, epoch: 4 | loss: 0.0561299
	speed: 0.0012s/iter; left time: 336.4564s
	iters: 300, epoch: 4 | loss: 0.3760472
	speed: 0.0012s/iter; left time: 334.9467s
	iters: 400, epoch: 4 | loss: 0.3194798
	speed: 0.0012s/iter; left time: 334.9060s
	iters: 500, epoch: 4 | loss: 0.0794396
	speed: 0.0012s/iter; left time: 333.2889s
	iters: 600, epoch: 4 | loss: 0.0076420
	speed: 0.0012s/iter; left time: 333.9266s
	iters: 700, epoch: 4 | loss: 0.3645054
	speed: 0.0012s/iter; left time: 334.2700s
	iters: 800, epoch: 4 | loss: 0.0684458
	speed: 0.0012s/iter; left time: 332.8355s
	iters: 900, epoch: 4 | loss: 0.0584108
	speed: 0.0012s/iter; left time: 338.6460s
	iters: 1000, epoch: 4 | loss: 0.1871600
	speed: 0.0012s/iter; left time: 335.9379s
	iters: 1100, epoch: 4 | loss: 0.5040757
	speed: 0.0012s/iter; left time: 333.9394s
	iters: 1200, epoch: 4 | loss: 0.1706294
	speed: 0.0012s/iter; left time: 332.7980s
	iters: 1300, epoch: 4 | loss: 1.2890477
	speed: 0.0012s/iter; left time: 333.4025s
	iters: 1400, epoch: 4 | loss: 0.0188867
	speed: 0.0012s/iter; left time: 331.6370s
	iters: 1500, epoch: 4 | loss: 0.0103980
	speed: 0.0012s/iter; left time: 331.8473s
	iters: 1600, epoch: 4 | loss: 0.1361401
	speed: 0.0012s/iter; left time: 332.0858s
	iters: 1700, epoch: 4 | loss: 0.2123812
	speed: 0.0012s/iter; left time: 331.3609s
	iters: 1800, epoch: 4 | loss: 0.0357057
	speed: 0.0012s/iter; left time: 332.2305s
	iters: 1900, epoch: 4 | loss: 0.0134101
	speed: 0.0012s/iter; left time: 333.7860s
	iters: 2000, epoch: 4 | loss: 0.0387079
	speed: 0.0012s/iter; left time: 331.7696s
	iters: 2100, epoch: 4 | loss: 0.0121018
	speed: 0.0012s/iter; left time: 332.5132s
	iters: 2200, epoch: 4 | loss: 0.0140922
	speed: 0.0012s/iter; left time: 331.9809s
	iters: 2300, epoch: 4 | loss: 0.3001061
	speed: 0.0012s/iter; left time: 331.2023s
	iters: 2400, epoch: 4 | loss: 0.0167356
	speed: 0.0012s/iter; left time: 333.1193s
	iters: 2500, epoch: 4 | loss: 0.5707213
	speed: 0.0012s/iter; left time: 333.1266s
	iters: 2600, epoch: 4 | loss: 0.0316011
	speed: 0.0012s/iter; left time: 331.0141s
	iters: 2700, epoch: 4 | loss: 1.6284544
	speed: 0.0012s/iter; left time: 330.7376s
	iters: 2800, epoch: 4 | loss: 0.1046730
	speed: 0.0012s/iter; left time: 331.9206s
Epoch: 4 cost time: 3.53969407081604
called
up to here
called
up to here
not here
Epoch: 4, Steps: 2874 | Train Loss: 0.2526294 Vali Loss: 0.0606808 Test Loss: 0.7835422
EarlyStopping counter: 2 out of 10
Updating learning rate to 1e-05
	iters: 100, epoch: 5 | loss: 0.1014664
	speed: 0.0146s/iter; left time: 4040.3885s
	iters: 200, epoch: 5 | loss: 0.7690637
	speed: 0.0012s/iter; left time: 333.0300s
	iters: 300, epoch: 5 | loss: 0.0121356
	speed: 0.0012s/iter; left time: 331.0759s
	iters: 400, epoch: 5 | loss: 0.0348436
	speed: 0.0012s/iter; left time: 331.0793s
	iters: 500, epoch: 5 | loss: 0.0282307
	speed: 0.0012s/iter; left time: 331.6985s
	iters: 600, epoch: 5 | loss: 0.1292309
	speed: 0.0012s/iter; left time: 329.9935s
	iters: 700, epoch: 5 | loss: 0.0343451
	speed: 0.0012s/iter; left time: 329.8802s
	iters: 800, epoch: 5 | loss: 0.1713516
	speed: 0.0012s/iter; left time: 330.2411s
	iters: 900, epoch: 5 | loss: 0.1286172
	speed: 0.0012s/iter; left time: 331.5544s
	iters: 1000, epoch: 5 | loss: 0.1147229
	speed: 0.0012s/iter; left time: 329.2506s
	iters: 1100, epoch: 5 | loss: 0.0165806
	speed: 0.0012s/iter; left time: 329.6399s
	iters: 1200, epoch: 5 | loss: 0.0395245
	speed: 0.0012s/iter; left time: 329.3411s
	iters: 1300, epoch: 5 | loss: 0.0809672
	speed: 0.0012s/iter; left time: 329.8341s
	iters: 1400, epoch: 5 | loss: 0.2658909
	speed: 0.0012s/iter; left time: 328.3788s
	iters: 1500, epoch: 5 | loss: 0.0404854
	speed: 0.0012s/iter; left time: 327.8182s
	iters: 1600, epoch: 5 | loss: 0.4543802
	speed: 0.0012s/iter; left time: 328.0683s
	iters: 1700, epoch: 5 | loss: 0.4994961
	speed: 0.0012s/iter; left time: 330.0610s
	iters: 1800, epoch: 5 | loss: 0.0968408
	speed: 0.0013s/iter; left time: 354.0665s
	iters: 1900, epoch: 5 | loss: 0.0765861
	speed: 0.0013s/iter; left time: 355.4137s
	iters: 2000, epoch: 5 | loss: 0.2054421
	speed: 0.0012s/iter; left time: 336.6782s
	iters: 2100, epoch: 5 | loss: 0.1167403
	speed: 0.0012s/iter; left time: 335.7641s
	iters: 2200, epoch: 5 | loss: 0.5201424
	speed: 0.0012s/iter; left time: 336.0663s
	iters: 2300, epoch: 5 | loss: 0.0345334
	speed: 0.0016s/iter; left time: 429.6911s
	iters: 2400, epoch: 5 | loss: 0.4291309
	speed: 0.0012s/iter; left time: 331.8548s
	iters: 2500, epoch: 5 | loss: 0.0398905
	speed: 0.0012s/iter; left time: 329.6938s
	iters: 2600, epoch: 5 | loss: 0.0106736
	speed: 0.0012s/iter; left time: 331.8356s
	iters: 2700, epoch: 5 | loss: 0.0696303
	speed: 0.0012s/iter; left time: 338.1321s
	iters: 2800, epoch: 5 | loss: 0.0808692
	speed: 0.0012s/iter; left time: 330.4982s
Epoch: 5 cost time: 3.61155104637146
called
up to here
called
up to here
not here
Epoch: 5, Steps: 2874 | Train Loss: 0.2509576 Vali Loss: 0.0517391 Test Loss: 0.7959521
EarlyStopping counter: 3 out of 10
Updating learning rate to 5e-06
	iters: 100, epoch: 6 | loss: 0.0062420
	speed: 0.0146s/iter; left time: 3996.6358s
	iters: 200, epoch: 6 | loss: 0.0132310
	speed: 0.0012s/iter; left time: 328.8052s
	iters: 300, epoch: 6 | loss: 0.2466244
	speed: 0.0012s/iter; left time: 328.8485s
	iters: 400, epoch: 6 | loss: 0.1354675
	speed: 0.0012s/iter; left time: 328.7689s
	iters: 500, epoch: 6 | loss: 0.1071106
	speed: 0.0012s/iter; left time: 327.4735s
	iters: 600, epoch: 6 | loss: 0.1245740
	speed: 0.0012s/iter; left time: 328.5115s
	iters: 700, epoch: 6 | loss: 0.0012888
	speed: 0.0012s/iter; left time: 337.1459s
	iters: 800, epoch: 6 | loss: 0.1376434
	speed: 0.0012s/iter; left time: 330.5426s
	iters: 900, epoch: 6 | loss: 0.0162384
	speed: 0.0012s/iter; left time: 326.7963s
	iters: 1000, epoch: 6 | loss: 0.1228751
	speed: 0.0012s/iter; left time: 326.1891s
	iters: 1100, epoch: 6 | loss: 2.3243668
	speed: 0.0012s/iter; left time: 326.1379s
	iters: 1200, epoch: 6 | loss: 0.2779174
	speed: 0.0012s/iter; left time: 325.5449s
	iters: 1300, epoch: 6 | loss: 0.1016817
	speed: 0.0012s/iter; left time: 328.1999s
	iters: 1400, epoch: 6 | loss: 0.0117574
	speed: 0.0012s/iter; left time: 323.9253s
	iters: 1500, epoch: 6 | loss: 0.3014036
	speed: 0.0012s/iter; left time: 324.3550s
	iters: 1600, epoch: 6 | loss: 0.3185636
	speed: 0.0012s/iter; left time: 325.5137s
	iters: 1700, epoch: 6 | loss: 0.2091085
	speed: 0.0012s/iter; left time: 324.6129s
	iters: 1800, epoch: 6 | loss: 1.3757408
	speed: 0.0012s/iter; left time: 324.5360s
	iters: 1900, epoch: 6 | loss: 0.3679399
	speed: 0.0012s/iter; left time: 324.0556s
	iters: 2000, epoch: 6 | loss: 0.0106737
	speed: 0.0012s/iter; left time: 325.5677s
	iters: 2100, epoch: 6 | loss: 0.1342492
	speed: 0.0014s/iter; left time: 380.8042s
	iters: 2200, epoch: 6 | loss: 0.0380825
	speed: 0.0013s/iter; left time: 339.1457s
	iters: 2300, epoch: 6 | loss: 0.0536012
	speed: 0.0012s/iter; left time: 330.2085s
	iters: 2400, epoch: 6 | loss: 0.1269937
	speed: 0.0012s/iter; left time: 328.5947s
	iters: 2500, epoch: 6 | loss: 0.0870075
	speed: 0.0013s/iter; left time: 364.1997s
	iters: 2600, epoch: 6 | loss: 0.0048131
	speed: 0.0014s/iter; left time: 369.8556s
	iters: 2700, epoch: 6 | loss: 0.0505781
	speed: 0.0012s/iter; left time: 335.1565s
	iters: 2800, epoch: 6 | loss: 0.3178957
	speed: 0.0012s/iter; left time: 329.0355s
Epoch: 6 cost time: 3.6068620681762695
called
up to here
called
up to here
not here
Epoch: 6, Steps: 2874 | Train Loss: 0.2503262 Vali Loss: 0.0503497 Test Loss: 0.7956470
EarlyStopping counter: 4 out of 10
Updating learning rate to 2.5e-06
	iters: 100, epoch: 7 | loss: 0.0706188
	speed: 0.0147s/iter; left time: 3973.5376s
	iters: 200, epoch: 7 | loss: 0.0081468
	speed: 0.0012s/iter; left time: 326.3726s
	iters: 300, epoch: 7 | loss: 0.1402784
	speed: 0.0012s/iter; left time: 324.8376s
	iters: 400, epoch: 7 | loss: 0.4371491
	speed: 0.0012s/iter; left time: 323.4952s
	iters: 500, epoch: 7 | loss: 0.0018700
	speed: 0.0012s/iter; left time: 322.6122s
	iters: 600, epoch: 7 | loss: 0.0086437
	speed: 0.0012s/iter; left time: 323.1480s
	iters: 700, epoch: 7 | loss: 0.0115934
	speed: 0.0012s/iter; left time: 324.2347s
	iters: 800, epoch: 7 | loss: 0.7616464
	speed: 0.0012s/iter; left time: 323.2441s
	iters: 900, epoch: 7 | loss: 0.4675294
	speed: 0.0012s/iter; left time: 326.5439s
	iters: 1000, epoch: 7 | loss: 0.0563255
	speed: 0.0012s/iter; left time: 322.8559s
	iters: 1100, epoch: 7 | loss: 0.2297921
	speed: 0.0012s/iter; left time: 322.9431s
	iters: 1200, epoch: 7 | loss: 0.4147354
	speed: 0.0012s/iter; left time: 324.1095s
	iters: 1300, epoch: 7 | loss: 0.1571053
	speed: 0.0012s/iter; left time: 321.2166s
	iters: 1400, epoch: 7 | loss: 0.3799327
	speed: 0.0012s/iter; left time: 321.5245s
	iters: 1500, epoch: 7 | loss: 0.1548721
	speed: 0.0012s/iter; left time: 323.2618s
	iters: 1600, epoch: 7 | loss: 0.0134194
	speed: 0.0012s/iter; left time: 321.1245s
	iters: 1700, epoch: 7 | loss: 0.4243249
	speed: 0.0012s/iter; left time: 321.6649s
	iters: 1800, epoch: 7 | loss: 0.0070498
	speed: 0.0012s/iter; left time: 321.3486s
	iters: 1900, epoch: 7 | loss: 0.0264247
	speed: 0.0012s/iter; left time: 321.3376s
	iters: 2000, epoch: 7 | loss: 0.2397618
	speed: 0.0012s/iter; left time: 322.2682s
	iters: 2100, epoch: 7 | loss: 0.0089771
	speed: 0.0012s/iter; left time: 320.3739s
	iters: 2200, epoch: 7 | loss: 0.2425658
	speed: 0.0012s/iter; left time: 321.0261s
	iters: 2300, epoch: 7 | loss: 0.0484655
	speed: 0.0012s/iter; left time: 326.1558s
	iters: 2400, epoch: 7 | loss: 0.0052766
	speed: 0.0012s/iter; left time: 325.1595s
	iters: 2500, epoch: 7 | loss: 0.3913264
	speed: 0.0012s/iter; left time: 320.1147s
	iters: 2600, epoch: 7 | loss: 0.0528622
	speed: 0.0012s/iter; left time: 321.2690s
	iters: 2700, epoch: 7 | loss: 0.0143103
	speed: 0.0012s/iter; left time: 319.1964s
	iters: 2800, epoch: 7 | loss: 0.1872774
	speed: 0.0012s/iter; left time: 320.3902s
Epoch: 7 cost time: 3.5395689010620117
called
up to here
called
up to here
not here
Epoch: 7, Steps: 2874 | Train Loss: 0.2496546 Vali Loss: 0.0502138 Test Loss: 0.7957962
EarlyStopping counter: 5 out of 10
Updating learning rate to 1.25e-06
	iters: 100, epoch: 8 | loss: 0.1249876
	speed: 0.0153s/iter; left time: 4095.4879s
	iters: 200, epoch: 8 | loss: 0.3915047
	speed: 0.0012s/iter; left time: 322.3663s
	iters: 300, epoch: 8 | loss: 1.7366807
	speed: 0.0012s/iter; left time: 321.3939s
	iters: 400, epoch: 8 | loss: 0.3376572
	speed: 0.0012s/iter; left time: 319.9660s
	iters: 500, epoch: 8 | loss: 0.0139467
	speed: 0.0012s/iter; left time: 320.9102s
	iters: 600, epoch: 8 | loss: 0.2168697
	speed: 0.0012s/iter; left time: 320.5744s
	iters: 700, epoch: 8 | loss: 0.0440856
	speed: 0.0012s/iter; left time: 320.2546s
	iters: 800, epoch: 8 | loss: 0.0159710
	speed: 0.0012s/iter; left time: 321.0239s
	iters: 900, epoch: 8 | loss: 0.2968149
	speed: 0.0012s/iter; left time: 327.8001s
	iters: 1000, epoch: 8 | loss: 0.1754317
	speed: 0.0012s/iter; left time: 320.0453s
	iters: 1100, epoch: 8 | loss: 0.6917285
	speed: 0.0012s/iter; left time: 320.7584s
	iters: 1200, epoch: 8 | loss: 0.0899684
	speed: 0.0012s/iter; left time: 318.6827s
	iters: 1300, epoch: 8 | loss: 0.0804733
	speed: 0.0012s/iter; left time: 320.0100s
	iters: 1400, epoch: 8 | loss: 0.0299221
	speed: 0.0012s/iter; left time: 319.4777s
	iters: 1500, epoch: 8 | loss: 0.1498090
	speed: 0.0012s/iter; left time: 317.8658s
	iters: 1600, epoch: 8 | loss: 0.1051158
	speed: 0.0012s/iter; left time: 318.5380s
	iters: 1700, epoch: 8 | loss: 0.3632999
	speed: 0.0012s/iter; left time: 317.0948s
	iters: 1800, epoch: 8 | loss: 0.0071276
	speed: 0.0012s/iter; left time: 317.6318s
	iters: 1900, epoch: 8 | loss: 0.7109528
	speed: 0.0012s/iter; left time: 319.2319s
	iters: 2000, epoch: 8 | loss: 0.7689889
	speed: 0.0012s/iter; left time: 316.2230s
	iters: 2100, epoch: 8 | loss: 0.1866385
	speed: 0.0012s/iter; left time: 316.9441s
	iters: 2200, epoch: 8 | loss: 0.0676636
	speed: 0.0012s/iter; left time: 318.0784s
	iters: 2300, epoch: 8 | loss: 0.7146504
	speed: 0.0012s/iter; left time: 317.5901s
	iters: 2400, epoch: 8 | loss: 0.0325184
	speed: 0.0012s/iter; left time: 316.5931s
	iters: 2500, epoch: 8 | loss: 0.0221834
	speed: 0.0012s/iter; left time: 315.9123s
	iters: 2600, epoch: 8 | loss: 0.3819257
	speed: 0.0012s/iter; left time: 317.5720s
	iters: 2700, epoch: 8 | loss: 0.1035409
	speed: 0.0012s/iter; left time: 316.8546s
	iters: 2800, epoch: 8 | loss: 0.0615257
	speed: 0.0012s/iter; left time: 317.2740s
Epoch: 8 cost time: 3.6014022827148438
called
up to here
called
up to here
not here
Epoch: 8, Steps: 2874 | Train Loss: 0.2495622 Vali Loss: 0.0492154 Test Loss: 0.7973933
EarlyStopping counter: 6 out of 10
Updating learning rate to 6.25e-07
	iters: 100, epoch: 9 | loss: 0.3217513
	speed: 0.0147s/iter; left time: 3875.3543s
	iters: 200, epoch: 9 | loss: 0.1535327
	speed: 0.0012s/iter; left time: 325.1356s
	iters: 300, epoch: 9 | loss: 0.1511147
	speed: 0.0012s/iter; left time: 318.5601s
	iters: 400, epoch: 9 | loss: 0.0062221
	speed: 0.0012s/iter; left time: 316.2723s
	iters: 500, epoch: 9 | loss: 0.1705795
	speed: 0.0012s/iter; left time: 315.1024s
	iters: 600, epoch: 9 | loss: 0.2962045
	speed: 0.0012s/iter; left time: 315.4679s
	iters: 700, epoch: 9 | loss: 0.2202021
	speed: 0.0012s/iter; left time: 315.4753s
	iters: 800, epoch: 9 | loss: 0.5228916
	speed: 0.0012s/iter; left time: 314.4827s
	iters: 900, epoch: 9 | loss: 0.0288509
	speed: 0.0012s/iter; left time: 315.6784s
	iters: 1000, epoch: 9 | loss: 0.2618141
	speed: 0.0012s/iter; left time: 315.9385s
	iters: 1100, epoch: 9 | loss: 0.0862781
	speed: 0.0012s/iter; left time: 315.4337s
	iters: 1200, epoch: 9 | loss: 0.0759002
	speed: 0.0012s/iter; left time: 314.8295s
	iters: 1300, epoch: 9 | loss: 0.0086219
	speed: 0.0012s/iter; left time: 315.6628s
	iters: 1400, epoch: 9 | loss: 0.1280197
	speed: 0.0012s/iter; left time: 314.6687s
	iters: 1500, epoch: 9 | loss: 0.0154797
	speed: 0.0012s/iter; left time: 313.7555s
	iters: 1600, epoch: 9 | loss: 0.2297753
	speed: 0.0012s/iter; left time: 314.3592s
	iters: 1700, epoch: 9 | loss: 0.3607561
	speed: 0.0012s/iter; left time: 314.1976s
	iters: 1800, epoch: 9 | loss: 0.0420892
	speed: 0.0012s/iter; left time: 314.6265s
	iters: 1900, epoch: 9 | loss: 0.0485042
	speed: 0.0012s/iter; left time: 314.2544s
	iters: 2000, epoch: 9 | loss: 0.6572244
	speed: 0.0012s/iter; left time: 315.2740s
	iters: 2100, epoch: 9 | loss: 0.0684818
	speed: 0.0012s/iter; left time: 312.5910s
	iters: 2200, epoch: 9 | loss: 0.0040663
	speed: 0.0012s/iter; left time: 313.7934s
	iters: 2300, epoch: 9 | loss: 1.3816876
	speed: 0.0012s/iter; left time: 312.3789s
	iters: 2400, epoch: 9 | loss: 1.9398143
	speed: 0.0012s/iter; left time: 312.3328s
	iters: 2500, epoch: 9 | loss: 0.0226511
	speed: 0.0012s/iter; left time: 312.4134s
	iters: 2600, epoch: 9 | loss: 0.0308075
	speed: 0.0012s/iter; left time: 313.2280s
	iters: 2700, epoch: 9 | loss: 1.3032681
	speed: 0.0012s/iter; left time: 313.4939s
	iters: 2800, epoch: 9 | loss: 0.0228943
	speed: 0.0012s/iter; left time: 313.3292s
Epoch: 9 cost time: 3.5339648723602295
called
up to here
called
up to here
not here
Epoch: 9, Steps: 2874 | Train Loss: 0.2494225 Vali Loss: 0.0494861 Test Loss: 0.7967747
EarlyStopping counter: 7 out of 10
Updating learning rate to 3.125e-07
	iters: 100, epoch: 10 | loss: 0.1108176
	speed: 0.0147s/iter; left time: 3851.5080s
	iters: 200, epoch: 10 | loss: 0.4664122
	speed: 0.0012s/iter; left time: 315.3999s
	iters: 300, epoch: 10 | loss: 0.0276172
	speed: 0.0012s/iter; left time: 312.6614s
	iters: 400, epoch: 10 | loss: 0.5710624
	speed: 0.0012s/iter; left time: 318.7521s
	iters: 500, epoch: 10 | loss: 0.8549528
	speed: 0.0012s/iter; left time: 316.2178s
	iters: 600, epoch: 10 | loss: 0.8265380
	speed: 0.0012s/iter; left time: 313.6617s
	iters: 700, epoch: 10 | loss: 0.0068733
	speed: 0.0012s/iter; left time: 312.3164s
	iters: 800, epoch: 10 | loss: 0.0262726
	speed: 0.0012s/iter; left time: 312.3707s
	iters: 900, epoch: 10 | loss: 0.5162154
	speed: 0.0012s/iter; left time: 312.7101s
	iters: 1000, epoch: 10 | loss: 0.4581929
	speed: 0.0012s/iter; left time: 312.5846s
	iters: 1100, epoch: 10 | loss: 0.0556035
	speed: 0.0012s/iter; left time: 312.1342s
	iters: 1200, epoch: 10 | loss: 0.0720065
	speed: 0.0012s/iter; left time: 310.3870s
	iters: 1300, epoch: 10 | loss: 0.1531602
	speed: 0.0012s/iter; left time: 311.8058s
	iters: 1400, epoch: 10 | loss: 0.0089262
	speed: 0.0012s/iter; left time: 310.6558s
	iters: 1500, epoch: 10 | loss: 0.0343081
	speed: 0.0012s/iter; left time: 310.9499s
	iters: 1600, epoch: 10 | loss: 0.0068903
	speed: 0.0012s/iter; left time: 311.1160s
	iters: 1700, epoch: 10 | loss: 0.0084902
	speed: 0.0012s/iter; left time: 311.1655s
	iters: 1800, epoch: 10 | loss: 0.2787596
	speed: 0.0012s/iter; left time: 309.6561s
	iters: 1900, epoch: 10 | loss: 0.5398412
	speed: 0.0012s/iter; left time: 310.3596s
	iters: 2000, epoch: 10 | loss: 0.0111176
	speed: 0.0012s/iter; left time: 309.8094s
	iters: 2100, epoch: 10 | loss: 0.9331535
	speed: 0.0012s/iter; left time: 310.3543s
	iters: 2200, epoch: 10 | loss: 0.1921665
	speed: 0.0012s/iter; left time: 310.3540s
	iters: 2300, epoch: 10 | loss: 0.1847205
	speed: 0.0012s/iter; left time: 309.6274s
	iters: 2400, epoch: 10 | loss: 0.1748216
	speed: 0.0012s/iter; left time: 309.5265s
	iters: 2500, epoch: 10 | loss: 0.0753993
	speed: 0.0012s/iter; left time: 309.9666s
	iters: 2600, epoch: 10 | loss: 0.1136166
	speed: 0.0012s/iter; left time: 309.7278s
	iters: 2700, epoch: 10 | loss: 0.0332529
	speed: 0.0012s/iter; left time: 308.6917s
	iters: 2800, epoch: 10 | loss: 0.0448809
	speed: 0.0012s/iter; left time: 309.1604s
Epoch: 10 cost time: 3.5318939685821533
called
up to here
called
up to here
not here
Epoch: 10, Steps: 2874 | Train Loss: 0.2493497 Vali Loss: 0.0495593 Test Loss: 0.7966027
EarlyStopping counter: 8 out of 10
Updating learning rate to 1.5625e-07
	iters: 100, epoch: 11 | loss: 0.4033886
	speed: 0.0147s/iter; left time: 3792.4414s
	iters: 200, epoch: 11 | loss: 1.2963452
	speed: 0.0012s/iter; left time: 311.2824s
	iters: 300, epoch: 11 | loss: 0.3241299
	speed: 0.0012s/iter; left time: 310.4721s
	iters: 400, epoch: 11 | loss: 0.0125845
	speed: 0.0012s/iter; left time: 310.2288s
	iters: 500, epoch: 11 | loss: 0.0392346
	speed: 0.0012s/iter; left time: 309.4679s
	iters: 600, epoch: 11 | loss: 0.4589020
	speed: 0.0012s/iter; left time: 310.6333s
	iters: 700, epoch: 11 | loss: 0.1608473
	speed: 0.0012s/iter; left time: 316.4750s
	iters: 800, epoch: 11 | loss: 0.0066259
	speed: 0.0012s/iter; left time: 310.0182s
	iters: 900, epoch: 11 | loss: 0.0341326
	speed: 0.0012s/iter; left time: 309.4063s
	iters: 1000, epoch: 11 | loss: 0.0193783
	speed: 0.0012s/iter; left time: 310.1721s
	iters: 1100, epoch: 11 | loss: 0.8609437
	speed: 0.0012s/iter; left time: 309.3308s
	iters: 1200, epoch: 11 | loss: 0.0950238
	speed: 0.0012s/iter; left time: 308.4170s
	iters: 1300, epoch: 11 | loss: 0.0095414
	speed: 0.0012s/iter; left time: 308.3156s
	iters: 1400, epoch: 11 | loss: 0.2926331
	speed: 0.0012s/iter; left time: 308.1345s
	iters: 1500, epoch: 11 | loss: 0.0320398
	speed: 0.0012s/iter; left time: 307.7364s
	iters: 1600, epoch: 11 | loss: 0.1155684
	speed: 0.0012s/iter; left time: 308.4165s
	iters: 1700, epoch: 11 | loss: 0.0615238
	speed: 0.0012s/iter; left time: 308.7952s
	iters: 1800, epoch: 11 | loss: 0.3179604
	speed: 0.0012s/iter; left time: 307.6940s
	iters: 1900, epoch: 11 | loss: 0.0893888
	speed: 0.0012s/iter; left time: 309.0483s
	iters: 2000, epoch: 11 | loss: 0.2701756
	speed: 0.0012s/iter; left time: 308.5504s
	iters: 2100, epoch: 11 | loss: 0.1028326
	speed: 0.0012s/iter; left time: 307.6417s
	iters: 2200, epoch: 11 | loss: 0.3311172
	speed: 0.0012s/iter; left time: 307.3224s
	iters: 2300, epoch: 11 | loss: 0.1102939
	speed: 0.0012s/iter; left time: 306.3720s
	iters: 2400, epoch: 11 | loss: 1.0786289
	speed: 0.0012s/iter; left time: 306.4498s
	iters: 2500, epoch: 11 | loss: 0.0549073
	speed: 0.0012s/iter; left time: 306.9764s
	iters: 2600, epoch: 11 | loss: 0.0099731
	speed: 0.0012s/iter; left time: 305.6649s
	iters: 2700, epoch: 11 | loss: 0.0154520
	speed: 0.0012s/iter; left time: 307.3738s
	iters: 2800, epoch: 11 | loss: 0.0277812
	speed: 0.0012s/iter; left time: 305.5951s
Epoch: 11 cost time: 3.539294958114624
called
up to here
called
up to here
not here
Epoch: 11, Steps: 2874 | Train Loss: 0.2493119 Vali Loss: 0.0495542 Test Loss: 0.7965993
EarlyStopping counter: 9 out of 10
Updating learning rate to 7.8125e-08
	iters: 100, epoch: 12 | loss: 0.1094860
	speed: 0.0147s/iter; left time: 3764.6633s
	iters: 200, epoch: 12 | loss: 0.0251395
	speed: 0.0012s/iter; left time: 308.4274s
	iters: 300, epoch: 12 | loss: 0.5467472
	speed: 0.0012s/iter; left time: 306.2034s
	iters: 400, epoch: 12 | loss: 0.1782331
	speed: 0.0012s/iter; left time: 306.2193s
	iters: 500, epoch: 12 | loss: 0.0253129
	speed: 0.0012s/iter; left time: 305.2157s
	iters: 600, epoch: 12 | loss: 0.0088261
	speed: 0.0012s/iter; left time: 306.8447s
	iters: 700, epoch: 12 | loss: 0.0116605
	speed: 0.0012s/iter; left time: 305.3311s
	iters: 800, epoch: 12 | loss: 0.3310579
	speed: 0.0012s/iter; left time: 304.2886s
	iters: 900, epoch: 12 | loss: 0.5192645
	speed: 0.0012s/iter; left time: 311.3419s
	iters: 1000, epoch: 12 | loss: 0.1683726
	speed: 0.0012s/iter; left time: 309.4466s
	iters: 1100, epoch: 12 | loss: 0.3570590
	speed: 0.0012s/iter; left time: 305.3472s
	iters: 1200, epoch: 12 | loss: 0.5068434
	speed: 0.0012s/iter; left time: 304.7405s
	iters: 1300, epoch: 12 | loss: 0.0095096
	speed: 0.0012s/iter; left time: 305.6486s
	iters: 1400, epoch: 12 | loss: 0.4319002
	speed: 0.0012s/iter; left time: 303.6029s
	iters: 1500, epoch: 12 | loss: 0.0686222
	speed: 0.0012s/iter; left time: 304.9950s
	iters: 1600, epoch: 12 | loss: 0.6207145
	speed: 0.0012s/iter; left time: 305.4180s
	iters: 1700, epoch: 12 | loss: 0.0103681
	speed: 0.0012s/iter; left time: 303.7664s
	iters: 1800, epoch: 12 | loss: 0.0709152
	speed: 0.0012s/iter; left time: 303.5506s
	iters: 1900, epoch: 12 | loss: 0.0113125
	speed: 0.0012s/iter; left time: 303.5497s
	iters: 2000, epoch: 12 | loss: 1.3556435
	speed: 0.0012s/iter; left time: 302.2551s
	iters: 2100, epoch: 12 | loss: 0.1592841
	speed: 0.0012s/iter; left time: 303.1757s
	iters: 2200, epoch: 12 | loss: 0.2242907
	speed: 0.0012s/iter; left time: 303.9141s
	iters: 2300, epoch: 12 | loss: 0.0635909
	speed: 0.0012s/iter; left time: 303.2310s
	iters: 2400, epoch: 12 | loss: 0.0985552
	speed: 0.0012s/iter; left time: 303.1416s
	iters: 2500, epoch: 12 | loss: 0.3196294
	speed: 0.0012s/iter; left time: 302.1669s
	iters: 2600, epoch: 12 | loss: 0.1073012
	speed: 0.0012s/iter; left time: 302.9712s
	iters: 2700, epoch: 12 | loss: 0.1715536
	speed: 0.0012s/iter; left time: 303.7373s
	iters: 2800, epoch: 12 | loss: 0.3668441
	speed: 0.0012s/iter; left time: 301.5526s
Epoch: 12 cost time: 3.5344409942626953
called
up to here
called
up to here
not here
Epoch: 12, Steps: 2874 | Train Loss: 0.2492950 Vali Loss: 0.0495491 Test Loss: 0.7966034
EarlyStopping counter: 10 out of 10
Early stopping
>>>>>>>testing : Space_16_DLinear_custom_ftS_sl60_ll30_pl30_dm256_nh8_el2_dl1_df2048_fc1_ebtimeF_dtTrue_Exp_0<<<<<<<<<<<<<<<<<<<<<<<<<<<<<<<<<
test 817
mse:0.8347607851028442, mae:0.58823561668396, rse:0.8435772061347961, corr:[0.13372438 0.13929747 0.14289647 0.14422113 0.14325595 0.14269443
 0.14056319 0.13888152 0.13710086 0.13461702 0.13296628 0.1314492
 0.12905112 0.12743768 0.12560765 0.12404215 0.12209538 0.12053215
 0.11934888 0.11783092 0.1161252  0.11461598 0.11217713 0.10871015
 0.10535889 0.10281898 0.10056351 0.09818231 0.09543262 0.09306408]
