Args in experiment:
Namespace(activation='gelu', batch_size=8, c_out=7, checkpoints='./checkpoints/', d_ff=2048, d_layers=1, d_model=512, data='custom', data_path='ai_competition_nonan.csv', dec_in=7, des='Exp', devices='0,1,2,3', distil=True, do_predict=False, dropout=0.05, e_layers=2, embed='timeF', embed_type=0, enc_in=1, factor=1, features='S', freq='h', gpu=0, individual=False, is_training=1, itr=1, label_len=30, learning_rate=0.002, loss='mse', lradj='type1', model='DLinear', model_id='Space_2', moving_avg=25, n_heads=8, num_workers=10, output_attention=False, patience=3, pred_len=30, root_path='./dataset/', seq_len=60, target='OT', test_flop=False, train_epochs=10, use_amp=False, use_gpu=False, use_multi_gpu=False)
Use CPU
>>>>>>>start training : Space_2_DLinear_custom_ftS_sl60_ll30_pl30_dm512_nh8_el2_dl1_df2048_fc1_ebtimeF_dtTrue_Exp_0>>>>>>>>>>>>>>>>>>>>>>>>>>
train 2944
val 406
test 837
	iters: 100, epoch: 1 | loss: 0.2382907
	speed: 0.0070s/iter; left time: 25.1878s
	iters: 200, epoch: 1 | loss: 0.6266938
	speed: 0.0018s/iter; left time: 6.3626s
	iters: 300, epoch: 1 | loss: 0.2436814
	speed: 0.0029s/iter; left time: 9.9481s
Epoch: 1 cost time: 1.3622639179229736
Epoch: 1, Steps: 368 | Train Loss: 0.3292158 Vali Loss: 0.0745351 Test Loss: 0.8824249
Validation loss decreased (inf --> 0.074535).  Saving model ...
Updating learning rate to 0.002
	iters: 100, epoch: 2 | loss: 0.0739451
	speed: 0.0135s/iter; left time: 43.4903s
	iters: 200, epoch: 2 | loss: 0.1726982
	speed: 0.0015s/iter; left time: 4.6248s
	iters: 300, epoch: 2 | loss: 0.4125457
	speed: 0.0017s/iter; left time: 5.1964s
Epoch: 2 cost time: 0.8551700115203857
Epoch: 2, Steps: 368 | Train Loss: 0.3130683 Vali Loss: 0.0580728 Test Loss: 0.9081234
Validation loss decreased (0.074535 --> 0.058073).  Saving model ...
Updating learning rate to 0.001
	iters: 100, epoch: 3 | loss: 0.3041988
	speed: 0.0106s/iter; left time: 30.0232s
	iters: 200, epoch: 3 | loss: 0.1957178
	speed: 0.0014s/iter; left time: 3.7876s
	iters: 300, epoch: 3 | loss: 0.3436056
	speed: 0.0014s/iter; left time: 3.6818s
Epoch: 3 cost time: 0.6236748695373535
Epoch: 3, Steps: 368 | Train Loss: 0.3030739 Vali Loss: 0.0741827 Test Loss: 0.9110956
EarlyStopping counter: 1 out of 3
Updating learning rate to 0.0005
	iters: 100, epoch: 4 | loss: 0.3127322
	speed: 0.0099s/iter; left time: 24.5957s
	iters: 200, epoch: 4 | loss: 0.2215880
	speed: 0.0018s/iter; left time: 4.3872s
	iters: 300, epoch: 4 | loss: 0.2848788
	speed: 0.0012s/iter; left time: 2.7850s
Epoch: 4 cost time: 0.8996999263763428
Epoch: 4, Steps: 368 | Train Loss: 0.2984442 Vali Loss: 0.0746998 Test Loss: 0.8705677
EarlyStopping counter: 2 out of 3
Updating learning rate to 0.00025
	iters: 100, epoch: 5 | loss: 0.2174249
	speed: 0.0060s/iter; left time: 12.6311s
	iters: 200, epoch: 5 | loss: 0.2896846
	speed: 0.0012s/iter; left time: 2.3516s
	iters: 300, epoch: 5 | loss: 0.4262820
	speed: 0.0012s/iter; left time: 2.2157s
Epoch: 5 cost time: 0.5233969688415527
Epoch: 5, Steps: 368 | Train Loss: 0.2953779 Vali Loss: 0.0663115 Test Loss: 0.8835760
EarlyStopping counter: 3 out of 3
Early stopping
>>>>>>>testing : Space_2_DLinear_custom_ftS_sl60_ll30_pl30_dm512_nh8_el2_dl1_df2048_fc1_ebtimeF_dtTrue_Exp_0<<<<<<<<<<<<<<<<<<<<<<<<<<<<<<<<<
test 837
mse:0.9081233739852905, mae:0.5924600958824158, rse:0.8527788519859314, corr:[0.12810867 0.13034819 0.13359618 0.13020758 0.12651113 0.1294339
 0.12859544 0.12928396 0.12693    0.12506191 0.12549457 0.12500061
 0.12410858 0.12173041 0.123576   0.1218847  0.12084898 0.12108324
 0.12049365 0.12115601 0.12090878 0.11830174 0.11618438 0.11033145
 0.10711512 0.10738987 0.10450505 0.10367107 0.10088307 0.10086261]
