Args in experiment:
Namespace(activation='gelu', batch_size=8, c_out=7, checkpoints='./checkpoints/', d_ff=2048, d_layers=1, d_model=512, data='custom', data_path='ai_competition_nonan.csv', dec_in=7, des='Exp', devices='0,1,2,3', distil=True, do_predict=False, dropout=0.05, e_layers=2, embed='timeF', embed_type=0, enc_in=1, factor=1, features='S', freq='h', gpu=0, individual=False, is_training=1, itr=1, label_len=30, learning_rate=0.0025, loss='mse', lradj='type1', model='DLinear', model_id='Space_2_2.1', moving_avg=25, n_heads=8, num_workers=10, output_attention=False, patience=3, pred_len=30, root_path='./dataset/', seq_len=60, target='OT', test_flop=False, train_epochs=10, use_amp=False, use_gpu=False, use_multi_gpu=False)
Use CPU
>>>>>>>start training : Space_2_2.1_DLinear_custom_ftS_sl60_ll30_pl30_dm512_nh8_el2_dl1_df2048_fc1_ebtimeF_dtTrue_Exp_0>>>>>>>>>>>>>>>>>>>>>>>>>>
train 2944
val 406
test 837
	iters: 100, epoch: 1 | loss: 0.2417409
	speed: 0.0053s/iter; left time: 19.0258s
	iters: 200, epoch: 1 | loss: 0.6328205
	speed: 0.0012s/iter; left time: 4.2901s
	iters: 300, epoch: 1 | loss: 0.3046079
	speed: 0.0012s/iter; left time: 4.0888s
Epoch: 1 cost time: 0.8668999671936035
Epoch: 1, Steps: 368 | Train Loss: 0.5179943 Vali Loss: 0.0723856 Test Loss: 0.9025871
Validation loss decreased (inf --> 0.072386).  Saving model ...
Updating learning rate to 0.0025
	iters: 100, epoch: 2 | loss: 0.1308629
	speed: 0.0056s/iter; left time: 18.0682s
	iters: 200, epoch: 2 | loss: 0.1914651
	speed: 0.0012s/iter; left time: 3.8072s
	iters: 300, epoch: 2 | loss: 0.5807614
	speed: 0.0013s/iter; left time: 3.8687s
Epoch: 2 cost time: 0.550361156463623
Epoch: 2, Steps: 368 | Train Loss: 0.3734848 Vali Loss: 0.0920338 Test Loss: 1.0679438
EarlyStopping counter: 1 out of 3
Updating learning rate to 0.00125
	iters: 100, epoch: 3 | loss: 0.3488837
	speed: 0.0058s/iter; left time: 16.4830s
	iters: 200, epoch: 3 | loss: 0.2213770
	speed: 0.0013s/iter; left time: 3.6229s
	iters: 300, epoch: 3 | loss: 0.3555712
	speed: 0.0013s/iter; left time: 3.3507s
Epoch: 3 cost time: 0.5498590469360352
Epoch: 3, Steps: 368 | Train Loss: 0.3281833 Vali Loss: 0.1034664 Test Loss: 0.9226589
EarlyStopping counter: 2 out of 3
Updating learning rate to 0.000625
	iters: 100, epoch: 4 | loss: 0.3050431
	speed: 0.0056s/iter; left time: 13.7489s
	iters: 200, epoch: 4 | loss: 0.2353709
	speed: 0.0013s/iter; left time: 3.0278s
	iters: 300, epoch: 4 | loss: 0.2961508
	speed: 0.0013s/iter; left time: 2.9359s
Epoch: 4 cost time: 0.5450150966644287
Epoch: 4, Steps: 368 | Train Loss: 0.3114168 Vali Loss: 0.0560699 Test Loss: 0.9157851
Validation loss decreased (0.072386 --> 0.056070).  Saving model ...
Updating learning rate to 0.0003125
	iters: 100, epoch: 5 | loss: 0.2276728
	speed: 0.0057s/iter; left time: 12.0086s
	iters: 200, epoch: 5 | loss: 0.2835576
	speed: 0.0012s/iter; left time: 2.4141s
	iters: 300, epoch: 5 | loss: 0.4197340
	speed: 0.0012s/iter; left time: 2.2990s
Epoch: 5 cost time: 0.5264058113098145
Epoch: 5, Steps: 368 | Train Loss: 0.3029433 Vali Loss: 0.1080828 Test Loss: 0.8949535
EarlyStopping counter: 1 out of 3
Updating learning rate to 0.00015625
	iters: 100, epoch: 6 | loss: 0.2326455
	speed: 0.0055s/iter; left time: 9.5833s
	iters: 200, epoch: 6 | loss: 0.2600611
	speed: 0.0012s/iter; left time: 1.9667s
	iters: 300, epoch: 6 | loss: 0.2185365
	speed: 0.0012s/iter; left time: 1.8446s
Epoch: 6 cost time: 0.525155782699585
Epoch: 6, Steps: 368 | Train Loss: 0.2992686 Vali Loss: 0.0570108 Test Loss: 0.9055692
EarlyStopping counter: 2 out of 3
Updating learning rate to 7.8125e-05
	iters: 100, epoch: 7 | loss: 0.2466757
	speed: 0.0055s/iter; left time: 7.6044s
	iters: 200, epoch: 7 | loss: 0.1137363
	speed: 0.0012s/iter; left time: 1.5265s
	iters: 300, epoch: 7 | loss: 0.3037044
	speed: 0.0012s/iter; left time: 1.4048s
Epoch: 7 cost time: 0.5270416736602783
Epoch: 7, Steps: 368 | Train Loss: 0.2946070 Vali Loss: 0.0561546 Test Loss: 0.9029281
EarlyStopping counter: 3 out of 3
Early stopping
>>>>>>>testing : Space_2_2.1_DLinear_custom_ftS_sl60_ll30_pl30_dm512_nh8_el2_dl1_df2048_fc1_ebtimeF_dtTrue_Exp_0<<<<<<<<<<<<<<<<<<<<<<<<<<<<<<<<<
test 837
mse:0.9157850742340088, mae:0.5983603596687317, rse:0.8563686609268188, corr:[0.12827969 0.13480046 0.13477668 0.13294406 0.12901174 0.12898485
 0.12850778 0.12968771 0.12793139 0.12711467 0.1263033  0.12527278
 0.12444685 0.12365723 0.12342384 0.12270629 0.12152514 0.12077627
 0.12084701 0.11993123 0.11843082 0.11693268 0.1162314  0.11246328
 0.11056056 0.10870063 0.10809211 0.10657081 0.10382868 0.10229837]
