Args in experiment:
Namespace(activation='gelu', batch_size=1, c_out=7, checkpoints='./checkpoints/', d_ff=2048, d_layers=1, d_model=256, data='custom', data_path='ai_competition_noout.csv', dec_in=3, des='Exp', devices='0,1,2,3', distil=True, do_predict=False, dropout=0.05, e_layers=2, embed='timeF', embed_type=0, enc_in=1, factor=1, features='S', freq='h', gpu=0, individual=False, is_training=1, itr=1, label_len=30, learning_rate=8e-05, loss='mse', lradj='type1', model='DLinear', model_id='Space_14', moving_avg=25, n_heads=8, num_workers=10, output_attention=False, patience=7, pred_len=30, root_path='./dataset/', seq_len=60, target='OT', test_flop=False, train_epochs=100, use_amp=False, use_gpu=False, use_multi_gpu=False)
Use CPU
>>>>>>>start training : Space_14_DLinear_custom_ftS_sl60_ll30_pl30_dm256_nh8_el2_dl1_df2048_fc1_ebtimeF_dtTrue_Exp_0>>>>>>>>>>>>>>>>>>>>>>>>>>
train 2874
val 395
test 817
	iters: 100, epoch: 1 | loss: 6.7189145
	speed: 0.0042s/iter; left time: 1195.7643s
	iters: 200, epoch: 1 | loss: 17.0674801
	speed: 0.0007s/iter; left time: 213.7664s
	iters: 300, epoch: 1 | loss: 0.5425005
	speed: 0.0008s/iter; left time: 215.6278s
	iters: 400, epoch: 1 | loss: 0.3614226
	speed: 0.0008s/iter; left time: 225.8125s
	iters: 500, epoch: 1 | loss: 0.2207471
	speed: 0.0008s/iter; left time: 231.3941s
	iters: 600, epoch: 1 | loss: 0.3878846
	speed: 0.0008s/iter; left time: 224.5508s
	iters: 700, epoch: 1 | loss: 0.2273553
	speed: 0.0008s/iter; left time: 221.5934s
	iters: 800, epoch: 1 | loss: 0.1665638
	speed: 0.0007s/iter; left time: 213.7899s
	iters: 900, epoch: 1 | loss: 0.2122314
	speed: 0.0007s/iter; left time: 214.2222s
	iters: 1000, epoch: 1 | loss: 0.1402303
	speed: 0.0007s/iter; left time: 214.6520s
	iters: 1100, epoch: 1 | loss: 0.6091465
	speed: 0.0007s/iter; left time: 213.1771s
	iters: 1200, epoch: 1 | loss: 0.1483898
	speed: 0.0007s/iter; left time: 212.8222s
	iters: 1300, epoch: 1 | loss: 0.5931244
	speed: 0.0007s/iter; left time: 213.0902s
	iters: 1400, epoch: 1 | loss: 0.3676945
	speed: 0.0007s/iter; left time: 213.6533s
	iters: 1500, epoch: 1 | loss: 0.7744113
	speed: 0.0007s/iter; left time: 212.0504s
	iters: 1600, epoch: 1 | loss: 0.1040573
	speed: 0.0007s/iter; left time: 212.3850s
	iters: 1700, epoch: 1 | loss: 2.6973364
	speed: 0.0007s/iter; left time: 212.0641s
	iters: 1800, epoch: 1 | loss: 0.1883899
	speed: 0.0007s/iter; left time: 212.5476s
	iters: 1900, epoch: 1 | loss: 0.1051326
	speed: 0.0007s/iter; left time: 212.2839s
	iters: 2000, epoch: 1 | loss: 0.5377075
	speed: 0.0007s/iter; left time: 213.5630s
	iters: 2100, epoch: 1 | loss: 0.1965757
	speed: 0.0007s/iter; left time: 211.3618s
	iters: 2200, epoch: 1 | loss: 0.2728159
	speed: 0.0007s/iter; left time: 211.2660s
	iters: 2300, epoch: 1 | loss: 0.0200988
	speed: 0.0007s/iter; left time: 212.7913s
	iters: 2400, epoch: 1 | loss: 0.0602706
	speed: 0.0007s/iter; left time: 211.5874s
	iters: 2500, epoch: 1 | loss: 0.0543063
	speed: 0.0007s/iter; left time: 211.3257s
	iters: 2600, epoch: 1 | loss: 0.1227822
	speed: 0.0007s/iter; left time: 211.7811s
	iters: 2700, epoch: 1 | loss: 0.0471395
	speed: 0.0008s/iter; left time: 213.7248s
	iters: 2800, epoch: 1 | loss: 0.0353019
	speed: 0.0007s/iter; left time: 211.7803s
Epoch: 1 cost time: 2.5083398818969727
Epoch: 1, Steps: 2874 | Train Loss: 1.0990292 Vali Loss: 0.0928119 Test Loss: 0.8550431
Validation loss decreased (inf --> 0.092812).  Saving model ...
Updating learning rate to 8e-05
	iters: 100, epoch: 2 | loss: 0.1312293
	speed: 0.0091s/iter; left time: 2585.4141s
	iters: 200, epoch: 2 | loss: 0.1409743
	speed: 0.0007s/iter; left time: 211.6042s
	iters: 300, epoch: 2 | loss: 0.2975904
	speed: 0.0007s/iter; left time: 211.8768s
	iters: 400, epoch: 2 | loss: 0.4981568
	speed: 0.0007s/iter; left time: 211.5048s
	iters: 500, epoch: 2 | loss: 0.0137026
	speed: 0.0007s/iter; left time: 212.0202s
	iters: 600, epoch: 2 | loss: 0.7368414
	speed: 0.0007s/iter; left time: 210.5633s
	iters: 700, epoch: 2 | loss: 0.0477276
	speed: 0.0007s/iter; left time: 210.9912s
	iters: 800, epoch: 2 | loss: 0.1161133
	speed: 0.0007s/iter; left time: 211.5291s
	iters: 900, epoch: 2 | loss: 0.1840074
	speed: 0.0007s/iter; left time: 210.7046s
	iters: 1000, epoch: 2 | loss: 0.0956349
	speed: 0.0007s/iter; left time: 210.1706s
	iters: 1100, epoch: 2 | loss: 0.3169785
	speed: 0.0007s/iter; left time: 211.6689s
	iters: 1200, epoch: 2 | loss: 0.8668298
	speed: 0.0008s/iter; left time: 216.3883s
	iters: 1300, epoch: 2 | loss: 0.1408275
	speed: 0.0007s/iter; left time: 210.2528s
	iters: 1400, epoch: 2 | loss: 0.4361250
	speed: 0.0007s/iter; left time: 209.8539s
	iters: 1500, epoch: 2 | loss: 0.0277031
	speed: 0.0007s/iter; left time: 210.4903s
	iters: 1600, epoch: 2 | loss: 0.0170808
	speed: 0.0007s/iter; left time: 210.7836s
	iters: 1700, epoch: 2 | loss: 0.0497107
	speed: 0.0007s/iter; left time: 209.6254s
	iters: 1800, epoch: 2 | loss: 0.4334314
	speed: 0.0007s/iter; left time: 210.0063s
	iters: 1900, epoch: 2 | loss: 0.0094328
	speed: 0.0007s/iter; left time: 209.6329s
	iters: 2000, epoch: 2 | loss: 0.0592670
	speed: 0.0007s/iter; left time: 209.7985s
	iters: 2100, epoch: 2 | loss: 0.0192406
	speed: 0.0007s/iter; left time: 210.1478s
	iters: 2200, epoch: 2 | loss: 0.1057887
	speed: 0.0007s/iter; left time: 210.8811s
	iters: 2300, epoch: 2 | loss: 0.0325933
	speed: 0.0007s/iter; left time: 209.3166s
	iters: 2400, epoch: 2 | loss: 0.0290288
	speed: 0.0007s/iter; left time: 209.5438s
	iters: 2500, epoch: 2 | loss: 0.0087614
	speed: 0.0007s/iter; left time: 209.4568s
	iters: 2600, epoch: 2 | loss: 0.0808937
	speed: 0.0007s/iter; left time: 209.1560s
	iters: 2700, epoch: 2 | loss: 0.4824672
	speed: 0.0007s/iter; left time: 208.4562s
	iters: 2800, epoch: 2 | loss: 0.0397203
	speed: 0.0007s/iter; left time: 209.2669s
Epoch: 2 cost time: 2.202768087387085
Epoch: 2, Steps: 2874 | Train Loss: 0.2686454 Vali Loss: 0.0432738 Test Loss: 0.8347607
Validation loss decreased (0.092812 --> 0.043274).  Saving model ...
Updating learning rate to 4e-05
	iters: 100, epoch: 3 | loss: 0.0138017
	speed: 0.0088s/iter; left time: 2469.8960s
	iters: 200, epoch: 3 | loss: 0.2185701
	speed: 0.0007s/iter; left time: 209.9954s
	iters: 300, epoch: 3 | loss: 0.0614552
	speed: 0.0007s/iter; left time: 209.9315s
	iters: 400, epoch: 3 | loss: 0.0154048
	speed: 0.0007s/iter; left time: 209.1374s
	iters: 500, epoch: 3 | loss: 0.8085327
	speed: 0.0008s/iter; left time: 211.9106s
	iters: 600, epoch: 3 | loss: 0.1595729
	speed: 0.0008s/iter; left time: 220.9865s
	iters: 700, epoch: 3 | loss: 0.3234392
	speed: 0.0008s/iter; left time: 215.5558s
	iters: 800, epoch: 3 | loss: 0.1001639
	speed: 0.0007s/iter; left time: 208.2152s
	iters: 900, epoch: 3 | loss: 0.0448645
	speed: 0.0007s/iter; left time: 209.2529s
	iters: 1000, epoch: 3 | loss: 0.2008461
	speed: 0.0008s/iter; left time: 211.8683s
	iters: 1100, epoch: 3 | loss: 0.3284723
	speed: 0.0008s/iter; left time: 237.2949s
	iters: 1200, epoch: 3 | loss: 0.0934245
	speed: 0.0008s/iter; left time: 217.3113s
	iters: 1300, epoch: 3 | loss: 0.0118602
	speed: 0.0008s/iter; left time: 213.7995s
	iters: 1400, epoch: 3 | loss: 0.1170057
	speed: 0.0007s/iter; left time: 209.2143s
	iters: 1500, epoch: 3 | loss: 0.1669226
	speed: 0.0007s/iter; left time: 209.7562s
	iters: 1600, epoch: 3 | loss: 0.0679041
	speed: 0.0008s/iter; left time: 211.1009s
	iters: 1700, epoch: 3 | loss: 0.1136167
	speed: 0.0007s/iter; left time: 209.8240s
	iters: 1800, epoch: 3 | loss: 0.5125457
	speed: 0.0007s/iter; left time: 208.8964s
	iters: 1900, epoch: 3 | loss: 0.1820410
	speed: 0.0010s/iter; left time: 271.8356s
	iters: 2000, epoch: 3 | loss: 0.2962021
	speed: 0.0008s/iter; left time: 210.2039s
	iters: 2100, epoch: 3 | loss: 0.7693370
	speed: 0.0007s/iter; left time: 208.8311s
	iters: 2200, epoch: 3 | loss: 0.3033610
	speed: 0.0007s/iter; left time: 209.2687s
	iters: 2300, epoch: 3 | loss: 0.0053803
	speed: 0.0007s/iter; left time: 206.5677s
	iters: 2400, epoch: 3 | loss: 0.2969242
	speed: 0.0007s/iter; left time: 207.4405s
	iters: 2500, epoch: 3 | loss: 0.1890596
	speed: 0.0007s/iter; left time: 207.6704s
	iters: 2600, epoch: 3 | loss: 0.0512258
	speed: 0.0007s/iter; left time: 207.8116s
	iters: 2700, epoch: 3 | loss: 0.1219954
	speed: 0.0007s/iter; left time: 207.0866s
	iters: 2800, epoch: 3 | loss: 0.1433561
	speed: 0.0007s/iter; left time: 206.7890s
Epoch: 3 cost time: 2.2571582794189453
Epoch: 3, Steps: 2874 | Train Loss: 0.2564526 Vali Loss: 0.0518313 Test Loss: 0.8070348
EarlyStopping counter: 1 out of 7
Updating learning rate to 2e-05
	iters: 100, epoch: 4 | loss: 0.2781869
	speed: 0.0087s/iter; left time: 2414.1765s
	iters: 200, epoch: 4 | loss: 0.0561299
	speed: 0.0010s/iter; left time: 268.1544s
	iters: 300, epoch: 4 | loss: 0.3760472
	speed: 0.0009s/iter; left time: 242.3242s
	iters: 400, epoch: 4 | loss: 0.3194798
	speed: 0.0008s/iter; left time: 215.7042s
	iters: 500, epoch: 4 | loss: 0.0794396
	speed: 0.0008s/iter; left time: 215.6486s
	iters: 600, epoch: 4 | loss: 0.0076420
	speed: 0.0008s/iter; left time: 216.5839s
	iters: 700, epoch: 4 | loss: 0.3645054
	speed: 0.0010s/iter; left time: 272.8152s
	iters: 800, epoch: 4 | loss: 0.0684458
	speed: 0.0011s/iter; left time: 316.3880s
	iters: 900, epoch: 4 | loss: 0.0584108
	speed: 0.0008s/iter; left time: 212.7045s
	iters: 1000, epoch: 4 | loss: 0.1871600
	speed: 0.0008s/iter; left time: 209.7570s
	iters: 1100, epoch: 4 | loss: 0.5040757
	speed: 0.0008s/iter; left time: 217.4644s
	iters: 1200, epoch: 4 | loss: 0.1706294
	speed: 0.0008s/iter; left time: 217.9334s
	iters: 1300, epoch: 4 | loss: 1.2890477
	speed: 0.0008s/iter; left time: 208.1722s
	iters: 1400, epoch: 4 | loss: 0.0188867
	speed: 0.0009s/iter; left time: 237.8806s
	iters: 1500, epoch: 4 | loss: 0.0103980
	speed: 0.0008s/iter; left time: 211.0566s
	iters: 1600, epoch: 4 | loss: 0.1361401
	speed: 0.0009s/iter; left time: 239.5409s
	iters: 1700, epoch: 4 | loss: 0.2123812
	speed: 0.0008s/iter; left time: 227.1275s
	iters: 1800, epoch: 4 | loss: 0.0357057
	speed: 0.0008s/iter; left time: 218.0487s
	iters: 1900, epoch: 4 | loss: 0.0134101
	speed: 0.0008s/iter; left time: 216.8570s
	iters: 2000, epoch: 4 | loss: 0.0387079
	speed: 0.0008s/iter; left time: 211.2514s
	iters: 2100, epoch: 4 | loss: 0.0121018
	speed: 0.0008s/iter; left time: 217.4220s
	iters: 2200, epoch: 4 | loss: 0.0140922
	speed: 0.0008s/iter; left time: 209.8122s
	iters: 2300, epoch: 4 | loss: 0.3001061
	speed: 0.0008s/iter; left time: 214.3071s
	iters: 2400, epoch: 4 | loss: 0.0167356
	speed: 0.0010s/iter; left time: 267.8165s
	iters: 2500, epoch: 4 | loss: 0.5707213
	speed: 0.0007s/iter; left time: 206.4776s
	iters: 2600, epoch: 4 | loss: 0.0316011
	speed: 0.0007s/iter; left time: 205.9715s
	iters: 2700, epoch: 4 | loss: 1.6284544
	speed: 0.0007s/iter; left time: 205.5632s
	iters: 2800, epoch: 4 | loss: 0.1046730
	speed: 0.0007s/iter; left time: 205.0664s
Epoch: 4 cost time: 2.4070229530334473
Epoch: 4, Steps: 2874 | Train Loss: 0.2526294 Vali Loss: 0.0606808 Test Loss: 0.7835422
EarlyStopping counter: 2 out of 7
Updating learning rate to 1e-05
	iters: 100, epoch: 5 | loss: 0.1014664
	speed: 0.0087s/iter; left time: 2390.2505s
	iters: 200, epoch: 5 | loss: 0.7690637
	speed: 0.0007s/iter; left time: 205.1014s
	iters: 300, epoch: 5 | loss: 0.0121356
	speed: 0.0007s/iter; left time: 205.6821s
	iters: 400, epoch: 5 | loss: 0.0348436
	speed: 0.0007s/iter; left time: 204.8160s
	iters: 500, epoch: 5 | loss: 0.0282307
	speed: 0.0007s/iter; left time: 205.0469s
	iters: 600, epoch: 5 | loss: 0.1292309
	speed: 0.0007s/iter; left time: 204.9311s
	iters: 700, epoch: 5 | loss: 0.0343451
	speed: 0.0007s/iter; left time: 203.8141s
	iters: 800, epoch: 5 | loss: 0.1713516
	speed: 0.0007s/iter; left time: 204.7364s
	iters: 900, epoch: 5 | loss: 0.1286172
	speed: 0.0007s/iter; left time: 203.9243s
	iters: 1000, epoch: 5 | loss: 0.1147229
	speed: 0.0007s/iter; left time: 203.2806s
	iters: 1100, epoch: 5 | loss: 0.0165806
	speed: 0.0007s/iter; left time: 204.1776s
	iters: 1200, epoch: 5 | loss: 0.0395245
	speed: 0.0007s/iter; left time: 203.3777s
	iters: 1300, epoch: 5 | loss: 0.0809672
	speed: 0.0007s/iter; left time: 204.2464s
	iters: 1400, epoch: 5 | loss: 0.2658909
	speed: 0.0007s/iter; left time: 203.3448s
	iters: 1500, epoch: 5 | loss: 0.0404854
	speed: 0.0007s/iter; left time: 203.8163s
	iters: 1600, epoch: 5 | loss: 0.4543802
	speed: 0.0007s/iter; left time: 202.6564s
	iters: 1700, epoch: 5 | loss: 0.4994961
	speed: 0.0007s/iter; left time: 202.6564s
	iters: 1800, epoch: 5 | loss: 0.0968408
	speed: 0.0008s/iter; left time: 218.7061s
	iters: 1900, epoch: 5 | loss: 0.0765861
	speed: 0.0007s/iter; left time: 202.7392s
	iters: 2000, epoch: 5 | loss: 0.2054421
	speed: 0.0007s/iter; left time: 203.2980s
	iters: 2100, epoch: 5 | loss: 0.1167403
	speed: 0.0007s/iter; left time: 203.2153s
	iters: 2200, epoch: 5 | loss: 0.5201424
	speed: 0.0007s/iter; left time: 203.1058s
	iters: 2300, epoch: 5 | loss: 0.0345334
	speed: 0.0007s/iter; left time: 203.4420s
	iters: 2400, epoch: 5 | loss: 0.4291309
	speed: 0.0007s/iter; left time: 202.6999s
	iters: 2500, epoch: 5 | loss: 0.0398905
	speed: 0.0007s/iter; left time: 202.3089s
	iters: 2600, epoch: 5 | loss: 0.0106736
	speed: 0.0007s/iter; left time: 203.1283s
	iters: 2700, epoch: 5 | loss: 0.0696303
	speed: 0.0008s/iter; left time: 210.1279s
	iters: 2800, epoch: 5 | loss: 0.0808692
	speed: 0.0007s/iter; left time: 201.0243s
Epoch: 5 cost time: 2.2059898376464844
Epoch: 5, Steps: 2874 | Train Loss: 0.2509576 Vali Loss: 0.0517391 Test Loss: 0.7959521
EarlyStopping counter: 3 out of 7
Updating learning rate to 5e-06
	iters: 100, epoch: 6 | loss: 0.0062420
	speed: 0.0086s/iter; left time: 2351.3286s
	iters: 200, epoch: 6 | loss: 0.0132310
	speed: 0.0007s/iter; left time: 203.2782s
	iters: 300, epoch: 6 | loss: 0.2466244
	speed: 0.0007s/iter; left time: 203.4599s
	iters: 400, epoch: 6 | loss: 0.1354675
	speed: 0.0007s/iter; left time: 203.4054s
	iters: 500, epoch: 6 | loss: 0.1071106
	speed: 0.0007s/iter; left time: 202.0566s
	iters: 600, epoch: 6 | loss: 0.1245740
	speed: 0.0007s/iter; left time: 202.0370s
	iters: 700, epoch: 6 | loss: 0.0012888
	speed: 0.0007s/iter; left time: 202.2168s
	iters: 800, epoch: 6 | loss: 0.1376434
	speed: 0.0007s/iter; left time: 201.9140s
	iters: 900, epoch: 6 | loss: 0.0162384
	speed: 0.0007s/iter; left time: 202.4413s
	iters: 1000, epoch: 6 | loss: 0.1228751
	speed: 0.0008s/iter; left time: 204.2575s
	iters: 1100, epoch: 6 | loss: 2.3243668
	speed: 0.0007s/iter; left time: 201.8517s
	iters: 1200, epoch: 6 | loss: 0.2779174
	speed: 0.0007s/iter; left time: 201.7690s
	iters: 1300, epoch: 6 | loss: 0.1016817
	speed: 0.0008s/iter; left time: 204.0834s
	iters: 1400, epoch: 6 | loss: 0.0117574
	speed: 0.0007s/iter; left time: 201.8569s
	iters: 1500, epoch: 6 | loss: 0.3014036
	speed: 0.0007s/iter; left time: 201.3210s
	iters: 1600, epoch: 6 | loss: 0.3185636
	speed: 0.0007s/iter; left time: 201.1414s
	iters: 1700, epoch: 6 | loss: 0.2091085
	speed: 0.0007s/iter; left time: 201.5971s
	iters: 1800, epoch: 6 | loss: 1.3757408
	speed: 0.0007s/iter; left time: 201.3786s
	iters: 1900, epoch: 6 | loss: 0.3679399
	speed: 0.0007s/iter; left time: 201.3632s
	iters: 2000, epoch: 6 | loss: 0.0106737
	speed: 0.0007s/iter; left time: 200.8392s
	iters: 2100, epoch: 6 | loss: 0.1342492
	speed: 0.0007s/iter; left time: 199.8059s
	iters: 2200, epoch: 6 | loss: 0.0380825
	speed: 0.0007s/iter; left time: 200.0143s
	iters: 2300, epoch: 6 | loss: 0.0536012
	speed: 0.0007s/iter; left time: 200.3542s
	iters: 2400, epoch: 6 | loss: 0.1269937
	speed: 0.0007s/iter; left time: 200.8293s
	iters: 2500, epoch: 6 | loss: 0.0870075
	speed: 0.0007s/iter; left time: 201.4317s
	iters: 2600, epoch: 6 | loss: 0.0048131
	speed: 0.0007s/iter; left time: 200.5255s
	iters: 2700, epoch: 6 | loss: 0.0505781
	speed: 0.0007s/iter; left time: 199.4749s
	iters: 2800, epoch: 6 | loss: 0.3178957
	speed: 0.0007s/iter; left time: 199.9474s
Epoch: 6 cost time: 2.2013487815856934
Epoch: 6, Steps: 2874 | Train Loss: 0.2503262 Vali Loss: 0.0503497 Test Loss: 0.7956470
EarlyStopping counter: 4 out of 7
Updating learning rate to 2.5e-06
	iters: 100, epoch: 7 | loss: 0.0706188
	speed: 0.0086s/iter; left time: 2327.0704s
	iters: 200, epoch: 7 | loss: 0.0081468
	speed: 0.0007s/iter; left time: 200.4347s
	iters: 300, epoch: 7 | loss: 0.1402784
	speed: 0.0007s/iter; left time: 201.3757s
	iters: 400, epoch: 7 | loss: 0.4371491
	speed: 0.0007s/iter; left time: 200.6888s
	iters: 500, epoch: 7 | loss: 0.0018700
	speed: 0.0007s/iter; left time: 200.4041s
	iters: 600, epoch: 7 | loss: 0.0086437
	speed: 0.0007s/iter; left time: 199.4127s
	iters: 700, epoch: 7 | loss: 0.0115934
	speed: 0.0007s/iter; left time: 199.0612s
	iters: 800, epoch: 7 | loss: 0.7616464
	speed: 0.0007s/iter; left time: 199.5621s
	iters: 900, epoch: 7 | loss: 0.4675294
	speed: 0.0007s/iter; left time: 199.9528s
	iters: 1000, epoch: 7 | loss: 0.0563255
	speed: 0.0007s/iter; left time: 199.3998s
	iters: 1100, epoch: 7 | loss: 0.2297921
	speed: 0.0008s/iter; left time: 203.1701s
	iters: 1200, epoch: 7 | loss: 0.4147354
	speed: 0.0007s/iter; left time: 199.9968s
	iters: 1300, epoch: 7 | loss: 0.1571053
	speed: 0.0007s/iter; left time: 200.3769s
	iters: 1400, epoch: 7 | loss: 0.3799327
	speed: 0.0007s/iter; left time: 198.8638s
	iters: 1500, epoch: 7 | loss: 0.1548721
	speed: 0.0007s/iter; left time: 199.2549s
	iters: 1600, epoch: 7 | loss: 0.0134194
	speed: 0.0007s/iter; left time: 198.8049s
	iters: 1700, epoch: 7 | loss: 0.4243249
	speed: 0.0008s/iter; left time: 206.6636s
	iters: 1800, epoch: 7 | loss: 0.0070498
	speed: 0.0008s/iter; left time: 211.7096s
	iters: 1900, epoch: 7 | loss: 0.0264247
	speed: 0.0008s/iter; left time: 213.4337s
	iters: 2000, epoch: 7 | loss: 0.2397618
	speed: 0.0008s/iter; left time: 202.5628s
	iters: 2100, epoch: 7 | loss: 0.0089771
	speed: 0.0007s/iter; left time: 200.0369s
	iters: 2200, epoch: 7 | loss: 0.2425658
	speed: 0.0007s/iter; left time: 199.2928s
	iters: 2300, epoch: 7 | loss: 0.0484655
	speed: 0.0007s/iter; left time: 199.7306s
	iters: 2400, epoch: 7 | loss: 0.0052766
	speed: 0.0007s/iter; left time: 199.4147s
	iters: 2500, epoch: 7 | loss: 0.3913264
	speed: 0.0007s/iter; left time: 198.9950s
	iters: 2600, epoch: 7 | loss: 0.0528622
	speed: 0.0007s/iter; left time: 198.5488s
	iters: 2700, epoch: 7 | loss: 0.0143103
	speed: 0.0007s/iter; left time: 198.5256s
	iters: 2800, epoch: 7 | loss: 0.1872774
	speed: 0.0007s/iter; left time: 198.3117s
Epoch: 7 cost time: 2.2160117626190186
Epoch: 7, Steps: 2874 | Train Loss: 0.2496546 Vali Loss: 0.0502138 Test Loss: 0.7957962
EarlyStopping counter: 5 out of 7
Updating learning rate to 1.25e-06
	iters: 100, epoch: 8 | loss: 0.1249876
	speed: 0.0091s/iter; left time: 2430.9005s
	iters: 200, epoch: 8 | loss: 0.3915047
	speed: 0.0007s/iter; left time: 199.0114s
	iters: 300, epoch: 8 | loss: 1.7366807
	speed: 0.0007s/iter; left time: 199.2686s
	iters: 400, epoch: 8 | loss: 0.3376572
	speed: 0.0007s/iter; left time: 199.2098s
	iters: 500, epoch: 8 | loss: 0.0139467
	speed: 0.0007s/iter; left time: 198.3401s
	iters: 600, epoch: 8 | loss: 0.2168697
	speed: 0.0007s/iter; left time: 198.8762s
	iters: 700, epoch: 8 | loss: 0.0440856
	speed: 0.0007s/iter; left time: 198.3433s
	iters: 800, epoch: 8 | loss: 0.0159710
	speed: 0.0007s/iter; left time: 197.4328s
	iters: 900, epoch: 8 | loss: 0.2968149
	speed: 0.0007s/iter; left time: 198.6893s
	iters: 1000, epoch: 8 | loss: 0.1754317
	speed: 0.0007s/iter; left time: 197.8827s
	iters: 1100, epoch: 8 | loss: 0.6917285
	speed: 0.0007s/iter; left time: 197.1109s
	iters: 1200, epoch: 8 | loss: 0.0899684
	speed: 0.0007s/iter; left time: 198.2156s
	iters: 1300, epoch: 8 | loss: 0.0804733
	speed: 0.0007s/iter; left time: 197.6407s
	iters: 1400, epoch: 8 | loss: 0.0299221
	speed: 0.0007s/iter; left time: 197.5804s
	iters: 1500, epoch: 8 | loss: 0.1498090
	speed: 0.0007s/iter; left time: 196.6214s
	iters: 1600, epoch: 8 | loss: 0.1051158
	speed: 0.0007s/iter; left time: 197.7206s
	iters: 1700, epoch: 8 | loss: 0.3632999
	speed: 0.0007s/iter; left time: 196.5976s
	iters: 1800, epoch: 8 | loss: 0.0071276
	speed: 0.0007s/iter; left time: 197.5540s
	iters: 1900, epoch: 8 | loss: 0.7109528
	speed: 0.0007s/iter; left time: 196.5533s
	iters: 2000, epoch: 8 | loss: 0.7689889
	speed: 0.0007s/iter; left time: 196.7000s
	iters: 2100, epoch: 8 | loss: 0.1866385
	speed: 0.0007s/iter; left time: 195.8539s
	iters: 2200, epoch: 8 | loss: 0.0676636
	speed: 0.0007s/iter; left time: 196.9220s
	iters: 2300, epoch: 8 | loss: 0.7146504
	speed: 0.0007s/iter; left time: 195.8015s
	iters: 2400, epoch: 8 | loss: 0.0325184
	speed: 0.0007s/iter; left time: 196.2708s
	iters: 2500, epoch: 8 | loss: 0.0221834
	speed: 0.0007s/iter; left time: 196.5565s
	iters: 2600, epoch: 8 | loss: 0.3819257
	speed: 0.0007s/iter; left time: 198.0725s
	iters: 2700, epoch: 8 | loss: 0.1035409
	speed: 0.0007s/iter; left time: 196.4074s
	iters: 2800, epoch: 8 | loss: 0.0615257
	speed: 0.0007s/iter; left time: 196.7513s
Epoch: 8 cost time: 2.2064049243927
Epoch: 8, Steps: 2874 | Train Loss: 0.2495622 Vali Loss: 0.0492154 Test Loss: 0.7973933
EarlyStopping counter: 6 out of 7
Updating learning rate to 6.25e-07
	iters: 100, epoch: 9 | loss: 0.3217513
	speed: 0.0094s/iter; left time: 2496.2932s
	iters: 200, epoch: 9 | loss: 0.1535327
	speed: 0.0007s/iter; left time: 196.5134s
	iters: 300, epoch: 9 | loss: 0.1511147
	speed: 0.0007s/iter; left time: 196.2325s
	iters: 400, epoch: 9 | loss: 0.0062221
	speed: 0.0007s/iter; left time: 195.8995s
	iters: 500, epoch: 9 | loss: 0.1705795
	speed: 0.0008s/iter; left time: 203.3229s
	iters: 600, epoch: 9 | loss: 0.2962045
	speed: 0.0007s/iter; left time: 195.2341s
	iters: 700, epoch: 9 | loss: 0.2202021
	speed: 0.0007s/iter; left time: 195.4235s
	iters: 800, epoch: 9 | loss: 0.5228916
	speed: 0.0007s/iter; left time: 195.3419s
	iters: 900, epoch: 9 | loss: 0.0288509
	speed: 0.0008s/iter; left time: 201.2443s
	iters: 1000, epoch: 9 | loss: 0.2618141
	speed: 0.0007s/iter; left time: 196.0911s
	iters: 1100, epoch: 9 | loss: 0.0862781
	speed: 0.0007s/iter; left time: 195.2928s
	iters: 1200, epoch: 9 | loss: 0.0759002
	speed: 0.0007s/iter; left time: 194.2064s
	iters: 1300, epoch: 9 | loss: 0.0086219
	speed: 0.0007s/iter; left time: 195.6714s
	iters: 1400, epoch: 9 | loss: 0.1280197
	speed: 0.0007s/iter; left time: 195.0026s
	iters: 1500, epoch: 9 | loss: 0.0154797
	speed: 0.0007s/iter; left time: 194.3261s
	iters: 1600, epoch: 9 | loss: 0.2297753
	speed: 0.0007s/iter; left time: 193.3254s
	iters: 1700, epoch: 9 | loss: 0.3607561
	speed: 0.0007s/iter; left time: 194.7539s
	iters: 1800, epoch: 9 | loss: 0.0420892
	speed: 0.0007s/iter; left time: 194.4305s
	iters: 1900, epoch: 9 | loss: 0.0485042
	speed: 0.0007s/iter; left time: 195.0312s
	iters: 2000, epoch: 9 | loss: 0.6572244
	speed: 0.0007s/iter; left time: 194.0729s
	iters: 2100, epoch: 9 | loss: 0.0684818
	speed: 0.0007s/iter; left time: 194.5124s
	iters: 2200, epoch: 9 | loss: 0.0040663
	speed: 0.0007s/iter; left time: 194.5301s
	iters: 2300, epoch: 9 | loss: 1.3816876
	speed: 0.0007s/iter; left time: 194.3747s
	iters: 2400, epoch: 9 | loss: 1.9398143
	speed: 0.0007s/iter; left time: 193.3597s
	iters: 2500, epoch: 9 | loss: 0.0226511
	speed: 0.0007s/iter; left time: 194.2869s
	iters: 2600, epoch: 9 | loss: 0.0308075
	speed: 0.0007s/iter; left time: 194.4400s
	iters: 2700, epoch: 9 | loss: 1.3032681
	speed: 0.0007s/iter; left time: 193.2588s
	iters: 2800, epoch: 9 | loss: 0.0228943
	speed: 0.0007s/iter; left time: 193.3103s
Epoch: 9 cost time: 2.2013468742370605
Epoch: 9, Steps: 2874 | Train Loss: 0.2494225 Vali Loss: 0.0494861 Test Loss: 0.7967747
EarlyStopping counter: 7 out of 7
Early stopping
>>>>>>>testing : Space_14_DLinear_custom_ftS_sl60_ll30_pl30_dm256_nh8_el2_dl1_df2048_fc1_ebtimeF_dtTrue_Exp_0<<<<<<<<<<<<<<<<<<<<<<<<<<<<<<<<<
test 817
mse:0.8347607851028442, mae:0.58823561668396, rse:0.8435772061347961, corr:[0.13372438 0.13929747 0.14289647 0.14422113 0.14325595 0.14269443
 0.14056319 0.13888152 0.13710086 0.13461702 0.13296628 0.1314492
 0.12905112 0.12743768 0.12560765 0.12404215 0.12209538 0.12053215
 0.11934888 0.11783092 0.1161252  0.11461598 0.11217713 0.10871015
 0.10535889 0.10281898 0.10056351 0.09818231 0.09543262 0.09306408]
