Args in experiment:
Namespace(activation='gelu', batch_size=1, c_out=7, checkpoints='./checkpoints/', d_ff=2048, d_layers=1, d_model=256, data='custom', data_path='ai_competition_noout.csv', dec_in=3, des='Exp', devices='0,1,2,3', distil=True, do_predict=False, dropout=0.05, e_layers=2, embed='timeF', embed_type=0, enc_in=1, factor=1, features='S', freq='h', gpu=0, individual=False, is_training=1, itr=1, label_len=30, learning_rate=8e-05, loss='mse', lradj='type1', model='DLinear', model_id='Space_19', moving_avg=25, n_heads=8, num_workers=10, output_attention=False, patience=10, pred_len=30, root_path='./dataset/', seq_len=60, target='OT', test_flop=False, train_epochs=100, use_amp=False, use_gpu=False, use_multi_gpu=False)
Use CPU
>>>>>>>start training : Space_19_DLinear_custom_ftS_sl60_ll30_pl30_dm256_nh8_el2_dl1_df2048_fc1_ebtimeF_dtTrue_Exp_0>>>>>>>>>>>>>>>>>>>>>>>>>>
train 2874
val 395
test 817
	iters: 100, epoch: 1 | loss: 6.7189145
	speed: 0.0054s/iter; left time: 1562.9802s
	iters: 200, epoch: 1 | loss: 17.0674801
	speed: 0.0013s/iter; left time: 361.6861s
	iters: 300, epoch: 1 | loss: 0.5425005
	speed: 0.0012s/iter; left time: 356.8638s
	iters: 400, epoch: 1 | loss: 0.3614226
	speed: 0.0012s/iter; left time: 342.7107s
	iters: 500, epoch: 1 | loss: 0.2207471
	speed: 0.0012s/iter; left time: 342.6659s
	iters: 600, epoch: 1 | loss: 0.3878846
	speed: 0.0012s/iter; left time: 342.5170s
	iters: 700, epoch: 1 | loss: 0.2273553
	speed: 0.0012s/iter; left time: 339.9327s
	iters: 800, epoch: 1 | loss: 0.1665638
	speed: 0.0012s/iter; left time: 342.0493s
	iters: 900, epoch: 1 | loss: 0.2122314
	speed: 0.0012s/iter; left time: 344.0195s
	iters: 1000, epoch: 1 | loss: 0.1402303
	speed: 0.0012s/iter; left time: 346.9981s
	iters: 1100, epoch: 1 | loss: 0.6091465
	speed: 0.0012s/iter; left time: 340.8100s
	iters: 1200, epoch: 1 | loss: 0.1483898
	speed: 0.0012s/iter; left time: 342.5374s
	iters: 1300, epoch: 1 | loss: 0.5931244
	speed: 0.0012s/iter; left time: 340.1286s
	iters: 1400, epoch: 1 | loss: 0.3676945
	speed: 0.0013s/iter; left time: 359.0716s
	iters: 1500, epoch: 1 | loss: 0.7744113
	speed: 0.0012s/iter; left time: 350.5428s
	iters: 1600, epoch: 1 | loss: 0.1040573
	speed: 0.0012s/iter; left time: 347.3539s
	iters: 1700, epoch: 1 | loss: 2.6973364
	speed: 0.0012s/iter; left time: 341.8900s
	iters: 1800, epoch: 1 | loss: 0.1883899
	speed: 0.0012s/iter; left time: 340.5106s
	iters: 1900, epoch: 1 | loss: 0.1051326
	speed: 0.0012s/iter; left time: 342.7404s
	iters: 2000, epoch: 1 | loss: 0.5377075
	speed: 0.0012s/iter; left time: 338.2111s
	iters: 2100, epoch: 1 | loss: 0.1965757
	speed: 0.0012s/iter; left time: 339.5455s
	iters: 2200, epoch: 1 | loss: 0.2728159
	speed: 0.0012s/iter; left time: 337.8891s
	iters: 2300, epoch: 1 | loss: 0.0200988
	speed: 0.0012s/iter; left time: 337.9249s
	iters: 2400, epoch: 1 | loss: 0.0602706
	speed: 0.0012s/iter; left time: 336.7144s
	iters: 2500, epoch: 1 | loss: 0.0543063
	speed: 0.0012s/iter; left time: 337.8610s
	iters: 2600, epoch: 1 | loss: 0.1227822
	speed: 0.0012s/iter; left time: 336.9310s
	iters: 2700, epoch: 1 | loss: 0.0471395
	speed: 0.0012s/iter; left time: 345.1088s
	iters: 2800, epoch: 1 | loss: 0.0353019
	speed: 0.0012s/iter; left time: 340.1862s
Epoch: 1 cost time: 3.886516809463501
not here
Epoch: 1, Steps: 2874 | Train Loss: 1.0990292 Vali Loss: 0.0928119 Test Loss: 770.9204102
Validation loss decreased (inf --> 0.092812).  Saving model ...
Updating learning rate to 8e-05
	iters: 100, epoch: 2 | loss: 0.1312293
	speed: 0.0136s/iter; left time: 3881.7803s
	iters: 200, epoch: 2 | loss: 0.1409743
	speed: 0.0012s/iter; left time: 338.6480s
	iters: 300, epoch: 2 | loss: 0.2975904
	speed: 0.0012s/iter; left time: 341.6630s
	iters: 400, epoch: 2 | loss: 0.4981568
	speed: 0.0012s/iter; left time: 340.3587s
	iters: 500, epoch: 2 | loss: 0.0137026
	speed: 0.0012s/iter; left time: 338.1004s
	iters: 600, epoch: 2 | loss: 0.7368414
	speed: 0.0012s/iter; left time: 338.7645s
	iters: 700, epoch: 2 | loss: 0.0477276
	speed: 0.0016s/iter; left time: 448.6855s
	iters: 800, epoch: 2 | loss: 0.1161133
	speed: 0.0012s/iter; left time: 339.4912s
	iters: 900, epoch: 2 | loss: 0.1840074
	speed: 0.0012s/iter; left time: 339.8307s
	iters: 1000, epoch: 2 | loss: 0.0956349
	speed: 0.0012s/iter; left time: 336.5291s
	iters: 1100, epoch: 2 | loss: 0.3169785
	speed: 0.0012s/iter; left time: 336.7313s
	iters: 1200, epoch: 2 | loss: 0.8668298
	speed: 0.0012s/iter; left time: 337.4306s
	iters: 1300, epoch: 2 | loss: 0.1408275
	speed: 0.0012s/iter; left time: 337.1508s
	iters: 1400, epoch: 2 | loss: 0.4361250
	speed: 0.0012s/iter; left time: 335.1916s
	iters: 1500, epoch: 2 | loss: 0.0277031
	speed: 0.0012s/iter; left time: 336.9376s
	iters: 1600, epoch: 2 | loss: 0.0170808
	speed: 0.0012s/iter; left time: 335.0479s
	iters: 1700, epoch: 2 | loss: 0.0497107
	speed: 0.0012s/iter; left time: 352.6571s
	iters: 1800, epoch: 2 | loss: 0.4334314
	speed: 0.0018s/iter; left time: 496.8368s
	iters: 1900, epoch: 2 | loss: 0.0094328
	speed: 0.0012s/iter; left time: 343.5219s
	iters: 2000, epoch: 2 | loss: 0.0592670
	speed: 0.0012s/iter; left time: 340.0640s
	iters: 2100, epoch: 2 | loss: 0.0192406
	speed: 0.0012s/iter; left time: 336.8590s
	iters: 2200, epoch: 2 | loss: 0.1057887
	speed: 0.0012s/iter; left time: 339.6422s
	iters: 2300, epoch: 2 | loss: 0.0325933
	speed: 0.0012s/iter; left time: 336.4845s
	iters: 2400, epoch: 2 | loss: 0.0290288
	speed: 0.0012s/iter; left time: 334.6931s
	iters: 2500, epoch: 2 | loss: 0.0087614
	speed: 0.0012s/iter; left time: 334.1394s
	iters: 2600, epoch: 2 | loss: 0.0808937
	speed: 0.0012s/iter; left time: 335.7182s
	iters: 2700, epoch: 2 | loss: 0.4824672
	speed: 0.0012s/iter; left time: 335.5326s
	iters: 2800, epoch: 2 | loss: 0.0397203
	speed: 0.0012s/iter; left time: 335.4249s
Epoch: 2 cost time: 3.6117618083953857
not here
Epoch: 2, Steps: 2874 | Train Loss: 0.2686454 Vali Loss: 0.0432738 Test Loss: 765.5139160
Validation loss decreased (0.092812 --> 0.043274).  Saving model ...
Updating learning rate to 4e-05
	iters: 100, epoch: 3 | loss: 0.0138017
	speed: 0.0138s/iter; left time: 3875.6412s
	iters: 200, epoch: 3 | loss: 0.2185701
	speed: 0.0012s/iter; left time: 334.9793s
	iters: 300, epoch: 3 | loss: 0.0614552
	speed: 0.0012s/iter; left time: 337.2188s
	iters: 400, epoch: 3 | loss: 0.0154048
	speed: 0.0012s/iter; left time: 334.0419s
	iters: 500, epoch: 3 | loss: 0.8085327
	speed: 0.0012s/iter; left time: 333.2367s
	iters: 600, epoch: 3 | loss: 0.1595729
	speed: 0.0012s/iter; left time: 333.6998s
	iters: 700, epoch: 3 | loss: 0.3234392
	speed: 0.0012s/iter; left time: 333.8791s
	iters: 800, epoch: 3 | loss: 0.1001639
	speed: 0.0012s/iter; left time: 333.4121s
	iters: 900, epoch: 3 | loss: 0.0448645
	speed: 0.0012s/iter; left time: 332.4172s
	iters: 1000, epoch: 3 | loss: 0.2008461
	speed: 0.0012s/iter; left time: 334.2158s
	iters: 1100, epoch: 3 | loss: 0.3284723
	speed: 0.0012s/iter; left time: 331.8406s
	iters: 1200, epoch: 3 | loss: 0.0934245
	speed: 0.0012s/iter; left time: 332.0593s
	iters: 1300, epoch: 3 | loss: 0.0118602
	speed: 0.0012s/iter; left time: 331.6495s
	iters: 1400, epoch: 3 | loss: 0.1170057
	speed: 0.0012s/iter; left time: 332.5000s
	iters: 1500, epoch: 3 | loss: 0.1669226
	speed: 0.0012s/iter; left time: 332.7548s
	iters: 1600, epoch: 3 | loss: 0.0679041
	speed: 0.0012s/iter; left time: 331.9716s
	iters: 1700, epoch: 3 | loss: 0.1136167
	speed: 0.0012s/iter; left time: 332.0633s
	iters: 1800, epoch: 3 | loss: 0.5125457
	speed: 0.0012s/iter; left time: 332.2336s
	iters: 1900, epoch: 3 | loss: 0.1820410
	speed: 0.0012s/iter; left time: 332.2170s
	iters: 2000, epoch: 3 | loss: 0.2962021
	speed: 0.0012s/iter; left time: 344.4370s
	iters: 2100, epoch: 3 | loss: 0.7693370
	speed: 0.0012s/iter; left time: 341.2925s
	iters: 2200, epoch: 3 | loss: 0.3033610
	speed: 0.0012s/iter; left time: 334.0807s
	iters: 2300, epoch: 3 | loss: 0.0053803
	speed: 0.0012s/iter; left time: 339.5891s
	iters: 2400, epoch: 3 | loss: 0.2969242
	speed: 0.0012s/iter; left time: 335.5673s
	iters: 2500, epoch: 3 | loss: 0.1890596
	speed: 0.0012s/iter; left time: 334.3557s
	iters: 2600, epoch: 3 | loss: 0.0512258
	speed: 0.0012s/iter; left time: 333.3178s
	iters: 2700, epoch: 3 | loss: 0.1219954
	speed: 0.0012s/iter; left time: 331.5609s
	iters: 2800, epoch: 3 | loss: 0.1433561
	speed: 0.0012s/iter; left time: 332.2392s
Epoch: 3 cost time: 3.5136780738830566
not here
Epoch: 3, Steps: 2874 | Train Loss: 0.2564526 Vali Loss: 0.0518313 Test Loss: 735.8045654
EarlyStopping counter: 1 out of 10
Updating learning rate to 2e-05
	iters: 100, epoch: 4 | loss: 0.2781869
	speed: 0.0138s/iter; left time: 3851.7928s
	iters: 200, epoch: 4 | loss: 0.0561299
	speed: 0.0014s/iter; left time: 378.0602s
	iters: 300, epoch: 4 | loss: 0.3760472
	speed: 0.0012s/iter; left time: 332.9017s
	iters: 400, epoch: 4 | loss: 0.3194798
	speed: 0.0012s/iter; left time: 331.9870s
	iters: 500, epoch: 4 | loss: 0.0794396
	speed: 0.0012s/iter; left time: 332.3349s
	iters: 600, epoch: 4 | loss: 0.0076420
	speed: 0.0012s/iter; left time: 330.9971s
	iters: 700, epoch: 4 | loss: 0.3645054
	speed: 0.0012s/iter; left time: 329.7358s
	iters: 800, epoch: 4 | loss: 0.0684458
	speed: 0.0012s/iter; left time: 330.0473s
	iters: 900, epoch: 4 | loss: 0.0584108
	speed: 0.0012s/iter; left time: 330.8819s
	iters: 1000, epoch: 4 | loss: 0.1871600
	speed: 0.0012s/iter; left time: 331.2655s
	iters: 1100, epoch: 4 | loss: 0.5040757
	speed: 0.0012s/iter; left time: 328.7212s
	iters: 1200, epoch: 4 | loss: 0.1706294
	speed: 0.0012s/iter; left time: 329.8589s
	iters: 1300, epoch: 4 | loss: 1.2890477
	speed: 0.0012s/iter; left time: 333.0135s
	iters: 1400, epoch: 4 | loss: 0.0188867
	speed: 0.0012s/iter; left time: 329.7509s
	iters: 1500, epoch: 4 | loss: 0.0103980
	speed: 0.0012s/iter; left time: 328.9412s
	iters: 1600, epoch: 4 | loss: 0.1361401
	speed: 0.0012s/iter; left time: 330.3610s
	iters: 1700, epoch: 4 | loss: 0.2123812
	speed: 0.0012s/iter; left time: 328.9926s
	iters: 1800, epoch: 4 | loss: 0.0357057
	speed: 0.0012s/iter; left time: 329.2556s
	iters: 1900, epoch: 4 | loss: 0.0134101
	speed: 0.0012s/iter; left time: 329.8265s
	iters: 2000, epoch: 4 | loss: 0.0387079
	speed: 0.0012s/iter; left time: 327.7092s
	iters: 2100, epoch: 4 | loss: 0.0121018
	speed: 0.0012s/iter; left time: 328.6753s
	iters: 2200, epoch: 4 | loss: 0.0140922
	speed: 0.0012s/iter; left time: 329.8101s
	iters: 2300, epoch: 4 | loss: 0.3001061
	speed: 0.0012s/iter; left time: 327.6849s
	iters: 2400, epoch: 4 | loss: 0.0167356
	speed: 0.0012s/iter; left time: 327.7298s
	iters: 2500, epoch: 4 | loss: 0.5707213
	speed: 0.0012s/iter; left time: 328.4024s
	iters: 2600, epoch: 4 | loss: 0.0316011
	speed: 0.0012s/iter; left time: 329.2462s
	iters: 2700, epoch: 4 | loss: 1.6284544
	speed: 0.0012s/iter; left time: 329.3731s
	iters: 2800, epoch: 4 | loss: 0.1046730
	speed: 0.0012s/iter; left time: 326.9193s
Epoch: 4 cost time: 3.5237112045288086
not here
Epoch: 4, Steps: 2874 | Train Loss: 0.2526294 Vali Loss: 0.0606808 Test Loss: 712.5734253
EarlyStopping counter: 2 out of 10
Updating learning rate to 1e-05
	iters: 100, epoch: 5 | loss: 0.1014664
	speed: 0.0137s/iter; left time: 3788.5344s
	iters: 200, epoch: 5 | loss: 0.7690637
	speed: 0.0012s/iter; left time: 328.1552s
	iters: 300, epoch: 5 | loss: 0.0121356
	speed: 0.0012s/iter; left time: 327.5283s
	iters: 400, epoch: 5 | loss: 0.0348436
	speed: 0.0012s/iter; left time: 327.9940s
	iters: 500, epoch: 5 | loss: 0.0282307
	speed: 0.0012s/iter; left time: 329.0484s
	iters: 600, epoch: 5 | loss: 0.1292309
	speed: 0.0012s/iter; left time: 326.5804s
	iters: 700, epoch: 5 | loss: 0.0343451
	speed: 0.0012s/iter; left time: 325.7190s
	iters: 800, epoch: 5 | loss: 0.1713516
	speed: 0.0012s/iter; left time: 327.5159s
	iters: 900, epoch: 5 | loss: 0.1286172
	speed: 0.0012s/iter; left time: 326.1412s
	iters: 1000, epoch: 5 | loss: 0.1147229
	speed: 0.0012s/iter; left time: 330.8787s
	iters: 1100, epoch: 5 | loss: 0.0165806
	speed: 0.0012s/iter; left time: 325.4487s
	iters: 1200, epoch: 5 | loss: 0.0395245
	speed: 0.0012s/iter; left time: 326.8464s
	iters: 1300, epoch: 5 | loss: 0.0809672
	speed: 0.0012s/iter; left time: 327.7495s
	iters: 1400, epoch: 5 | loss: 0.2658909
	speed: 0.0012s/iter; left time: 326.1752s
	iters: 1500, epoch: 5 | loss: 0.0404854
	speed: 0.0012s/iter; left time: 324.0806s
	iters: 1600, epoch: 5 | loss: 0.4543802
	speed: 0.0012s/iter; left time: 326.8695s
	iters: 1700, epoch: 5 | loss: 0.4994961
	speed: 0.0012s/iter; left time: 324.5799s
	iters: 1800, epoch: 5 | loss: 0.0968408
	speed: 0.0012s/iter; left time: 325.5052s
	iters: 1900, epoch: 5 | loss: 0.0765861
	speed: 0.0012s/iter; left time: 325.0794s
	iters: 2000, epoch: 5 | loss: 0.2054421
	speed: 0.0012s/iter; left time: 324.2959s
	iters: 2100, epoch: 5 | loss: 0.1167403
	speed: 0.0012s/iter; left time: 325.3950s
	iters: 2200, epoch: 5 | loss: 0.5201424
	speed: 0.0012s/iter; left time: 326.6583s
	iters: 2300, epoch: 5 | loss: 0.0345334
	speed: 0.0012s/iter; left time: 323.3928s
	iters: 2400, epoch: 5 | loss: 0.4291309
	speed: 0.0012s/iter; left time: 325.5178s
	iters: 2500, epoch: 5 | loss: 0.0398905
	speed: 0.0012s/iter; left time: 325.7449s
	iters: 2600, epoch: 5 | loss: 0.0106736
	speed: 0.0012s/iter; left time: 325.1045s
	iters: 2700, epoch: 5 | loss: 0.0696303
	speed: 0.0012s/iter; left time: 324.7614s
	iters: 2800, epoch: 5 | loss: 0.0808692
	speed: 0.0012s/iter; left time: 322.4600s
Epoch: 5 cost time: 3.502134084701538
not here
Epoch: 5, Steps: 2874 | Train Loss: 0.2509576 Vali Loss: 0.0517391 Test Loss: 725.6126099
EarlyStopping counter: 3 out of 10
Updating learning rate to 5e-06
	iters: 100, epoch: 6 | loss: 0.0062420
	speed: 0.0137s/iter; left time: 3749.2893s
	iters: 200, epoch: 6 | loss: 0.0132310
	speed: 0.0012s/iter; left time: 331.0825s
	iters: 300, epoch: 6 | loss: 0.2466244
	speed: 0.0012s/iter; left time: 326.8900s
	iters: 400, epoch: 6 | loss: 0.1354675
	speed: 0.0012s/iter; left time: 325.4994s
	iters: 500, epoch: 6 | loss: 0.1071106
	speed: 0.0012s/iter; left time: 324.4235s
	iters: 600, epoch: 6 | loss: 0.1245740
	speed: 0.0012s/iter; left time: 323.8388s
	iters: 700, epoch: 6 | loss: 0.0012888
	speed: 0.0012s/iter; left time: 322.5103s
	iters: 800, epoch: 6 | loss: 0.1376434
	speed: 0.0012s/iter; left time: 324.0203s
	iters: 900, epoch: 6 | loss: 0.0162384
	speed: 0.0012s/iter; left time: 328.2250s
	iters: 1000, epoch: 6 | loss: 0.1228751
	speed: 0.0012s/iter; left time: 323.5916s
	iters: 1100, epoch: 6 | loss: 2.3243668
	speed: 0.0012s/iter; left time: 323.1653s
	iters: 1200, epoch: 6 | loss: 0.2779174
	speed: 0.0012s/iter; left time: 324.0549s
	iters: 1300, epoch: 6 | loss: 0.1016817
	speed: 0.0012s/iter; left time: 324.1372s
	iters: 1400, epoch: 6 | loss: 0.0117574
	speed: 0.0012s/iter; left time: 322.3581s
	iters: 1500, epoch: 6 | loss: 0.3014036
	speed: 0.0012s/iter; left time: 322.9560s
	iters: 1600, epoch: 6 | loss: 0.3185636
	speed: 0.0012s/iter; left time: 322.8410s
	iters: 1700, epoch: 6 | loss: 0.2091085
	speed: 0.0012s/iter; left time: 322.3630s
	iters: 1800, epoch: 6 | loss: 1.3757408
	speed: 0.0012s/iter; left time: 322.2985s
	iters: 1900, epoch: 6 | loss: 0.3679399
	speed: 0.0012s/iter; left time: 321.1331s
	iters: 2000, epoch: 6 | loss: 0.0106737
	speed: 0.0012s/iter; left time: 321.7081s
	iters: 2100, epoch: 6 | loss: 0.1342492
	speed: 0.0012s/iter; left time: 321.2347s
	iters: 2200, epoch: 6 | loss: 0.0380825
	speed: 0.0012s/iter; left time: 322.5329s
	iters: 2300, epoch: 6 | loss: 0.0536012
	speed: 0.0012s/iter; left time: 322.0239s
	iters: 2400, epoch: 6 | loss: 0.1269937
	speed: 0.0012s/iter; left time: 322.6050s
	iters: 2500, epoch: 6 | loss: 0.0870075
	speed: 0.0012s/iter; left time: 321.0101s
	iters: 2600, epoch: 6 | loss: 0.0048131
	speed: 0.0012s/iter; left time: 321.9695s
	iters: 2700, epoch: 6 | loss: 0.0505781
	speed: 0.0014s/iter; left time: 369.7066s
	iters: 2800, epoch: 6 | loss: 0.3178957
	speed: 0.0012s/iter; left time: 321.6611s
Epoch: 6 cost time: 3.526397943496704
not here
Epoch: 6, Steps: 2874 | Train Loss: 0.2503262 Vali Loss: 0.0503497 Test Loss: 725.9362793
EarlyStopping counter: 4 out of 10
Updating learning rate to 2.5e-06
	iters: 100, epoch: 7 | loss: 0.0706188
	speed: 0.0137s/iter; left time: 3698.3679s
	iters: 200, epoch: 7 | loss: 0.0081468
	speed: 0.0012s/iter; left time: 320.6765s
	iters: 300, epoch: 7 | loss: 0.1402784
	speed: 0.0012s/iter; left time: 320.7945s
	iters: 400, epoch: 7 | loss: 0.4371491
	speed: 0.0012s/iter; left time: 329.5215s
	iters: 500, epoch: 7 | loss: 0.0018700
	speed: 0.0012s/iter; left time: 327.8654s
	iters: 600, epoch: 7 | loss: 0.0086437
	speed: 0.0012s/iter; left time: 321.9128s
	iters: 700, epoch: 7 | loss: 0.0115934
	speed: 0.0012s/iter; left time: 318.5999s
	iters: 800, epoch: 7 | loss: 0.7616464
	speed: 0.0012s/iter; left time: 320.0768s
	iters: 900, epoch: 7 | loss: 0.4675294
	speed: 0.0012s/iter; left time: 319.2981s
	iters: 1000, epoch: 7 | loss: 0.0563255
	speed: 0.0012s/iter; left time: 319.7692s
	iters: 1100, epoch: 7 | loss: 0.2297921
	speed: 0.0012s/iter; left time: 321.6249s
	iters: 1200, epoch: 7 | loss: 0.4147354
	speed: 0.0012s/iter; left time: 319.9536s
	iters: 1300, epoch: 7 | loss: 0.1571053
	speed: 0.0012s/iter; left time: 319.9936s
	iters: 1400, epoch: 7 | loss: 0.3799327
	speed: 0.0012s/iter; left time: 317.2647s
	iters: 1500, epoch: 7 | loss: 0.1548721
	speed: 0.0012s/iter; left time: 317.9556s
	iters: 1600, epoch: 7 | loss: 0.0134194
	speed: 0.0012s/iter; left time: 317.6650s
	iters: 1700, epoch: 7 | loss: 0.4243249
	speed: 0.0012s/iter; left time: 318.6643s
	iters: 1800, epoch: 7 | loss: 0.0070498
	speed: 0.0012s/iter; left time: 317.9250s
	iters: 1900, epoch: 7 | loss: 0.0264247
	speed: 0.0012s/iter; left time: 318.3252s
	iters: 2000, epoch: 7 | loss: 0.2397618
	speed: 0.0012s/iter; left time: 317.1197s
	iters: 2100, epoch: 7 | loss: 0.0089771
	speed: 0.0012s/iter; left time: 318.8970s
	iters: 2200, epoch: 7 | loss: 0.2425658
	speed: 0.0012s/iter; left time: 316.9074s
	iters: 2300, epoch: 7 | loss: 0.0484655
	speed: 0.0012s/iter; left time: 316.3440s
	iters: 2400, epoch: 7 | loss: 0.0052766
	speed: 0.0012s/iter; left time: 317.6029s
	iters: 2500, epoch: 7 | loss: 0.3913264
	speed: 0.0012s/iter; left time: 317.7408s
	iters: 2600, epoch: 7 | loss: 0.0528622
	speed: 0.0012s/iter; left time: 317.0946s
	iters: 2700, epoch: 7 | loss: 0.0143103
	speed: 0.0012s/iter; left time: 315.8079s
	iters: 2800, epoch: 7 | loss: 0.1872774
	speed: 0.0012s/iter; left time: 316.4917s
Epoch: 7 cost time: 3.49904727935791
not here
Epoch: 7, Steps: 2874 | Train Loss: 0.2496546 Vali Loss: 0.0502138 Test Loss: 725.9576416
EarlyStopping counter: 5 out of 10
Updating learning rate to 1.25e-06
	iters: 100, epoch: 8 | loss: 0.1249876
	speed: 0.0143s/iter; left time: 3819.7743s
	iters: 200, epoch: 8 | loss: 0.3915047
	speed: 0.0012s/iter; left time: 317.9942s
	iters: 300, epoch: 8 | loss: 1.7366807
	speed: 0.0012s/iter; left time: 317.6244s
	iters: 400, epoch: 8 | loss: 0.3376572
	speed: 0.0012s/iter; left time: 317.7879s
	iters: 500, epoch: 8 | loss: 0.0139467
	speed: 0.0012s/iter; left time: 317.9074s
	iters: 600, epoch: 8 | loss: 0.2168697
	speed: 0.0012s/iter; left time: 316.7715s
	iters: 700, epoch: 8 | loss: 0.0440856
	speed: 0.0012s/iter; left time: 315.8468s
	iters: 800, epoch: 8 | loss: 0.0159710
	speed: 0.0012s/iter; left time: 323.9789s
	iters: 900, epoch: 8 | loss: 0.2968149
	speed: 0.0012s/iter; left time: 317.4085s
	iters: 1000, epoch: 8 | loss: 0.1754317
	speed: 0.0012s/iter; left time: 316.9357s
	iters: 1100, epoch: 8 | loss: 0.6917285
	speed: 0.0012s/iter; left time: 316.4733s
	iters: 1200, epoch: 8 | loss: 0.0899684
	speed: 0.0012s/iter; left time: 315.1834s
	iters: 1300, epoch: 8 | loss: 0.0804733
	speed: 0.0012s/iter; left time: 315.6927s
	iters: 1400, epoch: 8 | loss: 0.0299221
	speed: 0.0012s/iter; left time: 316.9839s
	iters: 1500, epoch: 8 | loss: 0.1498090
	speed: 0.0012s/iter; left time: 314.6632s
	iters: 1600, epoch: 8 | loss: 0.1051158
	speed: 0.0012s/iter; left time: 316.3483s
	iters: 1700, epoch: 8 | loss: 0.3632999
	speed: 0.0012s/iter; left time: 315.0584s
	iters: 1800, epoch: 8 | loss: 0.0071276
	speed: 0.0012s/iter; left time: 315.3670s
	iters: 1900, epoch: 8 | loss: 0.7109528
	speed: 0.0012s/iter; left time: 314.5130s
	iters: 2000, epoch: 8 | loss: 0.7689889
	speed: 0.0012s/iter; left time: 314.7297s
	iters: 2100, epoch: 8 | loss: 0.1866385
	speed: 0.0012s/iter; left time: 313.2492s
	iters: 2200, epoch: 8 | loss: 0.0676636
	speed: 0.0012s/iter; left time: 314.2320s
	iters: 2300, epoch: 8 | loss: 0.7146504
	speed: 0.0012s/iter; left time: 313.1039s
	iters: 2400, epoch: 8 | loss: 0.0325184
	speed: 0.0012s/iter; left time: 312.4187s
	iters: 2500, epoch: 8 | loss: 0.0221834
	speed: 0.0012s/iter; left time: 313.3310s
	iters: 2600, epoch: 8 | loss: 0.3819257
	speed: 0.0012s/iter; left time: 315.6081s
	iters: 2700, epoch: 8 | loss: 0.1035409
	speed: 0.0012s/iter; left time: 314.3250s
	iters: 2800, epoch: 8 | loss: 0.0615257
	speed: 0.0012s/iter; left time: 313.6898s
Epoch: 8 cost time: 3.5022220611572266
not here
Epoch: 8, Steps: 2874 | Train Loss: 0.2495622 Vali Loss: 0.0492154 Test Loss: 727.8715820
EarlyStopping counter: 6 out of 10
Updating learning rate to 6.25e-07
	iters: 100, epoch: 9 | loss: 0.3217513
	speed: 0.0137s/iter; left time: 3617.8248s
	iters: 200, epoch: 9 | loss: 0.1535327
	speed: 0.0012s/iter; left time: 315.3913s
	iters: 300, epoch: 9 | loss: 0.1511147
	speed: 0.0012s/iter; left time: 314.7650s
	iters: 400, epoch: 9 | loss: 0.0062221
	speed: 0.0012s/iter; left time: 314.4740s
	iters: 500, epoch: 9 | loss: 0.1705795
	speed: 0.0012s/iter; left time: 313.6690s
	iters: 600, epoch: 9 | loss: 0.2962045
	speed: 0.0012s/iter; left time: 314.5188s
	iters: 700, epoch: 9 | loss: 0.2202021
	speed: 0.0012s/iter; left time: 313.1094s
	iters: 800, epoch: 9 | loss: 0.5228916
	speed: 0.0012s/iter; left time: 315.6216s
	iters: 900, epoch: 9 | loss: 0.0288509
	speed: 0.0012s/iter; left time: 314.8535s
	iters: 1000, epoch: 9 | loss: 0.2618141
	speed: 0.0012s/iter; left time: 312.1711s
	iters: 1100, epoch: 9 | loss: 0.0862781
	speed: 0.0012s/iter; left time: 315.5022s
	iters: 1200, epoch: 9 | loss: 0.0759002
	speed: 0.0012s/iter; left time: 315.5405s
	iters: 1300, epoch: 9 | loss: 0.0086219
	speed: 0.0012s/iter; left time: 313.1416s
	iters: 1400, epoch: 9 | loss: 0.1280197
	speed: 0.0012s/iter; left time: 311.9497s
	iters: 1500, epoch: 9 | loss: 0.0154797
	speed: 0.0012s/iter; left time: 312.3545s
	iters: 1600, epoch: 9 | loss: 0.2297753
	speed: 0.0012s/iter; left time: 311.5396s
	iters: 1700, epoch: 9 | loss: 0.3607561
	speed: 0.0012s/iter; left time: 311.9741s
	iters: 1800, epoch: 9 | loss: 0.0420892
	speed: 0.0012s/iter; left time: 311.3081s
	iters: 1900, epoch: 9 | loss: 0.0485042
	speed: 0.0012s/iter; left time: 310.3772s
	iters: 2000, epoch: 9 | loss: 0.6572244
	speed: 0.0012s/iter; left time: 310.9071s
	iters: 2100, epoch: 9 | loss: 0.0684818
	speed: 0.0012s/iter; left time: 310.0181s
	iters: 2200, epoch: 9 | loss: 0.0040663
	speed: 0.0012s/iter; left time: 310.9771s
	iters: 2300, epoch: 9 | loss: 1.3816876
	speed: 0.0012s/iter; left time: 310.1723s
	iters: 2400, epoch: 9 | loss: 1.9398143
	speed: 0.0012s/iter; left time: 308.2224s
	iters: 2500, epoch: 9 | loss: 0.0226511
	speed: 0.0012s/iter; left time: 307.7170s
	iters: 2600, epoch: 9 | loss: 0.0308075
	speed: 0.0012s/iter; left time: 309.9634s
	iters: 2700, epoch: 9 | loss: 1.3032681
	speed: 0.0012s/iter; left time: 309.1724s
	iters: 2800, epoch: 9 | loss: 0.0228943
	speed: 0.0012s/iter; left time: 308.6376s
Epoch: 9 cost time: 3.4971890449523926
not here
Epoch: 9, Steps: 2874 | Train Loss: 0.2494225 Vali Loss: 0.0494861 Test Loss: 727.1739502
EarlyStopping counter: 7 out of 10
Updating learning rate to 3.125e-07
	iters: 100, epoch: 10 | loss: 0.1108176
	speed: 0.0138s/iter; left time: 3598.3814s
	iters: 200, epoch: 10 | loss: 0.4664122
	speed: 0.0012s/iter; left time: 310.8945s
	iters: 300, epoch: 10 | loss: 0.0276172
	speed: 0.0012s/iter; left time: 311.4893s
	iters: 400, epoch: 10 | loss: 0.5710624
	speed: 0.0012s/iter; left time: 310.7138s
	iters: 500, epoch: 10 | loss: 0.8549528
	speed: 0.0012s/iter; left time: 309.1435s
	iters: 600, epoch: 10 | loss: 0.8265380
	speed: 0.0012s/iter; left time: 310.4105s
	iters: 700, epoch: 10 | loss: 0.0068733
	speed: 0.0012s/iter; left time: 309.5702s
	iters: 800, epoch: 10 | loss: 0.0262726
	speed: 0.0012s/iter; left time: 311.1666s
	iters: 900, epoch: 10 | loss: 0.5162154
	speed: 0.0012s/iter; left time: 312.8301s
	iters: 1000, epoch: 10 | loss: 0.4581929
	speed: 0.0012s/iter; left time: 311.1956s
	iters: 1100, epoch: 10 | loss: 0.0556035
	speed: 0.0012s/iter; left time: 307.6623s
	iters: 1200, epoch: 10 | loss: 0.0720065
	speed: 0.0012s/iter; left time: 309.4603s
	iters: 1300, epoch: 10 | loss: 0.1531602
	speed: 0.0012s/iter; left time: 308.9226s
	iters: 1400, epoch: 10 | loss: 0.0089262
	speed: 0.0012s/iter; left time: 307.6844s
	iters: 1500, epoch: 10 | loss: 0.0343081
	speed: 0.0012s/iter; left time: 318.7951s
	iters: 1600, epoch: 10 | loss: 0.0068903
	speed: 0.0012s/iter; left time: 307.9945s
	iters: 1700, epoch: 10 | loss: 0.0084902
	speed: 0.0012s/iter; left time: 309.3621s
	iters: 1800, epoch: 10 | loss: 0.2787596
	speed: 0.0012s/iter; left time: 307.7110s
	iters: 1900, epoch: 10 | loss: 0.5398412
	speed: 0.0012s/iter; left time: 307.1023s
	iters: 2000, epoch: 10 | loss: 0.0111176
	speed: 0.0012s/iter; left time: 306.8535s
	iters: 2100, epoch: 10 | loss: 0.9331535
	speed: 0.0012s/iter; left time: 307.6927s
	iters: 2200, epoch: 10 | loss: 0.1921665
	speed: 0.0012s/iter; left time: 306.7982s
	iters: 2300, epoch: 10 | loss: 0.1847205
	speed: 0.0012s/iter; left time: 307.3362s
	iters: 2400, epoch: 10 | loss: 0.1748216
	speed: 0.0012s/iter; left time: 305.4606s
	iters: 2500, epoch: 10 | loss: 0.0753993
	speed: 0.0012s/iter; left time: 306.2289s
	iters: 2600, epoch: 10 | loss: 0.1136166
	speed: 0.0012s/iter; left time: 307.1670s
	iters: 2700, epoch: 10 | loss: 0.0332529
	speed: 0.0012s/iter; left time: 306.1684s
	iters: 2800, epoch: 10 | loss: 0.0448809
	speed: 0.0012s/iter; left time: 304.9971s
Epoch: 10 cost time: 3.50125789642334
not here
Epoch: 10, Steps: 2874 | Train Loss: 0.2493497 Vali Loss: 0.0495593 Test Loss: 726.9871216
EarlyStopping counter: 8 out of 10
Updating learning rate to 1.5625e-07
	iters: 100, epoch: 11 | loss: 0.4033886
	speed: 0.0138s/iter; left time: 3555.2834s
	iters: 200, epoch: 11 | loss: 1.2963452
	speed: 0.0012s/iter; left time: 308.1083s
	iters: 300, epoch: 11 | loss: 0.3241299
	speed: 0.0012s/iter; left time: 307.7384s
	iters: 400, epoch: 11 | loss: 0.0125845
	speed: 0.0012s/iter; left time: 307.2246s
	iters: 500, epoch: 11 | loss: 0.0392346
	speed: 0.0012s/iter; left time: 308.3212s
	iters: 600, epoch: 11 | loss: 0.4589020
	speed: 0.0012s/iter; left time: 305.5211s
	iters: 700, epoch: 11 | loss: 0.1608473
	speed: 0.0012s/iter; left time: 306.2385s
	iters: 800, epoch: 11 | loss: 0.0066259
	speed: 0.0012s/iter; left time: 305.5886s
	iters: 900, epoch: 11 | loss: 0.0341326
	speed: 0.0012s/iter; left time: 307.6223s
	iters: 1000, epoch: 11 | loss: 0.0193783
	speed: 0.0012s/iter; left time: 306.4254s
	iters: 1100, epoch: 11 | loss: 0.8609437
	speed: 0.0012s/iter; left time: 305.6089s
	iters: 1200, epoch: 11 | loss: 0.0950238
	speed: 0.0012s/iter; left time: 305.5160s
	iters: 1300, epoch: 11 | loss: 0.0095414
	speed: 0.0012s/iter; left time: 304.3193s
	iters: 1400, epoch: 11 | loss: 0.2926331
	speed: 0.0012s/iter; left time: 303.8042s
	iters: 1500, epoch: 11 | loss: 0.0320398
	speed: 0.0012s/iter; left time: 305.8909s
	iters: 1600, epoch: 11 | loss: 0.1155684
	speed: 0.0012s/iter; left time: 312.1753s
	iters: 1700, epoch: 11 | loss: 0.0615238
	speed: 0.0012s/iter; left time: 306.5187s
	iters: 1800, epoch: 11 | loss: 0.3179604
	speed: 0.0012s/iter; left time: 308.7161s
	iters: 1900, epoch: 11 | loss: 0.0893888
	speed: 0.0012s/iter; left time: 311.8000s
	iters: 2000, epoch: 11 | loss: 0.2701756
	speed: 0.0012s/iter; left time: 304.5845s
	iters: 2100, epoch: 11 | loss: 0.1028326
	speed: 0.0012s/iter; left time: 304.5251s
	iters: 2200, epoch: 11 | loss: 0.3311172
	speed: 0.0012s/iter; left time: 306.2353s
	iters: 2300, epoch: 11 | loss: 0.1102939
	speed: 0.0012s/iter; left time: 304.9772s
	iters: 2400, epoch: 11 | loss: 1.0786289
	speed: 0.0012s/iter; left time: 302.5219s
	iters: 2500, epoch: 11 | loss: 0.0549073
	speed: 0.0012s/iter; left time: 303.4683s
	iters: 2600, epoch: 11 | loss: 0.0099731
	speed: 0.0012s/iter; left time: 303.0025s
	iters: 2700, epoch: 11 | loss: 0.0154520
	speed: 0.0012s/iter; left time: 304.3176s
	iters: 2800, epoch: 11 | loss: 0.0277812
	speed: 0.0012s/iter; left time: 303.5283s
Epoch: 11 cost time: 3.5052809715270996
not here
Epoch: 11, Steps: 2874 | Train Loss: 0.2493119 Vali Loss: 0.0495542 Test Loss: 726.9808960
EarlyStopping counter: 9 out of 10
Updating learning rate to 7.8125e-08
	iters: 100, epoch: 12 | loss: 0.1094860
	speed: 0.0142s/iter; left time: 3635.5544s
	iters: 200, epoch: 12 | loss: 0.0251395
	speed: 0.0012s/iter; left time: 303.9516s
	iters: 300, epoch: 12 | loss: 0.5467472
	speed: 0.0012s/iter; left time: 304.3072s
	iters: 400, epoch: 12 | loss: 0.1782331
	speed: 0.0012s/iter; left time: 302.3553s
	iters: 500, epoch: 12 | loss: 0.0253129
	speed: 0.0012s/iter; left time: 304.2096s
	iters: 600, epoch: 12 | loss: 0.0088261
	speed: 0.0012s/iter; left time: 301.9932s
	iters: 700, epoch: 12 | loss: 0.0116605
	speed: 0.0012s/iter; left time: 303.1739s
	iters: 800, epoch: 12 | loss: 0.3310579
	speed: 0.0012s/iter; left time: 303.2332s
	iters: 900, epoch: 12 | loss: 0.5192645
	speed: 0.0012s/iter; left time: 304.3838s
	iters: 1000, epoch: 12 | loss: 0.1683726
	speed: 0.0012s/iter; left time: 302.2202s
	iters: 1100, epoch: 12 | loss: 0.3570590
	speed: 0.0012s/iter; left time: 301.6389s
	iters: 1200, epoch: 12 | loss: 0.5068434
	speed: 0.0012s/iter; left time: 302.7423s
	iters: 1300, epoch: 12 | loss: 0.0095096
	speed: 0.0012s/iter; left time: 302.2897s
	iters: 1400, epoch: 12 | loss: 0.4319002
	speed: 0.0012s/iter; left time: 301.0689s
	iters: 1500, epoch: 12 | loss: 0.0686222
	speed: 0.0012s/iter; left time: 302.0042s
	iters: 1600, epoch: 12 | loss: 0.6207145
	speed: 0.0012s/iter; left time: 300.5631s
	iters: 1700, epoch: 12 | loss: 0.0103681
	speed: 0.0012s/iter; left time: 300.4964s
	iters: 1800, epoch: 12 | loss: 0.0709152
	speed: 0.0012s/iter; left time: 302.5090s
	iters: 1900, epoch: 12 | loss: 0.0113125
	speed: 0.0012s/iter; left time: 301.1551s
	iters: 2000, epoch: 12 | loss: 1.3556435
	speed: 0.0012s/iter; left time: 301.0195s
	iters: 2100, epoch: 12 | loss: 0.1592841
	speed: 0.0012s/iter; left time: 300.1703s
	iters: 2200, epoch: 12 | loss: 0.2242907
	speed: 0.0012s/iter; left time: 308.8785s
	iters: 2300, epoch: 12 | loss: 0.0635909
	speed: 0.0012s/iter; left time: 300.9447s
	iters: 2400, epoch: 12 | loss: 0.0985552
	speed: 0.0012s/iter; left time: 301.0314s
	iters: 2500, epoch: 12 | loss: 0.3196294
	speed: 0.0012s/iter; left time: 301.0998s
	iters: 2600, epoch: 12 | loss: 0.1073012
	speed: 0.0012s/iter; left time: 300.3000s
	iters: 2700, epoch: 12 | loss: 0.1715536
	speed: 0.0012s/iter; left time: 299.8779s
	iters: 2800, epoch: 12 | loss: 0.3668441
	speed: 0.0012s/iter; left time: 299.6629s
Epoch: 12 cost time: 3.55342698097229
not here
Epoch: 12, Steps: 2874 | Train Loss: 0.2492950 Vali Loss: 0.0495491 Test Loss: 726.9842529
EarlyStopping counter: 10 out of 10
Early stopping
>>>>>>>testing : Space_19_DLinear_custom_ftS_sl60_ll30_pl30_dm256_nh8_el2_dl1_df2048_fc1_ebtimeF_dtTrue_Exp_0<<<<<<<<<<<<<<<<<<<<<<<<<<<<<<<<<
test 817
mse:33.349666595458984, mae:4.78257942199707, rse:1.6066228151321411, corr:[0. 0. 0. 0. 0. 0. 0. 0. 0. 0. 0. 0. 0. 0. 0. 0. 0. 0. 0. 0. 0. 0. 0. 0.
 0. 0. 0. 0. 0. 0.]
